Using downloaded and verified file: ./data/svhn/train_32x32.mat
Generating None-pertubed-dataset
Shape of preprocessed data: torch.Size([73257, 3, 32, 32])
Generating [15.0]-pertubed-dataset
Shape of preprocessed data: torch.Size([73257, 3, 32, 32])
Spliting dataset
Creating model
SDENet(
  (fe): Sequential(
    (0): Conv2d(3, 64, kernel_size=(3, 3), stride=(1, 1))
    (1): GroupNorm(16, 64, eps=1e-05, affine=True)
    (2): ReLU()
    (3): Conv2d(64, 32, kernel_size=(3, 3), stride=(2, 2))
    (4): GroupNorm(16, 32, eps=1e-05, affine=True)
    (5): ReLU()
    (6): Conv2d(32, 64, kernel_size=(3, 3), stride=(2, 2))
    (7): GroupNorm(32, 64, eps=1e-05, affine=True)
    (8): ReLU()
  )
  (flat): Flatten(start_dim=1, end_dim=-1)
  (rm): SDEBlock(
    (drift): ConvolutionDrift(
      (conv1): ConcatConv2d(
        (_layer): Conv2d(65, 64, kernel_size=(3, 3), stride=(1, 1), padding=(1, 1))
      )
      (norm1): Norm(
        (norm): GroupNorm(32, 64, eps=1e-05, affine=True)
      )
      (relu): ReLU(inplace=True)
      (conv2): ConcatConv2d(
        (_layer): Conv2d(65, 64, kernel_size=(3, 3), stride=(1, 1), padding=(1, 1))
      )
      (norm2): Norm(
        (norm): GroupNorm(32, 64, eps=1e-05, affine=True)
      )
    )
    (diffusion): ConvolutionDiffusion(
      (relu): ReLU()
      (norm1): Norm(
        (norm): GroupNorm(32, 64, eps=1e-05, affine=True)
      )
      (conv1): ConcatConv2d(
        (_layer): Conv2d(65, 64, kernel_size=(3, 3), stride=(1, 1), padding=(1, 1))
      )
      (conv2): ConcatConv2d(
        (_layer): Conv2d(65, 64, kernel_size=(3, 3), stride=(1, 1), padding=(1, 1))
      )
      (norm2): Norm(
        (norm): GroupNorm(32, 64, eps=1e-05, affine=True)
      )
      (conv3): ConcatConv2d(
        (_layer): Conv2d(65, 128, kernel_size=(3, 3), stride=(1, 1), padding=(1, 1))
      )
      (norm3): Norm(
        (norm): GroupNorm(32, 128, eps=1e-05, affine=True)
      )
    )
  )
  (fcc): Sequential(
    (0): Linear(in_features=2304, out_features=32, bias=True)
    (1): Linear(in_features=32, out_features=10, bias=True)
    (2): Softmax(dim=1)
  )
)
> Numbers of parameters in model: 338954

 > Start epoch number: 1
	 >>> Epoch(s) 0001/0200 | acc: 0.13390 | loss: 0.734036406 | val_acc: 0.18940 | val_loss: 0.734128833 | Best epochs: 0001 | Best acc: 00.189400

 > Start epoch number: 2
	 >>> Epoch(s) 0002/0200 | acc: 0.17800 | loss: 0.734306733 | val_acc: 0.18640 | val_loss: 0.732748568 | Best epochs: 0001 | Best acc: 00.189400

 > Start epoch number: 3
	 >>> Epoch(s) 0003/0200 | acc: 0.19015 | loss: 0.733564854 | val_acc: 0.19560 | val_loss: 0.733679175 | Best epochs: 0003 | Best acc: 00.195600

 > Start epoch number: 4
	 >>> Epoch(s) 0004/0200 | acc: 0.18505 | loss: 0.733362913 | val_acc: 0.19600 | val_loss: 0.731875598 | Best epochs: 0004 | Best acc: 00.196000

 > Start epoch number: 5
	 >>> Epoch(s) 0005/0200 | acc: 0.19455 | loss: 0.731457373 | val_acc: 0.22660 | val_loss: 0.729470074 | Best epochs: 0005 | Best acc: 00.226600

 > Start epoch number: 6
	 >>> Epoch(s) 0006/0200 | acc: 0.23310 | loss: 0.728535732 | val_acc: 0.25740 | val_loss: 0.726362944 | Best epochs: 0006 | Best acc: 00.257400

 > Start epoch number: 7
	 >>> Epoch(s) 0007/0200 | acc: 0.27115 | loss: 0.724955161 | val_acc: 0.29780 | val_loss: 0.722999752 | Best epochs: 0007 | Best acc: 00.297800

 > Start epoch number: 8
	 >>> Epoch(s) 0008/0200 | acc: 0.32440 | loss: 0.721864720 | val_acc: 0.35180 | val_loss: 0.719269216 | Best epochs: 0008 | Best acc: 00.351800

 > Start epoch number: 9
	 >>> Epoch(s) 0009/0200 | acc: 0.35415 | loss: 0.718668282 | val_acc: 0.38620 | val_loss: 0.716043234 | Best epochs: 0009 | Best acc: 00.386200

 > Start epoch number: 10
	 >>> Epoch(s) 0010/0200 | acc: 0.39650 | loss: 0.714759032 | val_acc: 0.40740 | val_loss: 0.713953018 | Best epochs: 0010 | Best acc: 00.407400

 > Start epoch number: 11
	 >>> Epoch(s) 0011/0200 | acc: 0.42730 | loss: 0.712341368 | val_acc: 0.43780 | val_loss: 0.711004376 | Best epochs: 0011 | Best acc: 00.437800

 > Start epoch number: 12
	 >>> Epoch(s) 0012/0200 | acc: 0.44770 | loss: 0.709938725 | val_acc: 0.45040 | val_loss: 0.709264517 | Best epochs: 0012 | Best acc: 00.450400

 > Start epoch number: 13
	 >>> Epoch(s) 0013/0200 | acc: 0.46675 | loss: 0.707690537 | val_acc: 0.47980 | val_loss: 0.706342638 | Best epochs: 0013 | Best acc: 00.479800

 > Start epoch number: 14
	 >>> Epoch(s) 0014/0200 | acc: 0.50440 | loss: 0.704951505 | val_acc: 0.52000 | val_loss: 0.704502463 | Best epochs: 0014 | Best acc: 00.520000

 > Start epoch number: 15
	 >>> Epoch(s) 0015/0200 | acc: 0.53170 | loss: 0.703191360 | val_acc: 0.54400 | val_loss: 0.702090204 | Best epochs: 0015 | Best acc: 00.544000

 > Start epoch number: 16
	 >>> Epoch(s) 0016/0200 | acc: 0.55605 | loss: 0.700619121 | val_acc: 0.56780 | val_loss: 0.699144363 | Best epochs: 0016 | Best acc: 00.567800

 > Start epoch number: 17
	 >>> Epoch(s) 0017/0200 | acc: 0.57820 | loss: 0.698240161 | val_acc: 0.58000 | val_loss: 0.698371828 | Best epochs: 0017 | Best acc: 00.580000

 > Start epoch number: 18
	 >>> Epoch(s) 0018/0200 | acc: 0.58195 | loss: 0.697397073 | val_acc: 0.58900 | val_loss: 0.696927726 | Best epochs: 0018 | Best acc: 00.589000

 > Start epoch number: 19
	 >>> Epoch(s) 0019/0200 | acc: 0.59365 | loss: 0.696139316 | val_acc: 0.59640 | val_loss: 0.695967197 | Best epochs: 0019 | Best acc: 00.596400

 > Start epoch number: 20
	 >>> Epoch(s) 0020/0200 | acc: 0.59415 | loss: 0.696481268 | val_acc: 0.59940 | val_loss: 0.695619345 | Best epochs: 0020 | Best acc: 00.599400

 > Start epoch number: 21
	 >>> Epoch(s) 0021/0200 | acc: 0.61070 | loss: 0.694655995 | val_acc: 0.60500 | val_loss: 0.694802344 | Best epochs: 0021 | Best acc: 00.605000

 > Start epoch number: 22
	 >>> Epoch(s) 0022/0200 | acc: 0.61895 | loss: 0.693452140 | val_acc: 0.61720 | val_loss: 0.693855584 | Best epochs: 0022 | Best acc: 00.617200

 > Start epoch number: 23
	 >>> Epoch(s) 0023/0200 | acc: 0.62535 | loss: 0.693092982 | val_acc: 0.61560 | val_loss: 0.693425596 | Best epochs: 0022 | Best acc: 00.617200

 > Start epoch number: 24
	 >>> Epoch(s) 0024/0200 | acc: 0.62990 | loss: 0.692320108 | val_acc: 0.63260 | val_loss: 0.692313910 | Best epochs: 0024 | Best acc: 00.632600

 > Start epoch number: 25
	 >>> Epoch(s) 0025/0200 | acc: 0.64940 | loss: 0.691012263 | val_acc: 0.65540 | val_loss: 0.692130625 | Best epochs: 0025 | Best acc: 00.655400

 > Start epoch number: 26
	 >>> Epoch(s) 0026/0200 | acc: 0.65275 | loss: 0.692591468 | val_acc: 0.64600 | val_loss: 0.692775190 | Best epochs: 0025 | Best acc: 00.655400

 > Start epoch number: 27
	 >>> Epoch(s) 0027/0200 | acc: 0.67420 | loss: 0.690641900 | val_acc: 0.68860 | val_loss: 0.690593958 | Best epochs: 0027 | Best acc: 00.688600

 > Start epoch number: 28
	 >>> Epoch(s) 0028/0200 | acc: 0.72780 | loss: 0.687802553 | val_acc: 0.72320 | val_loss: 0.687553585 | Best epochs: 0028 | Best acc: 00.723200

 > Start epoch number: 29
	 >>> Epoch(s) 0029/0200 | acc: 0.75705 | loss: 0.684776704 | val_acc: 0.75580 | val_loss: 0.684266865 | Best epochs: 0029 | Best acc: 00.755800

 > Start epoch number: 30
	 >>> Epoch(s) 0030/0200 | acc: 0.77180 | loss: 0.682887534 | val_acc: 0.76240 | val_loss: 0.682870686 | Best epochs: 0030 | Best acc: 00.762400

 > Start epoch number: 31
	 >>> Epoch(s) 0031/0200 | acc: 0.78560 | loss: 0.680797001 | val_acc: 0.77420 | val_loss: 0.680705130 | Best epochs: 0031 | Best acc: 00.774200

 > Start epoch number: 32
	 >>> Epoch(s) 0032/0200 | acc: 0.79745 | loss: 0.678511779 | val_acc: 0.78960 | val_loss: 0.679195046 | Best epochs: 0032 | Best acc: 00.789600

 > Start epoch number: 33
	 >>> Epoch(s) 0033/0200 | acc: 0.79865 | loss: 0.678701301 | val_acc: 0.74700 | val_loss: 0.683878243 | Best epochs: 0032 | Best acc: 00.789600

 > Start epoch number: 34
	 >>> Epoch(s) 0034/0200 | acc: 0.77445 | loss: 0.680733879 | val_acc: 0.77780 | val_loss: 0.680640280 | Best epochs: 0032 | Best acc: 00.789600

 > Start epoch number: 35
	 >>> Epoch(s) 0035/0200 | acc: 0.79940 | loss: 0.678733468 | val_acc: 0.78960 | val_loss: 0.678956091 | Best epochs: 0032 | Best acc: 00.789600

 > Start epoch number: 36
	 >>> Epoch(s) 0036/0200 | acc: 0.81400 | loss: 0.677157938 | val_acc: 0.79900 | val_loss: 0.678113818 | Best epochs: 0036 | Best acc: 00.799000

 > Start epoch number: 37
	 >>> Epoch(s) 0037/0200 | acc: 0.81930 | loss: 0.676274041 | val_acc: 0.80420 | val_loss: 0.677259803 | Best epochs: 0037 | Best acc: 00.804200

 > Start epoch number: 38
	 >>> Epoch(s) 0038/0200 | acc: 0.82410 | loss: 0.675582925 | val_acc: 0.80560 | val_loss: 0.677015781 | Best epochs: 0038 | Best acc: 00.805600

 > Start epoch number: 39
	 >>> Epoch(s) 0039/0200 | acc: 0.82730 | loss: 0.675409396 | val_acc: 0.79640 | val_loss: 0.678000510 | Best epochs: 0038 | Best acc: 00.805600

 > Start epoch number: 40
	 >>> Epoch(s) 0040/0200 | acc: 0.82815 | loss: 0.675345282 | val_acc: 0.80280 | val_loss: 0.677138031 | Best epochs: 0038 | Best acc: 00.805600

 > Start epoch number: 41
	 >>> Epoch(s) 0041/0200 | acc: 0.83040 | loss: 0.675378084 | val_acc: 0.80740 | val_loss: 0.676644385 | Best epochs: 0041 | Best acc: 00.807400

 > Start epoch number: 42
	 >>> Epoch(s) 0042/0200 | acc: 0.83410 | loss: 0.674758991 | val_acc: 0.79620 | val_loss: 0.677798331 | Best epochs: 0041 | Best acc: 00.807400

 > Start epoch number: 43
	 >>> Epoch(s) 0043/0200 | acc: 0.83505 | loss: 0.674444457 | val_acc: 0.80960 | val_loss: 0.676347971 | Best epochs: 0043 | Best acc: 00.809600

 > Start epoch number: 44
	 >>> Epoch(s) 0044/0200 | acc: 0.82965 | loss: 0.675328890 | val_acc: 0.78720 | val_loss: 0.678713083 | Best epochs: 0043 | Best acc: 00.809600

 > Start epoch number: 45
	 >>> Epoch(s) 0045/0200 | acc: 0.81870 | loss: 0.676050206 | val_acc: 0.80040 | val_loss: 0.677812696 | Best epochs: 0043 | Best acc: 00.809600

 > Start epoch number: 46
	 >>> Epoch(s) 0046/0200 | acc: 0.83380 | loss: 0.674875220 | val_acc: 0.80480 | val_loss: 0.676802039 | Best epochs: 0043 | Best acc: 00.809600

 > Start epoch number: 47
	 >>> Epoch(s) 0047/0200 | acc: 0.84070 | loss: 0.673903624 | val_acc: 0.81400 | val_loss: 0.675767481 | Best epochs: 0047 | Best acc: 00.814000

 > Start epoch number: 48
	 >>> Epoch(s) 0048/0200 | acc: 0.84365 | loss: 0.673348745 | val_acc: 0.80980 | val_loss: 0.675841093 | Best epochs: 0047 | Best acc: 00.814000

 > Start epoch number: 49
	 >>> Epoch(s) 0049/0200 | acc: 0.84455 | loss: 0.672975202 | val_acc: 0.81980 | val_loss: 0.675246239 | Best epochs: 0049 | Best acc: 00.819800

 > Start epoch number: 50
	 >>> Epoch(s) 0050/0200 | acc: 0.86015 | loss: 0.671794772 | val_acc: 0.82880 | val_loss: 0.674496770 | Best epochs: 0050 | Best acc: 00.828800

 > Start epoch number: 51
	 >>> Epoch(s) 0051/0200 | acc: 0.86975 | loss: 0.671094060 | val_acc: 0.83380 | val_loss: 0.674345911 | Best epochs: 0051 | Best acc: 00.833800

 > Start epoch number: 52
	 >>> Epoch(s) 0052/0200 | acc: 0.87190 | loss: 0.671495279 | val_acc: 0.83520 | val_loss: 0.674954176 | Best epochs: 0052 | Best acc: 00.835200

 > Start epoch number: 53
	 >>> Epoch(s) 0053/0200 | acc: 0.87745 | loss: 0.671190004 | val_acc: 0.85120 | val_loss: 0.673610747 | Best epochs: 0053 | Best acc: 00.851200

 > Start epoch number: 54
	 >>> Epoch(s) 0054/0200 | acc: 0.89345 | loss: 0.670077364 | val_acc: 0.85760 | val_loss: 0.672327816 | Best epochs: 0054 | Best acc: 00.857600

 > Start epoch number: 55
	 >>> Epoch(s) 0055/0200 | acc: 0.89280 | loss: 0.670006951 | val_acc: 0.81480 | val_loss: 0.676892936 | Best epochs: 0054 | Best acc: 00.857600

 > Start epoch number: 56
	 >>> Epoch(s) 0056/0200 | acc: 0.86680 | loss: 0.672405918 | val_acc: 0.83080 | val_loss: 0.675538599 | Best epochs: 0054 | Best acc: 00.857600

 > Start epoch number: 57
	 >>> Epoch(s) 0057/0200 | acc: 0.87100 | loss: 0.671795905 | val_acc: 0.84480 | val_loss: 0.673764050 | Best epochs: 0054 | Best acc: 00.857600

 > Start epoch number: 58
	 >>> Epoch(s) 0058/0200 | acc: 0.88905 | loss: 0.669805864 | val_acc: 0.85360 | val_loss: 0.672297120 | Best epochs: 0054 | Best acc: 00.857600

 > Start epoch number: 59
	 >>> Epoch(s) 0059/0200 | acc: 0.89300 | loss: 0.669392645 | val_acc: 0.86100 | val_loss: 0.672024667 | Best epochs: 0059 | Best acc: 00.861000

 > Start epoch number: 60
	 >>> Epoch(s) 0060/0200 | acc: 0.89500 | loss: 0.668827454 | val_acc: 0.86280 | val_loss: 0.671487510 | Best epochs: 0060 | Best acc: 00.862800

 > Start epoch number: 61
	 >>> Epoch(s) 0061/0200 | acc: 0.90390 | loss: 0.667760690 | val_acc: 0.85920 | val_loss: 0.671695232 | Best epochs: 0060 | Best acc: 00.862800

 > Start epoch number: 62
	 >>> Epoch(s) 0062/0200 | acc: 0.89995 | loss: 0.668346167 | val_acc: 0.85340 | val_loss: 0.672232389 | Best epochs: 0060 | Best acc: 00.862800

 > Start epoch number: 63
	 >>> Epoch(s) 0063/0200 | acc: 0.90150 | loss: 0.668182313 | val_acc: 0.87220 | val_loss: 0.670513391 | Best epochs: 0063 | Best acc: 00.872200

 > Start epoch number: 64
	 >>> Epoch(s) 0064/0200 | acc: 0.90915 | loss: 0.667540332 | val_acc: 0.86620 | val_loss: 0.671383560 | Best epochs: 0063 | Best acc: 00.872200

 > Start epoch number: 65
	 >>> Epoch(s) 0065/0200 | acc: 0.87505 | loss: 0.672099153 | val_acc: 0.82840 | val_loss: 0.675565898 | Best epochs: 0063 | Best acc: 00.872200

 > Start epoch number: 66
	 >>> Epoch(s) 0066/0200 | acc: 0.85410 | loss: 0.673738341 | val_acc: 0.83640 | val_loss: 0.675653815 | Best epochs: 0063 | Best acc: 00.872200

 > Start epoch number: 67
	 >>> Epoch(s) 0067/0200 | acc: 0.87130 | loss: 0.672716180 | val_acc: 0.85040 | val_loss: 0.673983574 | Best epochs: 0063 | Best acc: 00.872200

 > Start epoch number: 68
	 >>> Epoch(s) 0068/0200 | acc: 0.88505 | loss: 0.670757929 | val_acc: 0.85720 | val_loss: 0.672478497 | Best epochs: 0063 | Best acc: 00.872200

 > Start epoch number: 69
	 >>> Epoch(s) 0069/0200 | acc: 0.89890 | loss: 0.668830554 | val_acc: 0.86540 | val_loss: 0.671482146 | Best epochs: 0063 | Best acc: 00.872200

 > Start epoch number: 70
	 >>> Epoch(s) 0070/0200 | acc: 0.90060 | loss: 0.668309728 | val_acc: 0.86660 | val_loss: 0.670739532 | Best epochs: 0063 | Best acc: 00.872200

 > Start epoch number: 71
	 >>> Epoch(s) 0071/0200 | acc: 0.90950 | loss: 0.667093317 | val_acc: 0.85280 | val_loss: 0.672398865 | Best epochs: 0063 | Best acc: 00.872200

 > Start epoch number: 72
	 >>> Epoch(s) 0072/0200 | acc: 0.89750 | loss: 0.667940636 | val_acc: 0.85740 | val_loss: 0.672018707 | Best epochs: 0063 | Best acc: 00.872200

 > Start epoch number: 73
	 >>> Epoch(s) 0073/0200 | acc: 0.90560 | loss: 0.667472581 | val_acc: 0.88160 | val_loss: 0.669649661 | Best epochs: 0073 | Best acc: 00.881600

 > Start epoch number: 74
	 >>> Epoch(s) 0074/0200 | acc: 0.91970 | loss: 0.666312893 | val_acc: 0.87500 | val_loss: 0.670358896 | Best epochs: 0073 | Best acc: 00.881600

 > Start epoch number: 75
	 >>> Epoch(s) 0075/0200 | acc: 0.92495 | loss: 0.665958623 | val_acc: 0.85060 | val_loss: 0.672190011 | Best epochs: 0073 | Best acc: 00.881600

 > Start epoch number: 76
	 >>> Epoch(s) 0076/0200 | acc: 0.89540 | loss: 0.668774525 | val_acc: 0.86320 | val_loss: 0.671510160 | Best epochs: 0073 | Best acc: 00.881600

 > Start epoch number: 77
	 >>> Epoch(s) 0077/0200 | acc: 0.90855 | loss: 0.667915861 | val_acc: 0.87100 | val_loss: 0.670723498 | Best epochs: 0073 | Best acc: 00.881600

 > Start epoch number: 78
	 >>> Epoch(s) 0078/0200 | acc: 0.91880 | loss: 0.666817983 | val_acc: 0.87700 | val_loss: 0.670524359 | Best epochs: 0073 | Best acc: 00.881600

 > Start epoch number: 79
	 >>> Epoch(s) 0079/0200 | acc: 0.91795 | loss: 0.666656971 | val_acc: 0.87760 | val_loss: 0.669996321 | Best epochs: 0073 | Best acc: 00.881600

 > Start epoch number: 80
	 >>> Epoch(s) 0080/0200 | acc: 0.91565 | loss: 0.667084734 | val_acc: 0.86720 | val_loss: 0.671084821 | Best epochs: 0073 | Best acc: 00.881600

 > Start epoch number: 81
	 >>> Epoch(s) 0081/0200 | acc: 0.91440 | loss: 0.667058527 | val_acc: 0.87500 | val_loss: 0.669948339 | Best epochs: 0073 | Best acc: 00.881600

 > Start epoch number: 82
	 >>> Epoch(s) 0082/0200 | acc: 0.92325 | loss: 0.665937463 | val_acc: 0.86960 | val_loss: 0.670705914 | Best epochs: 0073 | Best acc: 00.881600

 > Start epoch number: 83
	 >>> Epoch(s) 0083/0200 | acc: 0.92430 | loss: 0.665834049 | val_acc: 0.87060 | val_loss: 0.670500636 | Best epochs: 0073 | Best acc: 00.881600

 > Start epoch number: 84
	 >>> Epoch(s) 0084/0200 | acc: 0.91715 | loss: 0.666351954 | val_acc: 0.87900 | val_loss: 0.669878423 | Best epochs: 0073 | Best acc: 00.881600

 > Start epoch number: 85
	 >>> Epoch(s) 0085/0200 | acc: 0.92975 | loss: 0.665266236 | val_acc: 0.87700 | val_loss: 0.669855237 | Best epochs: 0073 | Best acc: 00.881600

 > Start epoch number: 86
	 >>> Epoch(s) 0086/0200 | acc: 0.93300 | loss: 0.664963464 | val_acc: 0.87920 | val_loss: 0.669613242 | Best epochs: 0073 | Best acc: 00.881600

 > Start epoch number: 87
	 >>> Epoch(s) 0087/0200 | acc: 0.93450 | loss: 0.664799770 | val_acc: 0.88540 | val_loss: 0.669292510 | Best epochs: 0087 | Best acc: 00.885400

 > Start epoch number: 88
	 >>> Epoch(s) 0088/0200 | acc: 0.93760 | loss: 0.664503336 | val_acc: 0.88320 | val_loss: 0.669203401 | Best epochs: 0087 | Best acc: 00.885400

 > Start epoch number: 89
	 >>> Epoch(s) 0089/0200 | acc: 0.93620 | loss: 0.664789021 | val_acc: 0.85660 | val_loss: 0.671896219 | Best epochs: 0087 | Best acc: 00.885400

 > Start epoch number: 90
	 >>> Epoch(s) 0090/0200 | acc: 0.91300 | loss: 0.667496840 | val_acc: 0.87140 | val_loss: 0.670989692 | Best epochs: 0087 | Best acc: 00.885400

 > Start epoch number: 91
	 >>> Epoch(s) 0091/0200 | acc: 0.91980 | loss: 0.667047858 | val_acc: 0.86620 | val_loss: 0.671317160 | Best epochs: 0087 | Best acc: 00.885400

 > Start epoch number: 92
	 >>> Epoch(s) 0092/0200 | acc: 0.90270 | loss: 0.668937663 | val_acc: 0.84580 | val_loss: 0.673476100 | Best epochs: 0087 | Best acc: 00.885400

 > Start epoch number: 93
	 >>> Epoch(s) 0093/0200 | acc: 0.86605 | loss: 0.672916075 | val_acc: 0.83540 | val_loss: 0.675833762 | Best epochs: 0087 | Best acc: 00.885400

 > Start epoch number: 94
	 >>> Epoch(s) 0094/0200 | acc: 0.88020 | loss: 0.672155460 | val_acc: 0.86020 | val_loss: 0.672655940 | Best epochs: 0087 | Best acc: 00.885400

 > Start epoch number: 95
	 >>> Epoch(s) 0095/0200 | acc: 0.89990 | loss: 0.669040322 | val_acc: 0.86600 | val_loss: 0.671138048 | Best epochs: 0087 | Best acc: 00.885400

 > Start epoch number: 96
	 >>> Epoch(s) 0096/0200 | acc: 0.91255 | loss: 0.667098840 | val_acc: 0.86860 | val_loss: 0.670695424 | Best epochs: 0087 | Best acc: 00.885400

 > Start epoch number: 97
	 >>> Epoch(s) 0097/0200 | acc: 0.91190 | loss: 0.666844229 | val_acc: 0.87120 | val_loss: 0.670336485 | Best epochs: 0087 | Best acc: 00.885400

 > Start epoch number: 98
	 >>> Epoch(s) 0098/0200 | acc: 0.92350 | loss: 0.665692488 | val_acc: 0.88040 | val_loss: 0.669486284 | Best epochs: 0087 | Best acc: 00.885400

 > Start epoch number: 99
	 >>> Epoch(s) 0099/0200 | acc: 0.92540 | loss: 0.665410519 | val_acc: 0.87880 | val_loss: 0.669604897 | Best epochs: 0087 | Best acc: 00.885400

 > Start epoch number: 100
	 >>> Epoch(s) 0100/0200 | acc: 0.92480 | loss: 0.665726105 | val_acc: 0.86000 | val_loss: 0.671884358 | Best epochs: 0087 | Best acc: 00.885400

 > Start epoch number: 101
	 >>> Epoch(s) 0101/0200 | acc: 0.90780 | loss: 0.667357445 | val_acc: 0.87180 | val_loss: 0.670633733 | Best epochs: 0087 | Best acc: 00.885400

 > Start epoch number: 102
	 >>> Epoch(s) 0102/0200 | acc: 0.91855 | loss: 0.666826149 | val_acc: 0.87720 | val_loss: 0.670449615 | Best epochs: 0087 | Best acc: 00.885400

 > Start epoch number: 103
	 >>> Epoch(s) 0103/0200 | acc: 0.91345 | loss: 0.667414526 | val_acc: 0.87820 | val_loss: 0.670338750 | Best epochs: 0087 | Best acc: 00.885400

 > Start epoch number: 104
	 >>> Epoch(s) 0104/0200 | acc: 0.92420 | loss: 0.666346590 | val_acc: 0.87820 | val_loss: 0.669994891 | Best epochs: 0087 | Best acc: 00.885400

 > Start epoch number: 105
	 >>> Epoch(s) 0105/0200 | acc: 0.93175 | loss: 0.665249924 | val_acc: 0.88620 | val_loss: 0.668887794 | Best epochs: 0105 | Best acc: 00.886200

 > Start epoch number: 106
	 >>> Epoch(s) 0106/0200 | acc: 0.93490 | loss: 0.664707820 | val_acc: 0.87520 | val_loss: 0.669964135 | Best epochs: 0105 | Best acc: 00.886200

 > Start epoch number: 107
	 >>> Epoch(s) 0107/0200 | acc: 0.92105 | loss: 0.666012108 | val_acc: 0.88240 | val_loss: 0.669489503 | Best epochs: 0105 | Best acc: 00.886200

 > Start epoch number: 108
	 >>> Epoch(s) 0108/0200 | acc: 0.92910 | loss: 0.665290356 | val_acc: 0.88260 | val_loss: 0.669485629 | Best epochs: 0105 | Best acc: 00.886200

 > Start epoch number: 109
	 >>> Epoch(s) 0109/0200 | acc: 0.93460 | loss: 0.664707204 | val_acc: 0.88000 | val_loss: 0.669643879 | Best epochs: 0105 | Best acc: 00.886200

 > Start epoch number: 110
	 >>> Epoch(s) 0110/0200 | acc: 0.93465 | loss: 0.664730867 | val_acc: 0.88040 | val_loss: 0.669440150 | Best epochs: 0105 | Best acc: 00.886200

 > Start epoch number: 111
	 >>> Epoch(s) 0111/0200 | acc: 0.93675 | loss: 0.664454301 | val_acc: 0.87680 | val_loss: 0.669430196 | Best epochs: 0105 | Best acc: 00.886200

 > Start epoch number: 112
	 >>> Epoch(s) 0112/0200 | acc: 0.93895 | loss: 0.664433539 | val_acc: 0.88360 | val_loss: 0.669364214 | Best epochs: 0105 | Best acc: 00.886200

 > Start epoch number: 113
	 >>> Epoch(s) 0113/0200 | acc: 0.93660 | loss: 0.664753159 | val_acc: 0.89020 | val_loss: 0.668789923 | Best epochs: 0113 | Best acc: 00.890200

 > Start epoch number: 114
	 >>> Epoch(s) 0114/0200 | acc: 0.93955 | loss: 0.664264162 | val_acc: 0.88780 | val_loss: 0.668841302 | Best epochs: 0113 | Best acc: 00.890200

 > Start epoch number: 115
	 >>> Epoch(s) 0115/0200 | acc: 0.94515 | loss: 0.663817088 | val_acc: 0.88360 | val_loss: 0.669170082 | Best epochs: 0113 | Best acc: 00.890200

 > Start epoch number: 116
	 >>> Epoch(s) 0116/0200 | acc: 0.93415 | loss: 0.664684435 | val_acc: 0.87680 | val_loss: 0.670167506 | Best epochs: 0113 | Best acc: 00.890200

 > Start epoch number: 117
	 >>> Epoch(s) 0117/0200 | acc: 0.91210 | loss: 0.668027600 | val_acc: 0.86260 | val_loss: 0.671944976 | Best epochs: 0113 | Best acc: 00.890200

 > Start epoch number: 118
	 >>> Epoch(s) 0118/0200 | acc: 0.91495 | loss: 0.667590717 | val_acc: 0.87460 | val_loss: 0.670731843 | Best epochs: 0113 | Best acc: 00.890200

 > Start epoch number: 119
	 >>> Epoch(s) 0119/0200 | acc: 0.92715 | loss: 0.666161954 | val_acc: 0.85560 | val_loss: 0.672415376 | Best epochs: 0113 | Best acc: 00.890200

 > Start epoch number: 120
	 >>> Epoch(s) 0120/0200 | acc: 0.91945 | loss: 0.666702449 | val_acc: 0.88520 | val_loss: 0.669139028 | Best epochs: 0113 | Best acc: 00.890200

 > Start epoch number: 121
	 >>> Epoch(s) 0121/0200 | acc: 0.93360 | loss: 0.664987663 | val_acc: 0.88660 | val_loss: 0.668700755 | Best epochs: 0113 | Best acc: 00.890200

 > Start epoch number: 122
	 >>> Epoch(s) 0122/0200 | acc: 0.93610 | loss: 0.664397895 | val_acc: 0.87820 | val_loss: 0.669215143 | Best epochs: 0113 | Best acc: 00.890200

 > Start epoch number: 123
	 >>> Epoch(s) 0123/0200 | acc: 0.92250 | loss: 0.665880700 | val_acc: 0.85440 | val_loss: 0.672692776 | Best epochs: 0113 | Best acc: 00.890200

 > Start epoch number: 124
	 >>> Epoch(s) 0124/0200 | acc: 0.91195 | loss: 0.667463203 | val_acc: 0.87940 | val_loss: 0.670337796 | Best epochs: 0113 | Best acc: 00.890200

 > Start epoch number: 125
	 >>> Epoch(s) 0125/0200 | acc: 0.92790 | loss: 0.665838599 | val_acc: 0.88380 | val_loss: 0.669694841 | Best epochs: 0113 | Best acc: 00.890200

 > Start epoch number: 126
	 >>> Epoch(s) 0126/0200 | acc: 0.93410 | loss: 0.664985756 | val_acc: 0.87360 | val_loss: 0.669982433 | Best epochs: 0113 | Best acc: 00.890200

 > Start epoch number: 127
	 >>> Epoch(s) 0127/0200 | acc: 0.91915 | loss: 0.666761696 | val_acc: 0.87060 | val_loss: 0.671276867 | Best epochs: 0113 | Best acc: 00.890200

 > Start epoch number: 128
	 >>> Epoch(s) 0128/0200 | acc: 0.91800 | loss: 0.666994552 | val_acc: 0.87380 | val_loss: 0.670382798 | Best epochs: 0113 | Best acc: 00.890200

 > Start epoch number: 129
	 >>> Epoch(s) 0129/0200 | acc: 0.92460 | loss: 0.665856620 | val_acc: 0.87800 | val_loss: 0.669892430 | Best epochs: 0113 | Best acc: 00.890200

 > Start epoch number: 130
	 >>> Epoch(s) 0130/0200 | acc: 0.92980 | loss: 0.665521761 | val_acc: 0.87320 | val_loss: 0.670116723 | Best epochs: 0113 | Best acc: 00.890200

 > Start epoch number: 131
	 >>> Epoch(s) 0131/0200 | acc: 0.92650 | loss: 0.665915728 | val_acc: 0.88700 | val_loss: 0.669184983 | Best epochs: 0113 | Best acc: 00.890200

 > Start epoch number: 132
	 >>> Epoch(s) 0132/0200 | acc: 0.93420 | loss: 0.665000002 | val_acc: 0.87240 | val_loss: 0.670506775 | Best epochs: 0113 | Best acc: 00.890200

 > Start epoch number: 133
	 >>> Epoch(s) 0133/0200 | acc: 0.93060 | loss: 0.665334682 | val_acc: 0.88460 | val_loss: 0.669679344 | Best epochs: 0113 | Best acc: 00.890200

 > Start epoch number: 134
	 >>> Epoch(s) 0134/0200 | acc: 0.93665 | loss: 0.664921562 | val_acc: 0.87220 | val_loss: 0.670387387 | Best epochs: 0113 | Best acc: 00.890200

 > Start epoch number: 135
	 >>> Epoch(s) 0135/0200 | acc: 0.93535 | loss: 0.664580762 | val_acc: 0.88620 | val_loss: 0.669139504 | Best epochs: 0113 | Best acc: 00.890200

 > Start epoch number: 136
	 >>> Epoch(s) 0136/0200 | acc: 0.94320 | loss: 0.664067626 | val_acc: 0.89240 | val_loss: 0.668156683 | Best epochs: 0136 | Best acc: 00.892400

 > Start epoch number: 137
	 >>> Epoch(s) 0137/0200 | acc: 0.94915 | loss: 0.663218955 | val_acc: 0.88980 | val_loss: 0.668468118 | Best epochs: 0136 | Best acc: 00.892400

 > Start epoch number: 138
	 >>> Epoch(s) 0138/0200 | acc: 0.95135 | loss: 0.663164139 | val_acc: 0.87460 | val_loss: 0.669898212 | Best epochs: 0136 | Best acc: 00.892400

 > Start epoch number: 139
	 >>> Epoch(s) 0139/0200 | acc: 0.92565 | loss: 0.665648957 | val_acc: 0.86300 | val_loss: 0.671715558 | Best epochs: 0136 | Best acc: 00.892400

 > Start epoch number: 140
	 >>> Epoch(s) 0140/0200 | acc: 0.92055 | loss: 0.666890780 | val_acc: 0.87440 | val_loss: 0.671290517 | Best epochs: 0136 | Best acc: 00.892400

 > Start epoch number: 141
	 >>> Epoch(s) 0141/0200 | acc: 0.92045 | loss: 0.667066832 | val_acc: 0.87740 | val_loss: 0.670028210 | Best epochs: 0136 | Best acc: 00.892400

 > Start epoch number: 142
	 >>> Epoch(s) 0142/0200 | acc: 0.93190 | loss: 0.665555855 | val_acc: 0.88560 | val_loss: 0.669220626 | Best epochs: 0136 | Best acc: 00.892400

 > Start epoch number: 143
	 >>> Epoch(s) 0143/0200 | acc: 0.94115 | loss: 0.664447208 | val_acc: 0.88240 | val_loss: 0.669271231 | Best epochs: 0136 | Best acc: 00.892400

 > Start epoch number: 144
	 >>> Epoch(s) 0144/0200 | acc: 0.94230 | loss: 0.663786729 | val_acc: 0.87700 | val_loss: 0.669977486 | Best epochs: 0136 | Best acc: 00.892400

 > Start epoch number: 145
	 >>> Epoch(s) 0145/0200 | acc: 0.92850 | loss: 0.665266633 | val_acc: 0.87660 | val_loss: 0.670385122 | Best epochs: 0136 | Best acc: 00.892400

 > Start epoch number: 146
	 >>> Epoch(s) 0146/0200 | acc: 0.93840 | loss: 0.664713979 | val_acc: 0.88860 | val_loss: 0.669046104 | Best epochs: 0136 | Best acc: 00.892400

 > Start epoch number: 147
	 >>> Epoch(s) 0147/0200 | acc: 0.94485 | loss: 0.663991908 | val_acc: 0.87900 | val_loss: 0.669524968 | Best epochs: 0136 | Best acc: 00.892400

 > Start epoch number: 148
	 >>> Epoch(s) 0148/0200 | acc: 0.93905 | loss: 0.664591273 | val_acc: 0.89380 | val_loss: 0.668418407 | Best epochs: 0148 | Best acc: 00.893800

 > Start epoch number: 149
	 >>> Epoch(s) 0149/0200 | acc: 0.94700 | loss: 0.663595736 | val_acc: 0.89340 | val_loss: 0.668343127 | Best epochs: 0148 | Best acc: 00.893800

 > Start epoch number: 150
	 >>> Epoch(s) 0150/0200 | acc: 0.94885 | loss: 0.663547119 | val_acc: 0.89220 | val_loss: 0.668313980 | Best epochs: 0148 | Best acc: 00.893800

 > Start epoch number: 151
	 >>> Epoch(s) 0151/0200 | acc: 0.95040 | loss: 0.663266222 | val_acc: 0.88740 | val_loss: 0.668917775 | Best epochs: 0148 | Best acc: 00.893800

 > Start epoch number: 152
	 >>> Epoch(s) 0152/0200 | acc: 0.93675 | loss: 0.665432572 | val_acc: 0.87160 | val_loss: 0.670973837 | Best epochs: 0148 | Best acc: 00.893800

 > Start epoch number: 153
	 >>> Epoch(s) 0153/0200 | acc: 0.92505 | loss: 0.666760504 | val_acc: 0.87960 | val_loss: 0.670552552 | Best epochs: 0148 | Best acc: 00.893800

 > Start epoch number: 154
	 >>> Epoch(s) 0154/0200 | acc: 0.93180 | loss: 0.666060547 | val_acc: 0.88440 | val_loss: 0.669682980 | Best epochs: 0148 | Best acc: 00.893800

 > Start epoch number: 155
	 >>> Epoch(s) 0155/0200 | acc: 0.94275 | loss: 0.664621015 | val_acc: 0.88500 | val_loss: 0.669363558 | Best epochs: 0148 | Best acc: 00.893800

 > Start epoch number: 156
	 >>> Epoch(s) 0156/0200 | acc: 0.94645 | loss: 0.663765411 | val_acc: 0.88880 | val_loss: 0.668508887 | Best epochs: 0148 | Best acc: 00.893800

 > Start epoch number: 157
	 >>> Epoch(s) 0157/0200 | acc: 0.95115 | loss: 0.663031340 | val_acc: 0.89300 | val_loss: 0.668170214 | Best epochs: 0148 | Best acc: 00.893800

 > Start epoch number: 158
	 >>> Epoch(s) 0158/0200 | acc: 0.95490 | loss: 0.662503262 | val_acc: 0.88740 | val_loss: 0.668582320 | Best epochs: 0148 | Best acc: 00.893800

 > Start epoch number: 159
	 >>> Epoch(s) 0159/0200 | acc: 0.95335 | loss: 0.662878235 | val_acc: 0.88560 | val_loss: 0.668786049 | Best epochs: 0148 | Best acc: 00.893800

 > Start epoch number: 160
	 >>> Epoch(s) 0160/0200 | acc: 0.94935 | loss: 0.663356443 | val_acc: 0.88100 | val_loss: 0.669730604 | Best epochs: 0148 | Best acc: 00.893800

 > Start epoch number: 161
	 >>> Epoch(s) 0161/0200 | acc: 0.94560 | loss: 0.663976590 | val_acc: 0.88020 | val_loss: 0.669655979 | Best epochs: 0148 | Best acc: 00.893800

 > Start epoch number: 162
	 >>> Epoch(s) 0162/0200 | acc: 0.95020 | loss: 0.663652817 | val_acc: 0.88520 | val_loss: 0.669387937 | Best epochs: 0148 | Best acc: 00.893800

 > Start epoch number: 163
	 >>> Epoch(s) 0163/0200 | acc: 0.93715 | loss: 0.664870580 | val_acc: 0.88500 | val_loss: 0.669472635 | Best epochs: 0148 | Best acc: 00.893800

 > Start epoch number: 164
	 >>> Epoch(s) 0164/0200 | acc: 0.94325 | loss: 0.664569954 | val_acc: 0.86380 | val_loss: 0.671597302 | Best epochs: 0148 | Best acc: 00.893800

 > Start epoch number: 165
	 >>> Epoch(s) 0165/0200 | acc: 0.90650 | loss: 0.668728689 | val_acc: 0.85560 | val_loss: 0.673044026 | Best epochs: 0148 | Best acc: 00.893800

 > Start epoch number: 166
	 >>> Epoch(s) 0166/0200 | acc: 0.90635 | loss: 0.669249972 | val_acc: 0.86280 | val_loss: 0.672232926 | Best epochs: 0148 | Best acc: 00.893800

 > Start epoch number: 167
	 >>> Epoch(s) 0167/0200 | acc: 0.91770 | loss: 0.667418400 | val_acc: 0.87440 | val_loss: 0.670872331 | Best epochs: 0148 | Best acc: 00.893800

 > Start epoch number: 168
	 >>> Epoch(s) 0168/0200 | acc: 0.93205 | loss: 0.665266871 | val_acc: 0.88400 | val_loss: 0.669202507 | Best epochs: 0148 | Best acc: 00.893800

 > Start epoch number: 169
	 >>> Epoch(s) 0169/0200 | acc: 0.93920 | loss: 0.664398432 | val_acc: 0.88520 | val_loss: 0.668918490 | Best epochs: 0148 | Best acc: 00.893800

 > Start epoch number: 170
	 >>> Epoch(s) 0170/0200 | acc: 0.94730 | loss: 0.663581351 | val_acc: 0.88440 | val_loss: 0.669291258 | Best epochs: 0148 | Best acc: 00.893800

 > Start epoch number: 171
	 >>> Epoch(s) 0171/0200 | acc: 0.94265 | loss: 0.663887084 | val_acc: 0.89340 | val_loss: 0.668343425 | Best epochs: 0148 | Best acc: 00.893800

 > Start epoch number: 172
	 >>> Epoch(s) 0172/0200 | acc: 0.94470 | loss: 0.663988769 | val_acc: 0.88620 | val_loss: 0.669170737 | Best epochs: 0148 | Best acc: 00.893800

 > Start epoch number: 173
	 >>> Epoch(s) 0173/0200 | acc: 0.94920 | loss: 0.663645744 | val_acc: 0.88980 | val_loss: 0.668959379 | Best epochs: 0148 | Best acc: 00.893800

 > Start epoch number: 174
	 >>> Epoch(s) 0174/0200 | acc: 0.95235 | loss: 0.663305362 | val_acc: 0.88760 | val_loss: 0.668961525 | Best epochs: 0148 | Best acc: 00.893800

 > Start epoch number: 175
	 >>> Epoch(s) 0175/0200 | acc: 0.95650 | loss: 0.662871738 | val_acc: 0.87780 | val_loss: 0.670001090 | Best epochs: 0148 | Best acc: 00.893800

 > Start epoch number: 176
	 >>> Epoch(s) 0176/0200 | acc: 0.94715 | loss: 0.663869103 | val_acc: 0.88620 | val_loss: 0.669435143 | Best epochs: 0148 | Best acc: 00.893800

 > Start epoch number: 177
	 >>> Epoch(s) 0177/0200 | acc: 0.94145 | loss: 0.664862216 | val_acc: 0.86220 | val_loss: 0.671768427 | Best epochs: 0148 | Best acc: 00.893800

 > Start epoch number: 178
	 >>> Epoch(s) 0178/0200 | acc: 0.92180 | loss: 0.667251130 | val_acc: 0.87580 | val_loss: 0.670718133 | Best epochs: 0148 | Best acc: 00.893800

 > Start epoch number: 179
	 >>> Epoch(s) 0179/0200 | acc: 0.93150 | loss: 0.665907602 | val_acc: 0.88380 | val_loss: 0.669755757 | Best epochs: 0148 | Best acc: 00.893800

 > Start epoch number: 180
	 >>> Epoch(s) 0180/0200 | acc: 0.94550 | loss: 0.664237837 | val_acc: 0.88980 | val_loss: 0.669464409 | Best epochs: 0148 | Best acc: 00.893800

 > Start epoch number: 181
	 >>> Epoch(s) 0181/0200 | acc: 0.95015 | loss: 0.663424770 | val_acc: 0.88820 | val_loss: 0.668750048 | Best epochs: 0148 | Best acc: 00.893800

 > Start epoch number: 182
	 >>> Epoch(s) 0182/0200 | acc: 0.94855 | loss: 0.663326840 | val_acc: 0.88260 | val_loss: 0.669009447 | Best epochs: 0148 | Best acc: 00.893800

 > Start epoch number: 183
	 >>> Epoch(s) 0183/0200 | acc: 0.95135 | loss: 0.663186570 | val_acc: 0.88860 | val_loss: 0.668487310 | Best epochs: 0148 | Best acc: 00.893800

 > Start epoch number: 184
	 >>> Epoch(s) 0184/0200 | acc: 0.95340 | loss: 0.662807047 | val_acc: 0.88900 | val_loss: 0.668836415 | Best epochs: 0148 | Best acc: 00.893800

 > Start epoch number: 185
	 >>> Epoch(s) 0185/0200 | acc: 0.95085 | loss: 0.663626015 | val_acc: 0.88620 | val_loss: 0.669314444 | Best epochs: 0148 | Best acc: 00.893800

 > Start epoch number: 186
	 >>> Epoch(s) 0186/0200 | acc: 0.94795 | loss: 0.664259752 | val_acc: 0.88580 | val_loss: 0.669597030 | Best epochs: 0148 | Best acc: 00.893800

 > Start epoch number: 187
	 >>> Epoch(s) 0187/0200 | acc: 0.95625 | loss: 0.663445036 | val_acc: 0.88740 | val_loss: 0.669193864 | Best epochs: 0148 | Best acc: 00.893800

 > Start epoch number: 188
	 >>> Epoch(s) 0188/0200 | acc: 0.95340 | loss: 0.663461427 | val_acc: 0.89500 | val_loss: 0.668219209 | Best epochs: 0188 | Best acc: 00.895000

 > Start epoch number: 189
	 >>> Epoch(s) 0189/0200 | acc: 0.95480 | loss: 0.663136601 | val_acc: 0.88040 | val_loss: 0.669664383 | Best epochs: 0188 | Best acc: 00.895000

 > Start epoch number: 190
	 >>> Epoch(s) 0190/0200 | acc: 0.94065 | loss: 0.664940695 | val_acc: 0.87020 | val_loss: 0.671198130 | Best epochs: 0188 | Best acc: 00.895000

 > Start epoch number: 191
	 >>> Epoch(s) 0191/0200 | acc: 0.91695 | loss: 0.667759736 | val_acc: 0.84960 | val_loss: 0.673589110 | Best epochs: 0188 | Best acc: 00.895000

 > Start epoch number: 192
	 >>> Epoch(s) 0192/0200 | acc: 0.91705 | loss: 0.667702933 | val_acc: 0.87260 | val_loss: 0.671124458 | Best epochs: 0188 | Best acc: 00.895000

 > Start epoch number: 193
	 >>> Epoch(s) 0193/0200 | acc: 0.92940 | loss: 0.666183432 | val_acc: 0.89120 | val_loss: 0.669222176 | Best epochs: 0188 | Best acc: 00.895000

 > Start epoch number: 194
	 >>> Epoch(s) 0194/0200 | acc: 0.94475 | loss: 0.664186219 | val_acc: 0.87720 | val_loss: 0.669793129 | Best epochs: 0188 | Best acc: 00.895000

 > Start epoch number: 195
	 >>> Epoch(s) 0195/0200 | acc: 0.91785 | loss: 0.666892091 | val_acc: 0.86860 | val_loss: 0.671153367 | Best epochs: 0188 | Best acc: 00.895000

 > Start epoch number: 196
	 >>> Epoch(s) 0196/0200 | acc: 0.92455 | loss: 0.666484435 | val_acc: 0.88540 | val_loss: 0.669675350 | Best epochs: 0188 | Best acc: 00.895000

 > Start epoch number: 197
	 >>> Epoch(s) 0197/0200 | acc: 0.93405 | loss: 0.665723165 | val_acc: 0.86240 | val_loss: 0.671861529 | Best epochs: 0188 | Best acc: 00.895000

 > Start epoch number: 198
	 >>> Epoch(s) 0198/0200 | acc: 0.91395 | loss: 0.667475621 | val_acc: 0.86880 | val_loss: 0.671475708 | Best epochs: 0188 | Best acc: 00.895000

 > Start epoch number: 199
	 >>> Epoch(s) 0199/0200 | acc: 0.92660 | loss: 0.666158617 | val_acc: 0.87740 | val_loss: 0.670347631 | Best epochs: 0188 | Best acc: 00.895000

 > Start epoch number: 200
	 >>> Epoch(s) 0200/0200 | acc: 0.93805 | loss: 0.665262322 | val_acc: 0.88240 | val_loss: 0.669932246 | Best epochs: 0188 | Best acc: 00.895000
Shape of preprocessed data: torch.Size([73257, 3, 32, 32])
Shape of preprocessed data: torch.Size([73257, 3, 32, 32])
Shape of preprocessed data: torch.Size([73257, 3, 32, 32])
SDEs for 10.0-gaussian-pertubed SVHN = 0.87701416015625
SDEs for 15.0-gaussian-pertubed SVHN = 0.8503875732421875
SDEs for 20.0-gaussian-pertubed SVHN = 0.8169097900390625
