Files already downloaded and verified
Generating None-pertubed-dataset
Shape of preprocessed data: torch.Size([50000, 3, 32, 32])
Generating [15.0]-pertubed-dataset
Shape of preprocessed data: torch.Size([50000, 3, 32, 32])
Spliting dataset
Creating model
SDENet(
  (fe): Sequential(
    (0): Conv2d(3, 64, kernel_size=(3, 3), stride=(1, 1))
    (1): GroupNorm(16, 64, eps=1e-05, affine=True)
    (2): ReLU()
    (3): Conv2d(64, 32, kernel_size=(3, 3), stride=(2, 2))
    (4): GroupNorm(16, 32, eps=1e-05, affine=True)
    (5): ReLU()
    (6): Conv2d(32, 64, kernel_size=(3, 3), stride=(2, 2))
    (7): GroupNorm(32, 64, eps=1e-05, affine=True)
    (8): ReLU()
  )
  (flat): Flatten(start_dim=1, end_dim=-1)
  (rm): SDEBlock(
    (drift): ConvolutionDrift(
      (conv1): ConcatConv2d(
        (_layer): Conv2d(65, 64, kernel_size=(3, 3), stride=(1, 1), padding=(1, 1))
      )
      (norm1): Norm(
        (norm): GroupNorm(32, 64, eps=1e-05, affine=True)
      )
      (relu): ReLU(inplace=True)
      (conv2): ConcatConv2d(
        (_layer): Conv2d(65, 64, kernel_size=(3, 3), stride=(1, 1), padding=(1, 1))
      )
      (norm2): Norm(
        (norm): GroupNorm(32, 64, eps=1e-05, affine=True)
      )
    )
    (diffusion): ConvolutionDiffusion(
      (relu): ReLU()
      (norm1): Norm(
        (norm): GroupNorm(32, 64, eps=1e-05, affine=True)
      )
      (conv1): ConcatConv2d(
        (_layer): Conv2d(65, 64, kernel_size=(3, 3), stride=(1, 1), padding=(1, 1))
      )
      (conv2): ConcatConv2d(
        (_layer): Conv2d(65, 64, kernel_size=(3, 3), stride=(1, 1), padding=(1, 1))
      )
      (norm2): Norm(
        (norm): GroupNorm(32, 64, eps=1e-05, affine=True)
      )
      (conv3): ConcatConv2d(
        (_layer): Conv2d(65, 192, kernel_size=(3, 3), stride=(1, 1), padding=(1, 1))
      )
      (norm3): Norm(
        (norm): GroupNorm(32, 192, eps=1e-05, affine=True)
      )
    )
  )
  (fcc): Sequential(
    (0): Linear(in_features=2304, out_features=32, bias=True)
    (1): Linear(in_features=32, out_features=10, bias=True)
    (2): Softmax(dim=1)
  )
)
> Numbers of parameters in model: 376586

 > Start epoch number: 1
	 >>> Epoch(s) 0001/0200 | acc: 0.10730 | loss: 0.734707912 | val_acc: 0.13460 | val_loss: 0.734120071 | Best epochs: 0001 | Best acc: 00.134600

 > Start epoch number: 2
	 >>> Epoch(s) 0002/0200 | acc: 0.13825 | loss: 0.733875275 | val_acc: 0.16480 | val_loss: 0.733138859 | Best epochs: 0002 | Best acc: 00.164800

 > Start epoch number: 3
	 >>> Epoch(s) 0003/0200 | acc: 0.17660 | loss: 0.732563198 | val_acc: 0.18760 | val_loss: 0.731472492 | Best epochs: 0003 | Best acc: 00.187600

 > Start epoch number: 4
	 >>> Epoch(s) 0004/0200 | acc: 0.20000 | loss: 0.730829557 | val_acc: 0.21820 | val_loss: 0.729824364 | Best epochs: 0004 | Best acc: 00.218200

 > Start epoch number: 5
	 >>> Epoch(s) 0005/0200 | acc: 0.23620 | loss: 0.728930632 | val_acc: 0.24840 | val_loss: 0.727444530 | Best epochs: 0005 | Best acc: 00.248400

 > Start epoch number: 6
	 >>> Epoch(s) 0006/0200 | acc: 0.25375 | loss: 0.726673186 | val_acc: 0.26500 | val_loss: 0.726233721 | Best epochs: 0006 | Best acc: 00.265000

 > Start epoch number: 7
	 >>> Epoch(s) 0007/0200 | acc: 0.27775 | loss: 0.725160797 | val_acc: 0.29740 | val_loss: 0.724123955 | Best epochs: 0007 | Best acc: 00.297400

 > Start epoch number: 8
	 >>> Epoch(s) 0008/0200 | acc: 0.29695 | loss: 0.723616342 | val_acc: 0.30040 | val_loss: 0.723258913 | Best epochs: 0008 | Best acc: 00.300400

 > Start epoch number: 9
	 >>> Epoch(s) 0009/0200 | acc: 0.30850 | loss: 0.722444733 | val_acc: 0.32000 | val_loss: 0.721519053 | Best epochs: 0009 | Best acc: 00.320000

 > Start epoch number: 10
	 >>> Epoch(s) 0010/0200 | acc: 0.32800 | loss: 0.721164127 | val_acc: 0.34360 | val_loss: 0.720321834 | Best epochs: 0010 | Best acc: 00.343600

 > Start epoch number: 11
	 >>> Epoch(s) 0011/0200 | acc: 0.34135 | loss: 0.719831506 | val_acc: 0.30420 | val_loss: 0.722087145 | Best epochs: 0010 | Best acc: 00.343600

 > Start epoch number: 12
	 >>> Epoch(s) 0012/0200 | acc: 0.33880 | loss: 0.720140477 | val_acc: 0.32640 | val_loss: 0.720801771 | Best epochs: 0010 | Best acc: 00.343600

 > Start epoch number: 13
	 >>> Epoch(s) 0013/0200 | acc: 0.35155 | loss: 0.718767166 | val_acc: 0.37280 | val_loss: 0.717410624 | Best epochs: 0013 | Best acc: 00.372800

 > Start epoch number: 14
	 >>> Epoch(s) 0014/0200 | acc: 0.37485 | loss: 0.717191021 | val_acc: 0.39120 | val_loss: 0.715951383 | Best epochs: 0014 | Best acc: 00.391200

 > Start epoch number: 15
	 >>> Epoch(s) 0015/0200 | acc: 0.39560 | loss: 0.715684434 | val_acc: 0.40320 | val_loss: 0.714273214 | Best epochs: 0015 | Best acc: 00.403200

 > Start epoch number: 16
	 >>> Epoch(s) 0016/0200 | acc: 0.39635 | loss: 0.715432684 | val_acc: 0.40220 | val_loss: 0.714553177 | Best epochs: 0015 | Best acc: 00.403200

 > Start epoch number: 17
	 >>> Epoch(s) 0017/0200 | acc: 0.39125 | loss: 0.715378443 | val_acc: 0.38260 | val_loss: 0.715689361 | Best epochs: 0015 | Best acc: 00.403200

 > Start epoch number: 18
	 >>> Epoch(s) 0018/0200 | acc: 0.39875 | loss: 0.714884361 | val_acc: 0.40260 | val_loss: 0.714148104 | Best epochs: 0015 | Best acc: 00.403200

 > Start epoch number: 19
	 >>> Epoch(s) 0019/0200 | acc: 0.41290 | loss: 0.713757118 | val_acc: 0.42980 | val_loss: 0.712679207 | Best epochs: 0019 | Best acc: 00.429800

 > Start epoch number: 20
	 >>> Epoch(s) 0020/0200 | acc: 0.42975 | loss: 0.712686340 | val_acc: 0.42520 | val_loss: 0.712725163 | Best epochs: 0019 | Best acc: 00.429800

 > Start epoch number: 21
	 >>> Epoch(s) 0021/0200 | acc: 0.43745 | loss: 0.712228556 | val_acc: 0.43840 | val_loss: 0.711479962 | Best epochs: 0021 | Best acc: 00.438400

 > Start epoch number: 22
	 >>> Epoch(s) 0022/0200 | acc: 0.43700 | loss: 0.711725612 | val_acc: 0.44560 | val_loss: 0.711536765 | Best epochs: 0022 | Best acc: 00.445600

 > Start epoch number: 23
	 >>> Epoch(s) 0023/0200 | acc: 0.44580 | loss: 0.711306175 | val_acc: 0.44500 | val_loss: 0.711608708 | Best epochs: 0022 | Best acc: 00.445600

 > Start epoch number: 24
	 >>> Epoch(s) 0024/0200 | acc: 0.44480 | loss: 0.711386085 | val_acc: 0.44220 | val_loss: 0.710847616 | Best epochs: 0022 | Best acc: 00.445600

 > Start epoch number: 25
	 >>> Epoch(s) 0025/0200 | acc: 0.44880 | loss: 0.710785250 | val_acc: 0.44200 | val_loss: 0.711185455 | Best epochs: 0022 | Best acc: 00.445600

 > Start epoch number: 26
	 >>> Epoch(s) 0026/0200 | acc: 0.44340 | loss: 0.711361130 | val_acc: 0.42220 | val_loss: 0.713730752 | Best epochs: 0022 | Best acc: 00.445600

 > Start epoch number: 27
	 >>> Epoch(s) 0027/0200 | acc: 0.44535 | loss: 0.711704433 | val_acc: 0.43220 | val_loss: 0.711582899 | Best epochs: 0022 | Best acc: 00.445600

 > Start epoch number: 28
	 >>> Epoch(s) 0028/0200 | acc: 0.44810 | loss: 0.710661987 | val_acc: 0.45360 | val_loss: 0.710859656 | Best epochs: 0028 | Best acc: 00.453600

 > Start epoch number: 29
	 >>> Epoch(s) 0029/0200 | acc: 0.45505 | loss: 0.710205356 | val_acc: 0.46340 | val_loss: 0.709615350 | Best epochs: 0029 | Best acc: 00.463400

 > Start epoch number: 30
	 >>> Epoch(s) 0030/0200 | acc: 0.47200 | loss: 0.709019085 | val_acc: 0.47560 | val_loss: 0.708646297 | Best epochs: 0030 | Best acc: 00.475600

 > Start epoch number: 31
	 >>> Epoch(s) 0031/0200 | acc: 0.48520 | loss: 0.707856476 | val_acc: 0.45540 | val_loss: 0.709744990 | Best epochs: 0030 | Best acc: 00.475600

 > Start epoch number: 32
	 >>> Epoch(s) 0032/0200 | acc: 0.47010 | loss: 0.709527334 | val_acc: 0.43940 | val_loss: 0.710316241 | Best epochs: 0030 | Best acc: 00.475600

 > Start epoch number: 33
	 >>> Epoch(s) 0033/0200 | acc: 0.46800 | loss: 0.708613018 | val_acc: 0.48000 | val_loss: 0.708239973 | Best epochs: 0033 | Best acc: 00.480000

 > Start epoch number: 34
	 >>> Epoch(s) 0034/0200 | acc: 0.49160 | loss: 0.707224846 | val_acc: 0.47240 | val_loss: 0.708205938 | Best epochs: 0033 | Best acc: 00.480000

 > Start epoch number: 35
	 >>> Epoch(s) 0035/0200 | acc: 0.49830 | loss: 0.706622938 | val_acc: 0.48260 | val_loss: 0.707405984 | Best epochs: 0035 | Best acc: 00.482600

 > Start epoch number: 36
	 >>> Epoch(s) 0036/0200 | acc: 0.51065 | loss: 0.705900967 | val_acc: 0.49440 | val_loss: 0.706463993 | Best epochs: 0036 | Best acc: 00.494400

 > Start epoch number: 37
	 >>> Epoch(s) 0037/0200 | acc: 0.50500 | loss: 0.705964903 | val_acc: 0.45840 | val_loss: 0.709842622 | Best epochs: 0036 | Best acc: 00.494400

 > Start epoch number: 38
	 >>> Epoch(s) 0038/0200 | acc: 0.50055 | loss: 0.706358711 | val_acc: 0.48580 | val_loss: 0.707567632 | Best epochs: 0036 | Best acc: 00.494400

 > Start epoch number: 39
	 >>> Epoch(s) 0039/0200 | acc: 0.50680 | loss: 0.705814620 | val_acc: 0.47000 | val_loss: 0.708673000 | Best epochs: 0036 | Best acc: 00.494400

 > Start epoch number: 40
	 >>> Epoch(s) 0040/0200 | acc: 0.48875 | loss: 0.706752499 | val_acc: 0.45160 | val_loss: 0.709784508 | Best epochs: 0036 | Best acc: 00.494400

 > Start epoch number: 41
	 >>> Epoch(s) 0041/0200 | acc: 0.48230 | loss: 0.707783262 | val_acc: 0.48400 | val_loss: 0.707504451 | Best epochs: 0036 | Best acc: 00.494400

 > Start epoch number: 42
	 >>> Epoch(s) 0042/0200 | acc: 0.51090 | loss: 0.705543717 | val_acc: 0.50060 | val_loss: 0.706262887 | Best epochs: 0042 | Best acc: 00.500600

 > Start epoch number: 43
	 >>> Epoch(s) 0043/0200 | acc: 0.52075 | loss: 0.705124497 | val_acc: 0.46300 | val_loss: 0.709081173 | Best epochs: 0042 | Best acc: 00.500600

 > Start epoch number: 44
	 >>> Epoch(s) 0044/0200 | acc: 0.49635 | loss: 0.706217865 | val_acc: 0.48460 | val_loss: 0.706749618 | Best epochs: 0042 | Best acc: 00.500600

 > Start epoch number: 45
	 >>> Epoch(s) 0045/0200 | acc: 0.51730 | loss: 0.704769115 | val_acc: 0.46800 | val_loss: 0.708703101 | Best epochs: 0042 | Best acc: 00.500600

 > Start epoch number: 46
	 >>> Epoch(s) 0046/0200 | acc: 0.49960 | loss: 0.705952962 | val_acc: 0.49340 | val_loss: 0.706544816 | Best epochs: 0042 | Best acc: 00.500600

 > Start epoch number: 47
	 >>> Epoch(s) 0047/0200 | acc: 0.52325 | loss: 0.704260031 | val_acc: 0.50520 | val_loss: 0.705729663 | Best epochs: 0047 | Best acc: 00.505200

 > Start epoch number: 48
	 >>> Epoch(s) 0048/0200 | acc: 0.52785 | loss: 0.704128325 | val_acc: 0.50120 | val_loss: 0.705468118 | Best epochs: 0047 | Best acc: 00.505200

 > Start epoch number: 49
	 >>> Epoch(s) 0049/0200 | acc: 0.53715 | loss: 0.703017513 | val_acc: 0.52200 | val_loss: 0.704188585 | Best epochs: 0049 | Best acc: 00.522000

 > Start epoch number: 50
	 >>> Epoch(s) 0050/0200 | acc: 0.55425 | loss: 0.701569736 | val_acc: 0.51560 | val_loss: 0.704497814 | Best epochs: 0049 | Best acc: 00.522000

 > Start epoch number: 51
	 >>> Epoch(s) 0051/0200 | acc: 0.55190 | loss: 0.701536695 | val_acc: 0.44040 | val_loss: 0.710784614 | Best epochs: 0049 | Best acc: 00.522000

 > Start epoch number: 52
	 >>> Epoch(s) 0052/0200 | acc: 0.50240 | loss: 0.705669761 | val_acc: 0.49180 | val_loss: 0.706284046 | Best epochs: 0049 | Best acc: 00.522000

 > Start epoch number: 53
	 >>> Epoch(s) 0053/0200 | acc: 0.52110 | loss: 0.704014798 | val_acc: 0.50260 | val_loss: 0.705541849 | Best epochs: 0049 | Best acc: 00.522000

 > Start epoch number: 54
	 >>> Epoch(s) 0054/0200 | acc: 0.54425 | loss: 0.702139934 | val_acc: 0.52420 | val_loss: 0.704004526 | Best epochs: 0054 | Best acc: 00.524200

 > Start epoch number: 55
	 >>> Epoch(s) 0055/0200 | acc: 0.54230 | loss: 0.702862879 | val_acc: 0.47400 | val_loss: 0.707749844 | Best epochs: 0054 | Best acc: 00.524200

 > Start epoch number: 56
	 >>> Epoch(s) 0056/0200 | acc: 0.51720 | loss: 0.704959393 | val_acc: 0.45500 | val_loss: 0.709368646 | Best epochs: 0054 | Best acc: 00.524200

 > Start epoch number: 57
	 >>> Epoch(s) 0057/0200 | acc: 0.50895 | loss: 0.705240766 | val_acc: 0.50820 | val_loss: 0.705481231 | Best epochs: 0054 | Best acc: 00.524200

 > Start epoch number: 58
	 >>> Epoch(s) 0058/0200 | acc: 0.54520 | loss: 0.702526251 | val_acc: 0.52140 | val_loss: 0.704485893 | Best epochs: 0054 | Best acc: 00.524200

 > Start epoch number: 59
	 >>> Epoch(s) 0059/0200 | acc: 0.55145 | loss: 0.701881965 | val_acc: 0.53740 | val_loss: 0.703195155 | Best epochs: 0059 | Best acc: 00.537400

 > Start epoch number: 60
	 >>> Epoch(s) 0060/0200 | acc: 0.56550 | loss: 0.700675090 | val_acc: 0.53060 | val_loss: 0.703020275 | Best epochs: 0059 | Best acc: 00.537400

 > Start epoch number: 61
	 >>> Epoch(s) 0061/0200 | acc: 0.57775 | loss: 0.699359655 | val_acc: 0.53880 | val_loss: 0.702261150 | Best epochs: 0061 | Best acc: 00.538800

 > Start epoch number: 62
	 >>> Epoch(s) 0062/0200 | acc: 0.56680 | loss: 0.700684488 | val_acc: 0.50620 | val_loss: 0.705008209 | Best epochs: 0061 | Best acc: 00.538800

 > Start epoch number: 63
	 >>> Epoch(s) 0063/0200 | acc: 0.55095 | loss: 0.701614559 | val_acc: 0.50000 | val_loss: 0.705118418 | Best epochs: 0061 | Best acc: 00.538800

 > Start epoch number: 64
	 >>> Epoch(s) 0064/0200 | acc: 0.52090 | loss: 0.703619957 | val_acc: 0.51780 | val_loss: 0.704209685 | Best epochs: 0061 | Best acc: 00.538800

 > Start epoch number: 65
	 >>> Epoch(s) 0065/0200 | acc: 0.54630 | loss: 0.702375650 | val_acc: 0.49700 | val_loss: 0.706032574 | Best epochs: 0061 | Best acc: 00.538800

 > Start epoch number: 66
	 >>> Epoch(s) 0066/0200 | acc: 0.54970 | loss: 0.701806784 | val_acc: 0.51640 | val_loss: 0.703912318 | Best epochs: 0061 | Best acc: 00.538800

 > Start epoch number: 67
	 >>> Epoch(s) 0067/0200 | acc: 0.57110 | loss: 0.700372815 | val_acc: 0.53220 | val_loss: 0.703553677 | Best epochs: 0061 | Best acc: 00.538800

 > Start epoch number: 68
	 >>> Epoch(s) 0068/0200 | acc: 0.56850 | loss: 0.700534284 | val_acc: 0.49360 | val_loss: 0.705725431 | Best epochs: 0061 | Best acc: 00.538800

 > Start epoch number: 69
	 >>> Epoch(s) 0069/0200 | acc: 0.55945 | loss: 0.700533450 | val_acc: 0.53280 | val_loss: 0.702626884 | Best epochs: 0061 | Best acc: 00.538800

 > Start epoch number: 70
	 >>> Epoch(s) 0070/0200 | acc: 0.57045 | loss: 0.699905455 | val_acc: 0.46820 | val_loss: 0.707926154 | Best epochs: 0061 | Best acc: 00.538800

 > Start epoch number: 71
	 >>> Epoch(s) 0071/0200 | acc: 0.54060 | loss: 0.702203631 | val_acc: 0.51220 | val_loss: 0.704591095 | Best epochs: 0061 | Best acc: 00.538800

 > Start epoch number: 72
	 >>> Epoch(s) 0072/0200 | acc: 0.54140 | loss: 0.701935212 | val_acc: 0.52580 | val_loss: 0.703732610 | Best epochs: 0061 | Best acc: 00.538800

 > Start epoch number: 73
	 >>> Epoch(s) 0073/0200 | acc: 0.54825 | loss: 0.702008446 | val_acc: 0.52000 | val_loss: 0.704002798 | Best epochs: 0061 | Best acc: 00.538800

 > Start epoch number: 74
	 >>> Epoch(s) 0074/0200 | acc: 0.55675 | loss: 0.700707038 | val_acc: 0.53360 | val_loss: 0.702965617 | Best epochs: 0061 | Best acc: 00.538800

 > Start epoch number: 75
	 >>> Epoch(s) 0075/0200 | acc: 0.57325 | loss: 0.699860334 | val_acc: 0.54680 | val_loss: 0.701759040 | Best epochs: 0075 | Best acc: 00.546800

 > Start epoch number: 76
	 >>> Epoch(s) 0076/0200 | acc: 0.59120 | loss: 0.698271334 | val_acc: 0.54860 | val_loss: 0.701567769 | Best epochs: 0076 | Best acc: 00.548600

 > Start epoch number: 77
	 >>> Epoch(s) 0077/0200 | acc: 0.59320 | loss: 0.698302885 | val_acc: 0.54800 | val_loss: 0.701139212 | Best epochs: 0076 | Best acc: 00.548600

 > Start epoch number: 78
	 >>> Epoch(s) 0078/0200 | acc: 0.59725 | loss: 0.697549045 | val_acc: 0.54560 | val_loss: 0.701305926 | Best epochs: 0076 | Best acc: 00.548600

 > Start epoch number: 79
	 >>> Epoch(s) 0079/0200 | acc: 0.59610 | loss: 0.697928707 | val_acc: 0.46280 | val_loss: 0.708257198 | Best epochs: 0076 | Best acc: 00.548600

 > Start epoch number: 80
	 >>> Epoch(s) 0080/0200 | acc: 0.52890 | loss: 0.703451395 | val_acc: 0.51940 | val_loss: 0.703755558 | Best epochs: 0076 | Best acc: 00.548600

 > Start epoch number: 81
	 >>> Epoch(s) 0081/0200 | acc: 0.55790 | loss: 0.700868030 | val_acc: 0.52700 | val_loss: 0.703042924 | Best epochs: 0076 | Best acc: 00.548600

 > Start epoch number: 82
	 >>> Epoch(s) 0082/0200 | acc: 0.58160 | loss: 0.699237466 | val_acc: 0.53760 | val_loss: 0.702051401 | Best epochs: 0076 | Best acc: 00.548600

 > Start epoch number: 83
	 >>> Epoch(s) 0083/0200 | acc: 0.60295 | loss: 0.697338084 | val_acc: 0.53940 | val_loss: 0.702157974 | Best epochs: 0076 | Best acc: 00.548600

 > Start epoch number: 84
	 >>> Epoch(s) 0084/0200 | acc: 0.60590 | loss: 0.696615199 | val_acc: 0.55700 | val_loss: 0.700342298 | Best epochs: 0084 | Best acc: 00.557000

 > Start epoch number: 85
	 >>> Epoch(s) 0085/0200 | acc: 0.60645 | loss: 0.696958721 | val_acc: 0.56040 | val_loss: 0.700246453 | Best epochs: 0085 | Best acc: 00.560400

 > Start epoch number: 86
	 >>> Epoch(s) 0086/0200 | acc: 0.61700 | loss: 0.695872605 | val_acc: 0.57500 | val_loss: 0.699106872 | Best epochs: 0086 | Best acc: 00.575000

 > Start epoch number: 87
	 >>> Epoch(s) 0087/0200 | acc: 0.62485 | loss: 0.695345501 | val_acc: 0.54440 | val_loss: 0.701467335 | Best epochs: 0086 | Best acc: 00.575000

 > Start epoch number: 88
	 >>> Epoch(s) 0088/0200 | acc: 0.60115 | loss: 0.697031796 | val_acc: 0.51320 | val_loss: 0.703909993 | Best epochs: 0086 | Best acc: 00.575000

 > Start epoch number: 89
	 >>> Epoch(s) 0089/0200 | acc: 0.53615 | loss: 0.702373207 | val_acc: 0.49580 | val_loss: 0.706390202 | Best epochs: 0086 | Best acc: 00.575000

 > Start epoch number: 90
	 >>> Epoch(s) 0090/0200 | acc: 0.54525 | loss: 0.702322662 | val_acc: 0.52280 | val_loss: 0.703798413 | Best epochs: 0086 | Best acc: 00.575000

 > Start epoch number: 91
	 >>> Epoch(s) 0091/0200 | acc: 0.56410 | loss: 0.700781802 | val_acc: 0.52360 | val_loss: 0.703598201 | Best epochs: 0086 | Best acc: 00.575000

 > Start epoch number: 92
	 >>> Epoch(s) 0092/0200 | acc: 0.58855 | loss: 0.698577543 | val_acc: 0.54460 | val_loss: 0.701942503 | Best epochs: 0086 | Best acc: 00.575000

 > Start epoch number: 93
	 >>> Epoch(s) 0093/0200 | acc: 0.60575 | loss: 0.697240750 | val_acc: 0.56260 | val_loss: 0.700446248 | Best epochs: 0086 | Best acc: 00.575000

 > Start epoch number: 94
	 >>> Epoch(s) 0094/0200 | acc: 0.62195 | loss: 0.695397456 | val_acc: 0.56060 | val_loss: 0.700286865 | Best epochs: 0086 | Best acc: 00.575000

 > Start epoch number: 95
	 >>> Epoch(s) 0095/0200 | acc: 0.62260 | loss: 0.695430696 | val_acc: 0.50820 | val_loss: 0.704767108 | Best epochs: 0086 | Best acc: 00.575000

 > Start epoch number: 96
	 >>> Epoch(s) 0096/0200 | acc: 0.53345 | loss: 0.702772299 | val_acc: 0.47400 | val_loss: 0.707481563 | Best epochs: 0086 | Best acc: 00.575000

 > Start epoch number: 97
	 >>> Epoch(s) 0097/0200 | acc: 0.53245 | loss: 0.702616970 | val_acc: 0.53480 | val_loss: 0.702853680 | Best epochs: 0086 | Best acc: 00.575000

 > Start epoch number: 98
	 >>> Epoch(s) 0098/0200 | acc: 0.57120 | loss: 0.700079064 | val_acc: 0.52400 | val_loss: 0.703352332 | Best epochs: 0086 | Best acc: 00.575000

 > Start epoch number: 99
	 >>> Epoch(s) 0099/0200 | acc: 0.58525 | loss: 0.698503117 | val_acc: 0.55460 | val_loss: 0.701494455 | Best epochs: 0086 | Best acc: 00.575000

 > Start epoch number: 100
	 >>> Epoch(s) 0100/0200 | acc: 0.61120 | loss: 0.696530819 | val_acc: 0.55760 | val_loss: 0.700814605 | Best epochs: 0086 | Best acc: 00.575000

 > Start epoch number: 101
	 >>> Epoch(s) 0101/0200 | acc: 0.61785 | loss: 0.696029246 | val_acc: 0.57160 | val_loss: 0.699278235 | Best epochs: 0086 | Best acc: 00.575000

 > Start epoch number: 102
	 >>> Epoch(s) 0102/0200 | acc: 0.63160 | loss: 0.694454153 | val_acc: 0.57640 | val_loss: 0.698659778 | Best epochs: 0102 | Best acc: 00.576400

 > Start epoch number: 103
	 >>> Epoch(s) 0103/0200 | acc: 0.62770 | loss: 0.694950720 | val_acc: 0.56000 | val_loss: 0.699927568 | Best epochs: 0102 | Best acc: 00.576400

 > Start epoch number: 104
	 >>> Epoch(s) 0104/0200 | acc: 0.61130 | loss: 0.696836293 | val_acc: 0.46720 | val_loss: 0.708227158 | Best epochs: 0102 | Best acc: 00.576400

 > Start epoch number: 105
	 >>> Epoch(s) 0105/0200 | acc: 0.53605 | loss: 0.702424486 | val_acc: 0.49480 | val_loss: 0.705371380 | Best epochs: 0102 | Best acc: 00.576400

 > Start epoch number: 106
	 >>> Epoch(s) 0106/0200 | acc: 0.55365 | loss: 0.700397829 | val_acc: 0.53380 | val_loss: 0.702580690 | Best epochs: 0102 | Best acc: 00.576400

 > Start epoch number: 107
	 >>> Epoch(s) 0107/0200 | acc: 0.59085 | loss: 0.698100924 | val_acc: 0.55220 | val_loss: 0.701119363 | Best epochs: 0102 | Best acc: 00.576400

 > Start epoch number: 108
	 >>> Epoch(s) 0108/0200 | acc: 0.62255 | loss: 0.695628325 | val_acc: 0.56680 | val_loss: 0.699974060 | Best epochs: 0102 | Best acc: 00.576400

 > Start epoch number: 109
	 >>> Epoch(s) 0109/0200 | acc: 0.63375 | loss: 0.694755753 | val_acc: 0.55480 | val_loss: 0.700293183 | Best epochs: 0102 | Best acc: 00.576400

 > Start epoch number: 110
	 >>> Epoch(s) 0110/0200 | acc: 0.62235 | loss: 0.695674201 | val_acc: 0.56700 | val_loss: 0.699344337 | Best epochs: 0102 | Best acc: 00.576400

 > Start epoch number: 111
	 >>> Epoch(s) 0111/0200 | acc: 0.62480 | loss: 0.695022762 | val_acc: 0.57460 | val_loss: 0.698906839 | Best epochs: 0102 | Best acc: 00.576400

 > Start epoch number: 112
	 >>> Epoch(s) 0112/0200 | acc: 0.62790 | loss: 0.694569290 | val_acc: 0.52440 | val_loss: 0.703694344 | Best epochs: 0102 | Best acc: 00.576400

 > Start epoch number: 113
	 >>> Epoch(s) 0113/0200 | acc: 0.58715 | loss: 0.698589802 | val_acc: 0.55600 | val_loss: 0.700434685 | Best epochs: 0102 | Best acc: 00.576400

 > Start epoch number: 114
	 >>> Epoch(s) 0114/0200 | acc: 0.61275 | loss: 0.695910354 | val_acc: 0.55840 | val_loss: 0.700336397 | Best epochs: 0102 | Best acc: 00.576400

 > Start epoch number: 115
	 >>> Epoch(s) 0115/0200 | acc: 0.63075 | loss: 0.694570283 | val_acc: 0.56700 | val_loss: 0.699536383 | Best epochs: 0102 | Best acc: 00.576400

 > Start epoch number: 116
	 >>> Epoch(s) 0116/0200 | acc: 0.62120 | loss: 0.695775886 | val_acc: 0.57180 | val_loss: 0.698733985 | Best epochs: 0102 | Best acc: 00.576400

 > Start epoch number: 117
	 >>> Epoch(s) 0117/0200 | acc: 0.62875 | loss: 0.694465617 | val_acc: 0.57780 | val_loss: 0.698971391 | Best epochs: 0117 | Best acc: 00.577800

 > Start epoch number: 118
	 >>> Epoch(s) 0118/0200 | acc: 0.64940 | loss: 0.692970792 | val_acc: 0.56860 | val_loss: 0.698724329 | Best epochs: 0117 | Best acc: 00.577800

 > Start epoch number: 119
	 >>> Epoch(s) 0119/0200 | acc: 0.65985 | loss: 0.692215880 | val_acc: 0.56000 | val_loss: 0.700378954 | Best epochs: 0117 | Best acc: 00.577800

 > Start epoch number: 120
	 >>> Epoch(s) 0120/0200 | acc: 0.63735 | loss: 0.693044742 | val_acc: 0.55400 | val_loss: 0.700406313 | Best epochs: 0117 | Best acc: 00.577800

 > Start epoch number: 121
	 >>> Epoch(s) 0121/0200 | acc: 0.61100 | loss: 0.695904016 | val_acc: 0.54220 | val_loss: 0.701540947 | Best epochs: 0117 | Best acc: 00.577800

 > Start epoch number: 122
	 >>> Epoch(s) 0122/0200 | acc: 0.60775 | loss: 0.695418894 | val_acc: 0.55300 | val_loss: 0.700916171 | Best epochs: 0117 | Best acc: 00.577800

 > Start epoch number: 123
	 >>> Epoch(s) 0123/0200 | acc: 0.64340 | loss: 0.693570932 | val_acc: 0.56420 | val_loss: 0.699897170 | Best epochs: 0117 | Best acc: 00.577800

 > Start epoch number: 124
	 >>> Epoch(s) 0124/0200 | acc: 0.63950 | loss: 0.694181542 | val_acc: 0.53060 | val_loss: 0.702698588 | Best epochs: 0117 | Best acc: 00.577800

 > Start epoch number: 125
	 >>> Epoch(s) 0125/0200 | acc: 0.61900 | loss: 0.695023874 | val_acc: 0.55580 | val_loss: 0.700650632 | Best epochs: 0117 | Best acc: 00.577800

 > Start epoch number: 126
	 >>> Epoch(s) 0126/0200 | acc: 0.64240 | loss: 0.693401555 | val_acc: 0.58680 | val_loss: 0.697772861 | Best epochs: 0126 | Best acc: 00.586800

 > Start epoch number: 127
	 >>> Epoch(s) 0127/0200 | acc: 0.67215 | loss: 0.690650443 | val_acc: 0.57160 | val_loss: 0.698927581 | Best epochs: 0126 | Best acc: 00.586800

 > Start epoch number: 128
	 >>> Epoch(s) 0128/0200 | acc: 0.63865 | loss: 0.693538845 | val_acc: 0.58500 | val_loss: 0.698076010 | Best epochs: 0126 | Best acc: 00.586800

 > Start epoch number: 129
	 >>> Epoch(s) 0129/0200 | acc: 0.66580 | loss: 0.691252291 | val_acc: 0.56140 | val_loss: 0.699272454 | Best epochs: 0126 | Best acc: 00.586800

 > Start epoch number: 130
	 >>> Epoch(s) 0130/0200 | acc: 0.66755 | loss: 0.691273073 | val_acc: 0.56740 | val_loss: 0.699327886 | Best epochs: 0126 | Best acc: 00.586800

 > Start epoch number: 131
	 >>> Epoch(s) 0131/0200 | acc: 0.63800 | loss: 0.694103221 | val_acc: 0.48720 | val_loss: 0.705924988 | Best epochs: 0126 | Best acc: 00.586800

 > Start epoch number: 132
	 >>> Epoch(s) 0132/0200 | acc: 0.59535 | loss: 0.697672606 | val_acc: 0.53560 | val_loss: 0.702586234 | Best epochs: 0126 | Best acc: 00.586800

 > Start epoch number: 133
	 >>> Epoch(s) 0133/0200 | acc: 0.61950 | loss: 0.695527951 | val_acc: 0.54060 | val_loss: 0.701847017 | Best epochs: 0126 | Best acc: 00.586800

 > Start epoch number: 134
	 >>> Epoch(s) 0134/0200 | acc: 0.62435 | loss: 0.695262810 | val_acc: 0.56320 | val_loss: 0.700260222 | Best epochs: 0126 | Best acc: 00.586800

 > Start epoch number: 135
	 >>> Epoch(s) 0135/0200 | acc: 0.64915 | loss: 0.692936063 | val_acc: 0.56400 | val_loss: 0.699743330 | Best epochs: 0126 | Best acc: 00.586800

 > Start epoch number: 136
	 >>> Epoch(s) 0136/0200 | acc: 0.63865 | loss: 0.694001079 | val_acc: 0.57360 | val_loss: 0.698906064 | Best epochs: 0126 | Best acc: 00.586800

 > Start epoch number: 137
	 >>> Epoch(s) 0137/0200 | acc: 0.64310 | loss: 0.693632901 | val_acc: 0.52820 | val_loss: 0.702506363 | Best epochs: 0126 | Best acc: 00.586800

 > Start epoch number: 138
	 >>> Epoch(s) 0138/0200 | acc: 0.61410 | loss: 0.695903699 | val_acc: 0.55840 | val_loss: 0.700045586 | Best epochs: 0126 | Best acc: 00.586800

 > Start epoch number: 139
	 >>> Epoch(s) 0139/0200 | acc: 0.63695 | loss: 0.693898877 | val_acc: 0.56380 | val_loss: 0.699456096 | Best epochs: 0126 | Best acc: 00.586800

 > Start epoch number: 140
	 >>> Epoch(s) 0140/0200 | acc: 0.64825 | loss: 0.693204423 | val_acc: 0.51520 | val_loss: 0.703806639 | Best epochs: 0126 | Best acc: 00.586800

 > Start epoch number: 141
	 >>> Epoch(s) 0141/0200 | acc: 0.59740 | loss: 0.696977377 | val_acc: 0.52240 | val_loss: 0.703882933 | Best epochs: 0126 | Best acc: 00.586800

 > Start epoch number: 142
	 >>> Epoch(s) 0142/0200 | acc: 0.62830 | loss: 0.694808106 | val_acc: 0.58560 | val_loss: 0.698379815 | Best epochs: 0126 | Best acc: 00.586800

 > Start epoch number: 143
	 >>> Epoch(s) 0143/0200 | acc: 0.65640 | loss: 0.692612092 | val_acc: 0.58700 | val_loss: 0.698120117 | Best epochs: 0143 | Best acc: 00.587000

 > Start epoch number: 144
	 >>> Epoch(s) 0144/0200 | acc: 0.67410 | loss: 0.691122631 | val_acc: 0.57520 | val_loss: 0.698597968 | Best epochs: 0143 | Best acc: 00.587000

 > Start epoch number: 145
	 >>> Epoch(s) 0145/0200 | acc: 0.66695 | loss: 0.691263537 | val_acc: 0.60120 | val_loss: 0.696798086 | Best epochs: 0145 | Best acc: 00.601200

 > Start epoch number: 146
	 >>> Epoch(s) 0146/0200 | acc: 0.69370 | loss: 0.689377904 | val_acc: 0.57360 | val_loss: 0.698579848 | Best epochs: 0145 | Best acc: 00.601200

 > Start epoch number: 147
	 >>> Epoch(s) 0147/0200 | acc: 0.67070 | loss: 0.690446635 | val_acc: 0.57500 | val_loss: 0.698341489 | Best epochs: 0145 | Best acc: 00.601200

 > Start epoch number: 148
	 >>> Epoch(s) 0148/0200 | acc: 0.68860 | loss: 0.689003825 | val_acc: 0.57220 | val_loss: 0.698829651 | Best epochs: 0145 | Best acc: 00.601200

 > Start epoch number: 149
	 >>> Epoch(s) 0149/0200 | acc: 0.66615 | loss: 0.690933704 | val_acc: 0.57400 | val_loss: 0.698846698 | Best epochs: 0145 | Best acc: 00.601200

 > Start epoch number: 150
	 >>> Epoch(s) 0150/0200 | acc: 0.67640 | loss: 0.690141658 | val_acc: 0.56840 | val_loss: 0.699034333 | Best epochs: 0145 | Best acc: 00.601200

 > Start epoch number: 151
	 >>> Epoch(s) 0151/0200 | acc: 0.68395 | loss: 0.689566294 | val_acc: 0.58840 | val_loss: 0.697202325 | Best epochs: 0145 | Best acc: 00.601200

 > Start epoch number: 152
	 >>> Epoch(s) 0152/0200 | acc: 0.67295 | loss: 0.690956215 | val_acc: 0.55800 | val_loss: 0.699852943 | Best epochs: 0145 | Best acc: 00.601200

 > Start epoch number: 153
	 >>> Epoch(s) 0153/0200 | acc: 0.65690 | loss: 0.692000429 | val_acc: 0.57140 | val_loss: 0.699654520 | Best epochs: 0145 | Best acc: 00.601200

 > Start epoch number: 154
	 >>> Epoch(s) 0154/0200 | acc: 0.66105 | loss: 0.691798508 | val_acc: 0.56860 | val_loss: 0.699706376 | Best epochs: 0145 | Best acc: 00.601200

 > Start epoch number: 155
	 >>> Epoch(s) 0155/0200 | acc: 0.66660 | loss: 0.691119373 | val_acc: 0.59580 | val_loss: 0.696906567 | Best epochs: 0145 | Best acc: 00.601200

 > Start epoch number: 156
	 >>> Epoch(s) 0156/0200 | acc: 0.68915 | loss: 0.689541539 | val_acc: 0.59500 | val_loss: 0.696719825 | Best epochs: 0145 | Best acc: 00.601200

 > Start epoch number: 157
	 >>> Epoch(s) 0157/0200 | acc: 0.68035 | loss: 0.690449039 | val_acc: 0.55540 | val_loss: 0.700502336 | Best epochs: 0145 | Best acc: 00.601200

 > Start epoch number: 158
	 >>> Epoch(s) 0158/0200 | acc: 0.62720 | loss: 0.694101016 | val_acc: 0.55020 | val_loss: 0.700944364 | Best epochs: 0145 | Best acc: 00.601200

 > Start epoch number: 159
	 >>> Epoch(s) 0159/0200 | acc: 0.64835 | loss: 0.692754209 | val_acc: 0.57480 | val_loss: 0.698530912 | Best epochs: 0145 | Best acc: 00.601200

 > Start epoch number: 160
	 >>> Epoch(s) 0160/0200 | acc: 0.67770 | loss: 0.690439820 | val_acc: 0.58920 | val_loss: 0.697372079 | Best epochs: 0145 | Best acc: 00.601200

 > Start epoch number: 161
	 >>> Epoch(s) 0161/0200 | acc: 0.69070 | loss: 0.689362784 | val_acc: 0.57640 | val_loss: 0.698364258 | Best epochs: 0145 | Best acc: 00.601200

 > Start epoch number: 162
	 >>> Epoch(s) 0162/0200 | acc: 0.67715 | loss: 0.690051099 | val_acc: 0.60280 | val_loss: 0.696337879 | Best epochs: 0162 | Best acc: 00.602800

 > Start epoch number: 163
	 >>> Epoch(s) 0163/0200 | acc: 0.70185 | loss: 0.688039164 | val_acc: 0.60480 | val_loss: 0.696476877 | Best epochs: 0163 | Best acc: 00.604800

 > Start epoch number: 164
	 >>> Epoch(s) 0164/0200 | acc: 0.68995 | loss: 0.689315776 | val_acc: 0.58000 | val_loss: 0.698366523 | Best epochs: 0163 | Best acc: 00.604800

 > Start epoch number: 165
	 >>> Epoch(s) 0165/0200 | acc: 0.67600 | loss: 0.690248966 | val_acc: 0.58080 | val_loss: 0.697882652 | Best epochs: 0163 | Best acc: 00.604800

 > Start epoch number: 166
	 >>> Epoch(s) 0166/0200 | acc: 0.68715 | loss: 0.689500133 | val_acc: 0.57980 | val_loss: 0.698072195 | Best epochs: 0163 | Best acc: 00.604800

 > Start epoch number: 167
	 >>> Epoch(s) 0167/0200 | acc: 0.68830 | loss: 0.689316014 | val_acc: 0.60020 | val_loss: 0.696728647 | Best epochs: 0163 | Best acc: 00.604800

 > Start epoch number: 168
	 >>> Epoch(s) 0168/0200 | acc: 0.67655 | loss: 0.690803846 | val_acc: 0.58980 | val_loss: 0.697109699 | Best epochs: 0163 | Best acc: 00.604800

 > Start epoch number: 169
	 >>> Epoch(s) 0169/0200 | acc: 0.68480 | loss: 0.689798693 | val_acc: 0.58360 | val_loss: 0.697962940 | Best epochs: 0163 | Best acc: 00.604800

 > Start epoch number: 170
	 >>> Epoch(s) 0170/0200 | acc: 0.69360 | loss: 0.688586235 | val_acc: 0.59280 | val_loss: 0.697331309 | Best epochs: 0163 | Best acc: 00.604800

 > Start epoch number: 171
	 >>> Epoch(s) 0171/0200 | acc: 0.68560 | loss: 0.689653118 | val_acc: 0.58280 | val_loss: 0.698166490 | Best epochs: 0163 | Best acc: 00.604800

 > Start epoch number: 172
	 >>> Epoch(s) 0172/0200 | acc: 0.68755 | loss: 0.689267218 | val_acc: 0.59160 | val_loss: 0.697248578 | Best epochs: 0163 | Best acc: 00.604800

 > Start epoch number: 173
	 >>> Epoch(s) 0173/0200 | acc: 0.70005 | loss: 0.688056767 | val_acc: 0.55560 | val_loss: 0.700086415 | Best epochs: 0163 | Best acc: 00.604800

 > Start epoch number: 174
	 >>> Epoch(s) 0174/0200 | acc: 0.63280 | loss: 0.693693658 | val_acc: 0.54000 | val_loss: 0.702390194 | Best epochs: 0163 | Best acc: 00.604800

 > Start epoch number: 175
	 >>> Epoch(s) 0175/0200 | acc: 0.63755 | loss: 0.693384151 | val_acc: 0.57700 | val_loss: 0.698932648 | Best epochs: 0163 | Best acc: 00.604800

 > Start epoch number: 176
	 >>> Epoch(s) 0176/0200 | acc: 0.67685 | loss: 0.690731823 | val_acc: 0.59000 | val_loss: 0.697480083 | Best epochs: 0163 | Best acc: 00.604800

 > Start epoch number: 177
	 >>> Epoch(s) 0177/0200 | acc: 0.70415 | loss: 0.688173672 | val_acc: 0.59320 | val_loss: 0.697150469 | Best epochs: 0163 | Best acc: 00.604800

 > Start epoch number: 178
	 >>> Epoch(s) 0178/0200 | acc: 0.68660 | loss: 0.690304180 | val_acc: 0.56400 | val_loss: 0.699638128 | Best epochs: 0163 | Best acc: 00.604800

 > Start epoch number: 179
	 >>> Epoch(s) 0179/0200 | acc: 0.69460 | loss: 0.689353466 | val_acc: 0.58940 | val_loss: 0.697422266 | Best epochs: 0163 | Best acc: 00.604800

 > Start epoch number: 180
	 >>> Epoch(s) 0180/0200 | acc: 0.69765 | loss: 0.688745618 | val_acc: 0.59820 | val_loss: 0.696560442 | Best epochs: 0163 | Best acc: 00.604800

 > Start epoch number: 181
	 >>> Epoch(s) 0181/0200 | acc: 0.70305 | loss: 0.687848091 | val_acc: 0.57440 | val_loss: 0.698495865 | Best epochs: 0163 | Best acc: 00.604800

 > Start epoch number: 182
	 >>> Epoch(s) 0182/0200 | acc: 0.65150 | loss: 0.692321380 | val_acc: 0.57900 | val_loss: 0.698525429 | Best epochs: 0163 | Best acc: 00.604800

 > Start epoch number: 183
	 >>> Epoch(s) 0183/0200 | acc: 0.66755 | loss: 0.690733711 | val_acc: 0.57660 | val_loss: 0.699053288 | Best epochs: 0163 | Best acc: 00.604800

 > Start epoch number: 184
	 >>> Epoch(s) 0184/0200 | acc: 0.70050 | loss: 0.688592494 | val_acc: 0.57780 | val_loss: 0.698336959 | Best epochs: 0163 | Best acc: 00.604800

 > Start epoch number: 185
	 >>> Epoch(s) 0185/0200 | acc: 0.69995 | loss: 0.688249509 | val_acc: 0.60160 | val_loss: 0.696685612 | Best epochs: 0163 | Best acc: 00.604800

 > Start epoch number: 186
	 >>> Epoch(s) 0186/0200 | acc: 0.72275 | loss: 0.686561465 | val_acc: 0.60100 | val_loss: 0.696409643 | Best epochs: 0163 | Best acc: 00.604800

 > Start epoch number: 187
	 >>> Epoch(s) 0187/0200 | acc: 0.72635 | loss: 0.686181466 | val_acc: 0.59640 | val_loss: 0.696628273 | Best epochs: 0163 | Best acc: 00.604800

 > Start epoch number: 188
	 >>> Epoch(s) 0188/0200 | acc: 0.70970 | loss: 0.687520385 | val_acc: 0.57940 | val_loss: 0.698030114 | Best epochs: 0163 | Best acc: 00.604800

 > Start epoch number: 189
	 >>> Epoch(s) 0189/0200 | acc: 0.69510 | loss: 0.687999606 | val_acc: 0.58320 | val_loss: 0.697380126 | Best epochs: 0163 | Best acc: 00.604800

 > Start epoch number: 190
	 >>> Epoch(s) 0190/0200 | acc: 0.70485 | loss: 0.687184175 | val_acc: 0.59040 | val_loss: 0.697212338 | Best epochs: 0163 | Best acc: 00.604800

 > Start epoch number: 191
	 >>> Epoch(s) 0191/0200 | acc: 0.71320 | loss: 0.686877429 | val_acc: 0.58680 | val_loss: 0.697399616 | Best epochs: 0163 | Best acc: 00.604800

 > Start epoch number: 192
	 >>> Epoch(s) 0192/0200 | acc: 0.70175 | loss: 0.687895099 | val_acc: 0.60680 | val_loss: 0.695989370 | Best epochs: 0192 | Best acc: 00.606800

 > Start epoch number: 193
	 >>> Epoch(s) 0193/0200 | acc: 0.72950 | loss: 0.685510695 | val_acc: 0.60140 | val_loss: 0.696041524 | Best epochs: 0192 | Best acc: 00.606800

 > Start epoch number: 194
	 >>> Epoch(s) 0194/0200 | acc: 0.73630 | loss: 0.685160855 | val_acc: 0.58200 | val_loss: 0.697715998 | Best epochs: 0192 | Best acc: 00.606800

 > Start epoch number: 195
	 >>> Epoch(s) 0195/0200 | acc: 0.67160 | loss: 0.689952473 | val_acc: 0.55360 | val_loss: 0.700537860 | Best epochs: 0192 | Best acc: 00.606800

 > Start epoch number: 196
	 >>> Epoch(s) 0196/0200 | acc: 0.67035 | loss: 0.691289763 | val_acc: 0.54760 | val_loss: 0.701029360 | Best epochs: 0192 | Best acc: 00.606800

 > Start epoch number: 197
	 >>> Epoch(s) 0197/0200 | acc: 0.65500 | loss: 0.691436370 | val_acc: 0.56280 | val_loss: 0.700016618 | Best epochs: 0192 | Best acc: 00.606800

 > Start epoch number: 198
	 >>> Epoch(s) 0198/0200 | acc: 0.67335 | loss: 0.691078206 | val_acc: 0.54540 | val_loss: 0.701595604 | Best epochs: 0192 | Best acc: 00.606800

 > Start epoch number: 199
	 >>> Epoch(s) 0199/0200 | acc: 0.62800 | loss: 0.694875459 | val_acc: 0.54720 | val_loss: 0.700943053 | Best epochs: 0192 | Best acc: 00.606800

 > Start epoch number: 200
	 >>> Epoch(s) 0200/0200 | acc: 0.65045 | loss: 0.692790071 | val_acc: 0.56660 | val_loss: 0.700214803 | Best epochs: 0192 | Best acc: 00.606800
Shape of preprocessed data: torch.Size([50000, 3, 32, 32])
Shape of preprocessed data: torch.Size([50000, 3, 32, 32])
Shape of preprocessed data: torch.Size([50000, 3, 32, 32])
SDEs for 10.0-gaussian-pertubed CIFAR10 = 0.58746337890625
SDEs for 15.0-gaussian-pertubed CIFAR10 = 0.573486328125
SDEs for 20.0-gaussian-pertubed CIFAR10 = 0.55218505859375
