Files already downloaded and verified
Generating None-pertubed-dataset
Shape of preprocessed data: torch.Size([50000, 3, 32, 32])
Generating [15.0]-pertubed-dataset
Shape of preprocessed data: torch.Size([50000, 3, 32, 32])
Spliting dataset
Creating model
SDENet(
  (fe): Sequential(
    (0): Conv2d(3, 16, kernel_size=(3, 3), stride=(1, 1))
    (1): GroupNorm(8, 16, eps=1e-05, affine=True)
    (2): ReLU()
    (3): Conv2d(16, 32, kernel_size=(3, 3), stride=(2, 2))
    (4): GroupNorm(16, 32, eps=1e-05, affine=True)
    (5): ReLU()
    (6): Conv2d(32, 64, kernel_size=(3, 3), stride=(2, 2))
    (7): GroupNorm(32, 64, eps=1e-05, affine=True)
    (8): ReLU()
  )
  (flat): Flatten(start_dim=1, end_dim=-1)
  (rm): SDEBlock(
    (drift): ConvolutionDrift(
      (conv1): ConcatConv2d(
        (_layer): Conv2d(65, 64, kernel_size=(3, 3), stride=(1, 1), padding=(1, 1))
      )
      (norm1): Norm(
        (norm): GroupNorm(32, 64, eps=1e-05, affine=True)
      )
      (relu): ReLU(inplace=True)
      (conv2): ConcatConv2d(
        (_layer): Conv2d(65, 64, kernel_size=(3, 3), stride=(1, 1), padding=(1, 1))
      )
      (norm2): Norm(
        (norm): GroupNorm(32, 64, eps=1e-05, affine=True)
      )
    )
    (diffusion): ConvolutionDiffusion(
      (relu): ReLU()
      (norm1): Norm(
        (norm): GroupNorm(32, 64, eps=1e-05, affine=True)
      )
      (conv1): ConcatConv2d(
        (_layer): Conv2d(65, 64, kernel_size=(3, 3), stride=(1, 1), padding=(1, 1))
      )
      (conv2): ConcatConv2d(
        (_layer): Conv2d(65, 64, kernel_size=(3, 3), stride=(1, 1), padding=(1, 1))
      )
      (norm2): Norm(
        (norm): GroupNorm(32, 64, eps=1e-05, affine=True)
      )
      (conv3): ConcatConv2d(
        (_layer): Conv2d(65, 64, kernel_size=(3, 3), stride=(1, 1), padding=(1, 1))
      )
      (norm3): Norm(
        (norm): GroupNorm(32, 64, eps=1e-05, affine=True)
      )
    )
  )
  (fcc): Sequential(
    (0): Linear(in_features=2304, out_features=32, bias=True)
    (1): Linear(in_features=32, out_features=10, bias=True)
    (2): Softmax(dim=1)
  )
)
> Numbers of parameters in model: 286058

 > Start epoch number: 1
	 >>> Epoch(s) 0001/0225 | acc: 0.10830 | loss: 0.734785775 | val_acc: 0.14900 | val_loss: 0.733869195 | Best epochs: 0001 | Best acc: 00.149000

 > Start epoch number: 2
	 >>> Epoch(s) 0002/0225 | acc: 0.16115 | loss: 0.733241796 | val_acc: 0.16040 | val_loss: 0.732306480 | Best epochs: 0002 | Best acc: 00.160400

 > Start epoch number: 3
	 >>> Epoch(s) 0003/0225 | acc: 0.18650 | loss: 0.731375535 | val_acc: 0.21560 | val_loss: 0.730186999 | Best epochs: 0003 | Best acc: 00.215600

 > Start epoch number: 4
	 >>> Epoch(s) 0004/0225 | acc: 0.22995 | loss: 0.729193091 | val_acc: 0.24680 | val_loss: 0.728278518 | Best epochs: 0004 | Best acc: 00.246800

 > Start epoch number: 5
	 >>> Epoch(s) 0005/0225 | acc: 0.25900 | loss: 0.727322539 | val_acc: 0.26180 | val_loss: 0.726749837 | Best epochs: 0005 | Best acc: 00.261800

 > Start epoch number: 6
	 >>> Epoch(s) 0006/0225 | acc: 0.27530 | loss: 0.725865523 | val_acc: 0.27680 | val_loss: 0.725400627 | Best epochs: 0006 | Best acc: 00.276800

 > Start epoch number: 7
	 >>> Epoch(s) 0007/0225 | acc: 0.28740 | loss: 0.724386632 | val_acc: 0.29060 | val_loss: 0.724042654 | Best epochs: 0007 | Best acc: 00.290600

 > Start epoch number: 8
	 >>> Epoch(s) 0008/0225 | acc: 0.30305 | loss: 0.722980698 | val_acc: 0.31360 | val_loss: 0.722763896 | Best epochs: 0008 | Best acc: 00.313600

 > Start epoch number: 9
	 >>> Epoch(s) 0009/0225 | acc: 0.32595 | loss: 0.721477270 | val_acc: 0.32240 | val_loss: 0.721408546 | Best epochs: 0009 | Best acc: 00.322400

 > Start epoch number: 10
	 >>> Epoch(s) 0010/0225 | acc: 0.32505 | loss: 0.721845011 | val_acc: 0.27920 | val_loss: 0.724643290 | Best epochs: 0009 | Best acc: 00.322400

 > Start epoch number: 11
	 >>> Epoch(s) 0011/0225 | acc: 0.30280 | loss: 0.722535014 | val_acc: 0.31440 | val_loss: 0.721771240 | Best epochs: 0009 | Best acc: 00.322400

 > Start epoch number: 12
	 >>> Epoch(s) 0012/0225 | acc: 0.33265 | loss: 0.720441540 | val_acc: 0.34260 | val_loss: 0.719962478 | Best epochs: 0012 | Best acc: 00.342600

 > Start epoch number: 13
	 >>> Epoch(s) 0013/0225 | acc: 0.36000 | loss: 0.718773127 | val_acc: 0.36140 | val_loss: 0.718542695 | Best epochs: 0013 | Best acc: 00.361400

 > Start epoch number: 14
	 >>> Epoch(s) 0014/0225 | acc: 0.37565 | loss: 0.717568318 | val_acc: 0.37280 | val_loss: 0.717950284 | Best epochs: 0014 | Best acc: 00.372800

 > Start epoch number: 15
	 >>> Epoch(s) 0015/0225 | acc: 0.38280 | loss: 0.716598570 | val_acc: 0.37300 | val_loss: 0.716791868 | Best epochs: 0015 | Best acc: 00.373000

 > Start epoch number: 16
	 >>> Epoch(s) 0016/0225 | acc: 0.38225 | loss: 0.716666639 | val_acc: 0.36700 | val_loss: 0.717900753 | Best epochs: 0015 | Best acc: 00.373000

 > Start epoch number: 17
	 >>> Epoch(s) 0017/0225 | acc: 0.38910 | loss: 0.715936025 | val_acc: 0.38520 | val_loss: 0.715963244 | Best epochs: 0017 | Best acc: 00.385200

 > Start epoch number: 18
	 >>> Epoch(s) 0018/0225 | acc: 0.40680 | loss: 0.714457254 | val_acc: 0.39560 | val_loss: 0.715537965 | Best epochs: 0018 | Best acc: 00.395600

 > Start epoch number: 19
	 >>> Epoch(s) 0019/0225 | acc: 0.40345 | loss: 0.714639584 | val_acc: 0.39680 | val_loss: 0.714995921 | Best epochs: 0019 | Best acc: 00.396800

 > Start epoch number: 20
	 >>> Epoch(s) 0020/0225 | acc: 0.42240 | loss: 0.713315547 | val_acc: 0.40880 | val_loss: 0.714296103 | Best epochs: 0020 | Best acc: 00.408800

 > Start epoch number: 21
	 >>> Epoch(s) 0021/0225 | acc: 0.42525 | loss: 0.712689857 | val_acc: 0.38400 | val_loss: 0.716220737 | Best epochs: 0020 | Best acc: 00.408800

 > Start epoch number: 22
	 >>> Epoch(s) 0022/0225 | acc: 0.39565 | loss: 0.715145528 | val_acc: 0.38880 | val_loss: 0.715821683 | Best epochs: 0020 | Best acc: 00.408800

 > Start epoch number: 23
	 >>> Epoch(s) 0023/0225 | acc: 0.40870 | loss: 0.714331786 | val_acc: 0.40060 | val_loss: 0.714939296 | Best epochs: 0020 | Best acc: 00.408800

 > Start epoch number: 24
	 >>> Epoch(s) 0024/0225 | acc: 0.42990 | loss: 0.712449173 | val_acc: 0.42100 | val_loss: 0.713079214 | Best epochs: 0024 | Best acc: 00.421000

 > Start epoch number: 25
	 >>> Epoch(s) 0025/0225 | acc: 0.44670 | loss: 0.711179078 | val_acc: 0.42400 | val_loss: 0.713119686 | Best epochs: 0025 | Best acc: 00.424000

 > Start epoch number: 26
	 >>> Epoch(s) 0026/0225 | acc: 0.42660 | loss: 0.712460180 | val_acc: 0.43140 | val_loss: 0.712244213 | Best epochs: 0026 | Best acc: 00.431400

 > Start epoch number: 27
	 >>> Epoch(s) 0027/0225 | acc: 0.45540 | loss: 0.710515042 | val_acc: 0.39780 | val_loss: 0.714877307 | Best epochs: 0026 | Best acc: 00.431400

 > Start epoch number: 28
	 >>> Epoch(s) 0028/0225 | acc: 0.42530 | loss: 0.712125142 | val_acc: 0.42240 | val_loss: 0.712903023 | Best epochs: 0026 | Best acc: 00.431400

 > Start epoch number: 29
	 >>> Epoch(s) 0029/0225 | acc: 0.45175 | loss: 0.710815469 | val_acc: 0.43400 | val_loss: 0.712077022 | Best epochs: 0029 | Best acc: 00.434000

 > Start epoch number: 30
	 >>> Epoch(s) 0030/0225 | acc: 0.46600 | loss: 0.709382912 | val_acc: 0.44180 | val_loss: 0.711083710 | Best epochs: 0030 | Best acc: 00.441800

 > Start epoch number: 31
	 >>> Epoch(s) 0031/0225 | acc: 0.48000 | loss: 0.708132823 | val_acc: 0.44480 | val_loss: 0.711117327 | Best epochs: 0031 | Best acc: 00.444800

 > Start epoch number: 32
	 >>> Epoch(s) 0032/0225 | acc: 0.46745 | loss: 0.709302743 | val_acc: 0.44640 | val_loss: 0.710784733 | Best epochs: 0032 | Best acc: 00.446400

 > Start epoch number: 33
	 >>> Epoch(s) 0033/0225 | acc: 0.47785 | loss: 0.708561500 | val_acc: 0.45940 | val_loss: 0.709525824 | Best epochs: 0033 | Best acc: 00.459400

 > Start epoch number: 34
	 >>> Epoch(s) 0034/0225 | acc: 0.49960 | loss: 0.706716677 | val_acc: 0.47300 | val_loss: 0.708923876 | Best epochs: 0034 | Best acc: 00.473000

 > Start epoch number: 35
	 >>> Epoch(s) 0035/0225 | acc: 0.49635 | loss: 0.707119882 | val_acc: 0.44280 | val_loss: 0.710553050 | Best epochs: 0034 | Best acc: 00.473000

 > Start epoch number: 36
	 >>> Epoch(s) 0036/0225 | acc: 0.46010 | loss: 0.708671192 | val_acc: 0.45260 | val_loss: 0.710083365 | Best epochs: 0034 | Best acc: 00.473000

 > Start epoch number: 37
	 >>> Epoch(s) 0037/0225 | acc: 0.50650 | loss: 0.706654708 | val_acc: 0.47360 | val_loss: 0.708500743 | Best epochs: 0037 | Best acc: 00.473600

 > Start epoch number: 38
	 >>> Epoch(s) 0038/0225 | acc: 0.51365 | loss: 0.705134094 | val_acc: 0.47720 | val_loss: 0.707876086 | Best epochs: 0038 | Best acc: 00.477200

 > Start epoch number: 39
	 >>> Epoch(s) 0039/0225 | acc: 0.49665 | loss: 0.707273086 | val_acc: 0.46160 | val_loss: 0.709317744 | Best epochs: 0038 | Best acc: 00.477200

 > Start epoch number: 40
	 >>> Epoch(s) 0040/0225 | acc: 0.50350 | loss: 0.706256131 | val_acc: 0.49060 | val_loss: 0.706794202 | Best epochs: 0040 | Best acc: 00.490600

 > Start epoch number: 41
	 >>> Epoch(s) 0041/0225 | acc: 0.53270 | loss: 0.703970889 | val_acc: 0.48620 | val_loss: 0.706962943 | Best epochs: 0040 | Best acc: 00.490600

 > Start epoch number: 42
	 >>> Epoch(s) 0042/0225 | acc: 0.53060 | loss: 0.703808963 | val_acc: 0.48700 | val_loss: 0.706616223 | Best epochs: 0040 | Best acc: 00.490600

 > Start epoch number: 43
	 >>> Epoch(s) 0043/0225 | acc: 0.53870 | loss: 0.702741762 | val_acc: 0.50480 | val_loss: 0.705506325 | Best epochs: 0043 | Best acc: 00.504800

 > Start epoch number: 44
	 >>> Epoch(s) 0044/0225 | acc: 0.52635 | loss: 0.704955777 | val_acc: 0.46400 | val_loss: 0.708216250 | Best epochs: 0043 | Best acc: 00.504800

 > Start epoch number: 45
	 >>> Epoch(s) 0045/0225 | acc: 0.50325 | loss: 0.706028958 | val_acc: 0.48440 | val_loss: 0.707431257 | Best epochs: 0043 | Best acc: 00.504800

 > Start epoch number: 46
	 >>> Epoch(s) 0046/0225 | acc: 0.52560 | loss: 0.704096953 | val_acc: 0.50200 | val_loss: 0.706147611 | Best epochs: 0043 | Best acc: 00.504800

 > Start epoch number: 47
	 >>> Epoch(s) 0047/0225 | acc: 0.54330 | loss: 0.702639361 | val_acc: 0.50360 | val_loss: 0.705808640 | Best epochs: 0043 | Best acc: 00.504800

 > Start epoch number: 48
	 >>> Epoch(s) 0048/0225 | acc: 0.55615 | loss: 0.701635897 | val_acc: 0.51060 | val_loss: 0.704913080 | Best epochs: 0048 | Best acc: 00.510600

 > Start epoch number: 49
	 >>> Epoch(s) 0049/0225 | acc: 0.55575 | loss: 0.701340040 | val_acc: 0.51480 | val_loss: 0.704534173 | Best epochs: 0049 | Best acc: 00.514800

 > Start epoch number: 50
	 >>> Epoch(s) 0050/0225 | acc: 0.56210 | loss: 0.700703025 | val_acc: 0.49460 | val_loss: 0.705869377 | Best epochs: 0049 | Best acc: 00.514800

 > Start epoch number: 51
	 >>> Epoch(s) 0051/0225 | acc: 0.56180 | loss: 0.700612247 | val_acc: 0.50480 | val_loss: 0.705119848 | Best epochs: 0049 | Best acc: 00.514800

 > Start epoch number: 52
	 >>> Epoch(s) 0052/0225 | acc: 0.55550 | loss: 0.702328543 | val_acc: 0.46460 | val_loss: 0.708346605 | Best epochs: 0049 | Best acc: 00.514800

 > Start epoch number: 53
	 >>> Epoch(s) 0053/0225 | acc: 0.51910 | loss: 0.704363863 | val_acc: 0.49300 | val_loss: 0.706390619 | Best epochs: 0049 | Best acc: 00.514800

 > Start epoch number: 54
	 >>> Epoch(s) 0054/0225 | acc: 0.54495 | loss: 0.702022632 | val_acc: 0.51640 | val_loss: 0.704654992 | Best epochs: 0054 | Best acc: 00.516400

 > Start epoch number: 55
	 >>> Epoch(s) 0055/0225 | acc: 0.57460 | loss: 0.699880640 | val_acc: 0.52460 | val_loss: 0.703707457 | Best epochs: 0055 | Best acc: 00.524600

 > Start epoch number: 56
	 >>> Epoch(s) 0056/0225 | acc: 0.56070 | loss: 0.701495111 | val_acc: 0.49980 | val_loss: 0.705339372 | Best epochs: 0055 | Best acc: 00.524600

 > Start epoch number: 57
	 >>> Epoch(s) 0057/0225 | acc: 0.56315 | loss: 0.700775186 | val_acc: 0.51040 | val_loss: 0.704851687 | Best epochs: 0055 | Best acc: 00.524600

 > Start epoch number: 58
	 >>> Epoch(s) 0058/0225 | acc: 0.55380 | loss: 0.701085488 | val_acc: 0.51500 | val_loss: 0.704641998 | Best epochs: 0055 | Best acc: 00.524600

 > Start epoch number: 59
	 >>> Epoch(s) 0059/0225 | acc: 0.57185 | loss: 0.700454275 | val_acc: 0.51440 | val_loss: 0.704125583 | Best epochs: 0055 | Best acc: 00.524600

 > Start epoch number: 60
	 >>> Epoch(s) 0060/0225 | acc: 0.58050 | loss: 0.699722111 | val_acc: 0.51920 | val_loss: 0.704176068 | Best epochs: 0055 | Best acc: 00.524600

 > Start epoch number: 61
	 >>> Epoch(s) 0061/0225 | acc: 0.58080 | loss: 0.698682586 | val_acc: 0.53080 | val_loss: 0.703088760 | Best epochs: 0061 | Best acc: 00.530800

 > Start epoch number: 62
	 >>> Epoch(s) 0062/0225 | acc: 0.58390 | loss: 0.698897680 | val_acc: 0.49160 | val_loss: 0.705766141 | Best epochs: 0061 | Best acc: 00.530800

 > Start epoch number: 63
	 >>> Epoch(s) 0063/0225 | acc: 0.55610 | loss: 0.700553060 | val_acc: 0.51600 | val_loss: 0.704026103 | Best epochs: 0061 | Best acc: 00.530800

 > Start epoch number: 64
	 >>> Epoch(s) 0064/0225 | acc: 0.57065 | loss: 0.699652791 | val_acc: 0.50460 | val_loss: 0.705518126 | Best epochs: 0061 | Best acc: 00.530800

 > Start epoch number: 65
	 >>> Epoch(s) 0065/0225 | acc: 0.56775 | loss: 0.700308383 | val_acc: 0.53060 | val_loss: 0.702747166 | Best epochs: 0061 | Best acc: 00.530800

 > Start epoch number: 66
	 >>> Epoch(s) 0066/0225 | acc: 0.59830 | loss: 0.697379510 | val_acc: 0.51400 | val_loss: 0.703898370 | Best epochs: 0061 | Best acc: 00.530800

 > Start epoch number: 67
	 >>> Epoch(s) 0067/0225 | acc: 0.60630 | loss: 0.697071652 | val_acc: 0.52840 | val_loss: 0.702947259 | Best epochs: 0061 | Best acc: 00.530800

 > Start epoch number: 68
	 >>> Epoch(s) 0068/0225 | acc: 0.61270 | loss: 0.696360747 | val_acc: 0.53800 | val_loss: 0.702056229 | Best epochs: 0068 | Best acc: 00.538000

 > Start epoch number: 69
	 >>> Epoch(s) 0069/0225 | acc: 0.62630 | loss: 0.694822629 | val_acc: 0.55140 | val_loss: 0.700818002 | Best epochs: 0069 | Best acc: 00.551400

 > Start epoch number: 70
	 >>> Epoch(s) 0070/0225 | acc: 0.63490 | loss: 0.694097837 | val_acc: 0.53320 | val_loss: 0.702181101 | Best epochs: 0069 | Best acc: 00.551400

 > Start epoch number: 71
	 >>> Epoch(s) 0071/0225 | acc: 0.61435 | loss: 0.696038604 | val_acc: 0.53000 | val_loss: 0.702736676 | Best epochs: 0069 | Best acc: 00.551400

 > Start epoch number: 72
	 >>> Epoch(s) 0072/0225 | acc: 0.61380 | loss: 0.695544263 | val_acc: 0.53400 | val_loss: 0.701904953 | Best epochs: 0069 | Best acc: 00.551400

 > Start epoch number: 73
	 >>> Epoch(s) 0073/0225 | acc: 0.63030 | loss: 0.694219450 | val_acc: 0.54260 | val_loss: 0.701487303 | Best epochs: 0069 | Best acc: 00.551400

 > Start epoch number: 74
	 >>> Epoch(s) 0074/0225 | acc: 0.62925 | loss: 0.694671512 | val_acc: 0.53640 | val_loss: 0.702080429 | Best epochs: 0069 | Best acc: 00.551400

 > Start epoch number: 75
	 >>> Epoch(s) 0075/0225 | acc: 0.62540 | loss: 0.695036372 | val_acc: 0.54580 | val_loss: 0.701334536 | Best epochs: 0069 | Best acc: 00.551400

 > Start epoch number: 76
	 >>> Epoch(s) 0076/0225 | acc: 0.62155 | loss: 0.696136216 | val_acc: 0.49560 | val_loss: 0.705371678 | Best epochs: 0069 | Best acc: 00.551400

 > Start epoch number: 77
	 >>> Epoch(s) 0077/0225 | acc: 0.55470 | loss: 0.702054461 | val_acc: 0.49320 | val_loss: 0.706228197 | Best epochs: 0069 | Best acc: 00.551400

 > Start epoch number: 78
	 >>> Epoch(s) 0078/0225 | acc: 0.56375 | loss: 0.700693985 | val_acc: 0.51400 | val_loss: 0.704596877 | Best epochs: 0069 | Best acc: 00.551400

 > Start epoch number: 79
	 >>> Epoch(s) 0079/0225 | acc: 0.60195 | loss: 0.697899203 | val_acc: 0.52200 | val_loss: 0.703601360 | Best epochs: 0069 | Best acc: 00.551400

 > Start epoch number: 80
	 >>> Epoch(s) 0080/0225 | acc: 0.60320 | loss: 0.697674473 | val_acc: 0.52260 | val_loss: 0.703393579 | Best epochs: 0069 | Best acc: 00.551400

 > Start epoch number: 81
	 >>> Epoch(s) 0081/0225 | acc: 0.62185 | loss: 0.695938547 | val_acc: 0.54160 | val_loss: 0.701852143 | Best epochs: 0069 | Best acc: 00.551400

 > Start epoch number: 82
	 >>> Epoch(s) 0082/0225 | acc: 0.63915 | loss: 0.693660319 | val_acc: 0.55420 | val_loss: 0.700432301 | Best epochs: 0082 | Best acc: 00.554200

 > Start epoch number: 83
	 >>> Epoch(s) 0083/0225 | acc: 0.65580 | loss: 0.692176998 | val_acc: 0.53940 | val_loss: 0.701192141 | Best epochs: 0082 | Best acc: 00.554200

 > Start epoch number: 84
	 >>> Epoch(s) 0084/0225 | acc: 0.61890 | loss: 0.695800245 | val_acc: 0.51900 | val_loss: 0.703725636 | Best epochs: 0082 | Best acc: 00.554200

 > Start epoch number: 85
	 >>> Epoch(s) 0085/0225 | acc: 0.60970 | loss: 0.696154237 | val_acc: 0.53100 | val_loss: 0.702069283 | Best epochs: 0082 | Best acc: 00.554200

 > Start epoch number: 86
	 >>> Epoch(s) 0086/0225 | acc: 0.62040 | loss: 0.695700526 | val_acc: 0.53720 | val_loss: 0.702045619 | Best epochs: 0082 | Best acc: 00.554200

 > Start epoch number: 87
	 >>> Epoch(s) 0087/0225 | acc: 0.63100 | loss: 0.694754064 | val_acc: 0.54000 | val_loss: 0.701686323 | Best epochs: 0082 | Best acc: 00.554200

 > Start epoch number: 88
	 >>> Epoch(s) 0088/0225 | acc: 0.64475 | loss: 0.693112652 | val_acc: 0.53460 | val_loss: 0.702256203 | Best epochs: 0082 | Best acc: 00.554200

 > Start epoch number: 89
	 >>> Epoch(s) 0089/0225 | acc: 0.64565 | loss: 0.693704844 | val_acc: 0.54060 | val_loss: 0.701657474 | Best epochs: 0082 | Best acc: 00.554200

 > Start epoch number: 90
	 >>> Epoch(s) 0090/0225 | acc: 0.65140 | loss: 0.692782164 | val_acc: 0.55820 | val_loss: 0.700282097 | Best epochs: 0090 | Best acc: 00.558200

 > Start epoch number: 91
	 >>> Epoch(s) 0091/0225 | acc: 0.66030 | loss: 0.691886743 | val_acc: 0.52940 | val_loss: 0.702293038 | Best epochs: 0090 | Best acc: 00.558200

 > Start epoch number: 92
	 >>> Epoch(s) 0092/0225 | acc: 0.64830 | loss: 0.692442159 | val_acc: 0.53180 | val_loss: 0.702064335 | Best epochs: 0090 | Best acc: 00.558200

 > Start epoch number: 93
	 >>> Epoch(s) 0093/0225 | acc: 0.63305 | loss: 0.693916857 | val_acc: 0.52740 | val_loss: 0.702563405 | Best epochs: 0090 | Best acc: 00.558200

 > Start epoch number: 94
	 >>> Epoch(s) 0094/0225 | acc: 0.64890 | loss: 0.692223608 | val_acc: 0.55080 | val_loss: 0.700186372 | Best epochs: 0090 | Best acc: 00.558200

 > Start epoch number: 95
	 >>> Epoch(s) 0095/0225 | acc: 0.67875 | loss: 0.689964414 | val_acc: 0.57080 | val_loss: 0.698871255 | Best epochs: 0095 | Best acc: 00.570800

 > Start epoch number: 96
	 >>> Epoch(s) 0096/0225 | acc: 0.68245 | loss: 0.689332267 | val_acc: 0.52980 | val_loss: 0.702169955 | Best epochs: 0095 | Best acc: 00.570800

 > Start epoch number: 97
	 >>> Epoch(s) 0097/0225 | acc: 0.61000 | loss: 0.696069459 | val_acc: 0.52520 | val_loss: 0.702906311 | Best epochs: 0095 | Best acc: 00.570800

 > Start epoch number: 98
	 >>> Epoch(s) 0098/0225 | acc: 0.60005 | loss: 0.696758072 | val_acc: 0.51280 | val_loss: 0.704212666 | Best epochs: 0095 | Best acc: 00.570800

 > Start epoch number: 99
	 >>> Epoch(s) 0099/0225 | acc: 0.61665 | loss: 0.695417464 | val_acc: 0.52680 | val_loss: 0.703041494 | Best epochs: 0095 | Best acc: 00.570800

 > Start epoch number: 100
	 >>> Epoch(s) 0100/0225 | acc: 0.65430 | loss: 0.692873438 | val_acc: 0.54760 | val_loss: 0.701195896 | Best epochs: 0095 | Best acc: 00.570800

 > Start epoch number: 101
	 >>> Epoch(s) 0101/0225 | acc: 0.65870 | loss: 0.692608376 | val_acc: 0.53160 | val_loss: 0.702772319 | Best epochs: 0095 | Best acc: 00.570800

 > Start epoch number: 102
	 >>> Epoch(s) 0102/0225 | acc: 0.65260 | loss: 0.692302684 | val_acc: 0.56200 | val_loss: 0.699818730 | Best epochs: 0095 | Best acc: 00.570800

 > Start epoch number: 103
	 >>> Epoch(s) 0103/0225 | acc: 0.68795 | loss: 0.689175546 | val_acc: 0.56780 | val_loss: 0.699414492 | Best epochs: 0095 | Best acc: 00.570800

 > Start epoch number: 104
	 >>> Epoch(s) 0104/0225 | acc: 0.67655 | loss: 0.690501849 | val_acc: 0.49960 | val_loss: 0.704705656 | Best epochs: 0095 | Best acc: 00.570800

 > Start epoch number: 105
	 >>> Epoch(s) 0105/0225 | acc: 0.61775 | loss: 0.694818179 | val_acc: 0.54280 | val_loss: 0.701738834 | Best epochs: 0095 | Best acc: 00.570800

 > Start epoch number: 106
	 >>> Epoch(s) 0106/0225 | acc: 0.64565 | loss: 0.692503790 | val_acc: 0.54200 | val_loss: 0.701335311 | Best epochs: 0095 | Best acc: 00.570800

 > Start epoch number: 107
	 >>> Epoch(s) 0107/0225 | acc: 0.66615 | loss: 0.691379249 | val_acc: 0.54860 | val_loss: 0.700654984 | Best epochs: 0095 | Best acc: 00.570800

 > Start epoch number: 108
	 >>> Epoch(s) 0108/0225 | acc: 0.67690 | loss: 0.690085630 | val_acc: 0.54300 | val_loss: 0.701383114 | Best epochs: 0095 | Best acc: 00.570800

 > Start epoch number: 109
	 >>> Epoch(s) 0109/0225 | acc: 0.67700 | loss: 0.690206230 | val_acc: 0.55200 | val_loss: 0.700390458 | Best epochs: 0095 | Best acc: 00.570800

 > Start epoch number: 110
	 >>> Epoch(s) 0110/0225 | acc: 0.66950 | loss: 0.690891186 | val_acc: 0.55040 | val_loss: 0.700806558 | Best epochs: 0095 | Best acc: 00.570800

 > Start epoch number: 111
	 >>> Epoch(s) 0111/0225 | acc: 0.68605 | loss: 0.689764480 | val_acc: 0.55980 | val_loss: 0.700042248 | Best epochs: 0095 | Best acc: 00.570800

 > Start epoch number: 112
	 >>> Epoch(s) 0112/0225 | acc: 0.67960 | loss: 0.690308173 | val_acc: 0.53780 | val_loss: 0.701837540 | Best epochs: 0095 | Best acc: 00.570800

 > Start epoch number: 113
	 >>> Epoch(s) 0113/0225 | acc: 0.66910 | loss: 0.690366626 | val_acc: 0.55980 | val_loss: 0.700212955 | Best epochs: 0095 | Best acc: 00.570800

 > Start epoch number: 114
	 >>> Epoch(s) 0114/0225 | acc: 0.67035 | loss: 0.690501114 | val_acc: 0.54240 | val_loss: 0.701386094 | Best epochs: 0095 | Best acc: 00.570800

 > Start epoch number: 115
	 >>> Epoch(s) 0115/0225 | acc: 0.64300 | loss: 0.693637172 | val_acc: 0.51740 | val_loss: 0.703718126 | Best epochs: 0095 | Best acc: 00.570800

 > Start epoch number: 116
	 >>> Epoch(s) 0116/0225 | acc: 0.63485 | loss: 0.694088022 | val_acc: 0.53660 | val_loss: 0.702135921 | Best epochs: 0095 | Best acc: 00.570800

 > Start epoch number: 117
	 >>> Epoch(s) 0117/0225 | acc: 0.65670 | loss: 0.691842417 | val_acc: 0.55320 | val_loss: 0.700857043 | Best epochs: 0095 | Best acc: 00.570800

 > Start epoch number: 118
	 >>> Epoch(s) 0118/0225 | acc: 0.67845 | loss: 0.690370977 | val_acc: 0.55080 | val_loss: 0.700974524 | Best epochs: 0095 | Best acc: 00.570800

 > Start epoch number: 119
	 >>> Epoch(s) 0119/0225 | acc: 0.68410 | loss: 0.689503491 | val_acc: 0.54540 | val_loss: 0.700961709 | Best epochs: 0095 | Best acc: 00.570800

 > Start epoch number: 120
	 >>> Epoch(s) 0120/0225 | acc: 0.69210 | loss: 0.688733121 | val_acc: 0.55140 | val_loss: 0.700088501 | Best epochs: 0095 | Best acc: 00.570800

 > Start epoch number: 121
	 >>> Epoch(s) 0121/0225 | acc: 0.69380 | loss: 0.688797593 | val_acc: 0.53980 | val_loss: 0.701165736 | Best epochs: 0095 | Best acc: 00.570800

 > Start epoch number: 122
	 >>> Epoch(s) 0122/0225 | acc: 0.68585 | loss: 0.688910266 | val_acc: 0.55540 | val_loss: 0.700133860 | Best epochs: 0095 | Best acc: 00.570800

 > Start epoch number: 123
	 >>> Epoch(s) 0123/0225 | acc: 0.68170 | loss: 0.689600706 | val_acc: 0.55020 | val_loss: 0.700755596 | Best epochs: 0095 | Best acc: 00.570800

 > Start epoch number: 124
	 >>> Epoch(s) 0124/0225 | acc: 0.67165 | loss: 0.690408289 | val_acc: 0.53540 | val_loss: 0.701789200 | Best epochs: 0095 | Best acc: 00.570800

 > Start epoch number: 125
	 >>> Epoch(s) 0125/0225 | acc: 0.64645 | loss: 0.692443053 | val_acc: 0.53620 | val_loss: 0.701855063 | Best epochs: 0095 | Best acc: 00.570800

 > Start epoch number: 126
	 >>> Epoch(s) 0126/0225 | acc: 0.66625 | loss: 0.691483259 | val_acc: 0.52860 | val_loss: 0.702448547 | Best epochs: 0095 | Best acc: 00.570800

 > Start epoch number: 127
	 >>> Epoch(s) 0127/0225 | acc: 0.66820 | loss: 0.690662245 | val_acc: 0.55820 | val_loss: 0.700069129 | Best epochs: 0095 | Best acc: 00.570800

 > Start epoch number: 128
	 >>> Epoch(s) 0128/0225 | acc: 0.70215 | loss: 0.688308458 | val_acc: 0.57380 | val_loss: 0.698428750 | Best epochs: 0128 | Best acc: 00.573800

 > Start epoch number: 129
	 >>> Epoch(s) 0129/0225 | acc: 0.71930 | loss: 0.686588387 | val_acc: 0.57040 | val_loss: 0.699020922 | Best epochs: 0128 | Best acc: 00.573800

 > Start epoch number: 130
	 >>> Epoch(s) 0130/0225 | acc: 0.71995 | loss: 0.686440885 | val_acc: 0.51840 | val_loss: 0.703343093 | Best epochs: 0128 | Best acc: 00.573800

 > Start epoch number: 131
	 >>> Epoch(s) 0131/0225 | acc: 0.66935 | loss: 0.690013945 | val_acc: 0.51220 | val_loss: 0.703901649 | Best epochs: 0128 | Best acc: 00.573800

 > Start epoch number: 132
	 >>> Epoch(s) 0132/0225 | acc: 0.62340 | loss: 0.695325772 | val_acc: 0.52600 | val_loss: 0.703366518 | Best epochs: 0128 | Best acc: 00.573800

 > Start epoch number: 133
	 >>> Epoch(s) 0133/0225 | acc: 0.64410 | loss: 0.693073491 | val_acc: 0.53040 | val_loss: 0.702101648 | Best epochs: 0128 | Best acc: 00.573800

 > Start epoch number: 134
	 >>> Epoch(s) 0134/0225 | acc: 0.66925 | loss: 0.690718273 | val_acc: 0.54820 | val_loss: 0.701259434 | Best epochs: 0128 | Best acc: 00.573800

 > Start epoch number: 135
	 >>> Epoch(s) 0135/0225 | acc: 0.68490 | loss: 0.690012097 | val_acc: 0.54500 | val_loss: 0.701461911 | Best epochs: 0128 | Best acc: 00.573800

 > Start epoch number: 136
	 >>> Epoch(s) 0136/0225 | acc: 0.68830 | loss: 0.689502080 | val_acc: 0.56220 | val_loss: 0.699791372 | Best epochs: 0128 | Best acc: 00.573800

 > Start epoch number: 137
	 >>> Epoch(s) 0137/0225 | acc: 0.71070 | loss: 0.687449753 | val_acc: 0.56120 | val_loss: 0.699505627 | Best epochs: 0128 | Best acc: 00.573800

 > Start epoch number: 138
	 >>> Epoch(s) 0138/0225 | acc: 0.71135 | loss: 0.686701675 | val_acc: 0.57040 | val_loss: 0.698470056 | Best epochs: 0128 | Best acc: 00.573800

 > Start epoch number: 139
	 >>> Epoch(s) 0139/0225 | acc: 0.73035 | loss: 0.685607274 | val_acc: 0.54000 | val_loss: 0.701474845 | Best epochs: 0128 | Best acc: 00.573800

 > Start epoch number: 140
	 >>> Epoch(s) 0140/0225 | acc: 0.68805 | loss: 0.688514193 | val_acc: 0.54460 | val_loss: 0.700681210 | Best epochs: 0128 | Best acc: 00.573800

 > Start epoch number: 141
	 >>> Epoch(s) 0141/0225 | acc: 0.70915 | loss: 0.686885556 | val_acc: 0.54860 | val_loss: 0.700443566 | Best epochs: 0128 | Best acc: 00.573800

 > Start epoch number: 142
	 >>> Epoch(s) 0142/0225 | acc: 0.69460 | loss: 0.688360274 | val_acc: 0.55880 | val_loss: 0.699913085 | Best epochs: 0128 | Best acc: 00.573800

 > Start epoch number: 143
	 >>> Epoch(s) 0143/0225 | acc: 0.71255 | loss: 0.686732272 | val_acc: 0.56160 | val_loss: 0.699740946 | Best epochs: 0128 | Best acc: 00.573800

 > Start epoch number: 144
	 >>> Epoch(s) 0144/0225 | acc: 0.72175 | loss: 0.685879687 | val_acc: 0.55620 | val_loss: 0.699906707 | Best epochs: 0128 | Best acc: 00.573800

 > Start epoch number: 145
	 >>> Epoch(s) 0145/0225 | acc: 0.70400 | loss: 0.687440654 | val_acc: 0.54060 | val_loss: 0.701126158 | Best epochs: 0128 | Best acc: 00.573800

 > Start epoch number: 146
	 >>> Epoch(s) 0146/0225 | acc: 0.69985 | loss: 0.687354604 | val_acc: 0.54780 | val_loss: 0.700704217 | Best epochs: 0128 | Best acc: 00.573800

 > Start epoch number: 147
	 >>> Epoch(s) 0147/0225 | acc: 0.71485 | loss: 0.686769605 | val_acc: 0.53880 | val_loss: 0.701307774 | Best epochs: 0128 | Best acc: 00.573800

 > Start epoch number: 148
	 >>> Epoch(s) 0148/0225 | acc: 0.68950 | loss: 0.689422846 | val_acc: 0.54840 | val_loss: 0.700486243 | Best epochs: 0128 | Best acc: 00.573800

 > Start epoch number: 149
	 >>> Epoch(s) 0149/0225 | acc: 0.69380 | loss: 0.688369691 | val_acc: 0.52900 | val_loss: 0.702384830 | Best epochs: 0128 | Best acc: 00.573800

 > Start epoch number: 150
	 >>> Epoch(s) 0150/0225 | acc: 0.70295 | loss: 0.688071191 | val_acc: 0.54800 | val_loss: 0.700794816 | Best epochs: 0128 | Best acc: 00.573800

 > Start epoch number: 151
	 >>> Epoch(s) 0151/0225 | acc: 0.70730 | loss: 0.687014004 | val_acc: 0.57740 | val_loss: 0.698244512 | Best epochs: 0151 | Best acc: 00.577400

 > Start epoch number: 152
	 >>> Epoch(s) 0152/0225 | acc: 0.74100 | loss: 0.684503992 | val_acc: 0.56700 | val_loss: 0.699507415 | Best epochs: 0151 | Best acc: 00.577400

 > Start epoch number: 153
	 >>> Epoch(s) 0153/0225 | acc: 0.73415 | loss: 0.684521357 | val_acc: 0.56220 | val_loss: 0.699876845 | Best epochs: 0151 | Best acc: 00.577400

 > Start epoch number: 154
	 >>> Epoch(s) 0154/0225 | acc: 0.72410 | loss: 0.685456276 | val_acc: 0.55600 | val_loss: 0.699930668 | Best epochs: 0151 | Best acc: 00.577400

 > Start epoch number: 155
	 >>> Epoch(s) 0155/0225 | acc: 0.71175 | loss: 0.686772843 | val_acc: 0.55800 | val_loss: 0.699737191 | Best epochs: 0151 | Best acc: 00.577400

 > Start epoch number: 156
	 >>> Epoch(s) 0156/0225 | acc: 0.73745 | loss: 0.684604247 | val_acc: 0.54200 | val_loss: 0.701170921 | Best epochs: 0151 | Best acc: 00.577400

 > Start epoch number: 157
	 >>> Epoch(s) 0157/0225 | acc: 0.71610 | loss: 0.686259886 | val_acc: 0.55120 | val_loss: 0.700478256 | Best epochs: 0151 | Best acc: 00.577400

 > Start epoch number: 158
	 >>> Epoch(s) 0158/0225 | acc: 0.71140 | loss: 0.686588307 | val_acc: 0.54920 | val_loss: 0.700677395 | Best epochs: 0151 | Best acc: 00.577400

 > Start epoch number: 159
	 >>> Epoch(s) 0159/0225 | acc: 0.73205 | loss: 0.684623043 | val_acc: 0.56040 | val_loss: 0.699495137 | Best epochs: 0151 | Best acc: 00.577400

 > Start epoch number: 160
	 >>> Epoch(s) 0160/0225 | acc: 0.74160 | loss: 0.684440275 | val_acc: 0.53160 | val_loss: 0.702206254 | Best epochs: 0151 | Best acc: 00.577400

 > Start epoch number: 161
	 >>> Epoch(s) 0161/0225 | acc: 0.67515 | loss: 0.689693809 | val_acc: 0.53260 | val_loss: 0.702296078 | Best epochs: 0151 | Best acc: 00.577400

 > Start epoch number: 162
	 >>> Epoch(s) 0162/0225 | acc: 0.68380 | loss: 0.689501047 | val_acc: 0.52720 | val_loss: 0.702792346 | Best epochs: 0151 | Best acc: 00.577400

 > Start epoch number: 163
	 >>> Epoch(s) 0163/0225 | acc: 0.69255 | loss: 0.689155380 | val_acc: 0.51600 | val_loss: 0.703516245 | Best epochs: 0151 | Best acc: 00.577400

 > Start epoch number: 164
	 >>> Epoch(s) 0164/0225 | acc: 0.68905 | loss: 0.688980341 | val_acc: 0.52080 | val_loss: 0.702996075 | Best epochs: 0151 | Best acc: 00.577400

 > Start epoch number: 165
	 >>> Epoch(s) 0165/0225 | acc: 0.68095 | loss: 0.690052370 | val_acc: 0.54320 | val_loss: 0.701342821 | Best epochs: 0151 | Best acc: 00.577400

 > Start epoch number: 166
	 >>> Epoch(s) 0166/0225 | acc: 0.70215 | loss: 0.688265204 | val_acc: 0.56160 | val_loss: 0.699850142 | Best epochs: 0151 | Best acc: 00.577400

 > Start epoch number: 167
	 >>> Epoch(s) 0167/0225 | acc: 0.72625 | loss: 0.686081429 | val_acc: 0.54880 | val_loss: 0.700938642 | Best epochs: 0151 | Best acc: 00.577400

 > Start epoch number: 168
	 >>> Epoch(s) 0168/0225 | acc: 0.68320 | loss: 0.689824422 | val_acc: 0.53140 | val_loss: 0.702362776 | Best epochs: 0151 | Best acc: 00.577400

 > Start epoch number: 169
	 >>> Epoch(s) 0169/0225 | acc: 0.67985 | loss: 0.689540307 | val_acc: 0.55020 | val_loss: 0.701385379 | Best epochs: 0151 | Best acc: 00.577400

 > Start epoch number: 170
	 >>> Epoch(s) 0170/0225 | acc: 0.70130 | loss: 0.687997897 | val_acc: 0.55200 | val_loss: 0.700899363 | Best epochs: 0151 | Best acc: 00.577400

 > Start epoch number: 171
	 >>> Epoch(s) 0171/0225 | acc: 0.72205 | loss: 0.686339418 | val_acc: 0.54760 | val_loss: 0.700725615 | Best epochs: 0151 | Best acc: 00.577400

 > Start epoch number: 172
	 >>> Epoch(s) 0172/0225 | acc: 0.72490 | loss: 0.686215897 | val_acc: 0.57420 | val_loss: 0.698298752 | Best epochs: 0151 | Best acc: 00.577400

 > Start epoch number: 173
	 >>> Epoch(s) 0173/0225 | acc: 0.74090 | loss: 0.684254507 | val_acc: 0.55780 | val_loss: 0.699810266 | Best epochs: 0151 | Best acc: 00.577400

 > Start epoch number: 174
	 >>> Epoch(s) 0174/0225 | acc: 0.74210 | loss: 0.683824678 | val_acc: 0.56380 | val_loss: 0.699436724 | Best epochs: 0151 | Best acc: 00.577400

 > Start epoch number: 175
	 >>> Epoch(s) 0175/0225 | acc: 0.75030 | loss: 0.683747093 | val_acc: 0.56000 | val_loss: 0.699665904 | Best epochs: 0151 | Best acc: 00.577400

 > Start epoch number: 176
	 >>> Epoch(s) 0176/0225 | acc: 0.74270 | loss: 0.684138695 | val_acc: 0.56400 | val_loss: 0.699603975 | Best epochs: 0151 | Best acc: 00.577400

 > Start epoch number: 177
	 >>> Epoch(s) 0177/0225 | acc: 0.74015 | loss: 0.684531033 | val_acc: 0.55680 | val_loss: 0.699969411 | Best epochs: 0151 | Best acc: 00.577400

 > Start epoch number: 178
	 >>> Epoch(s) 0178/0225 | acc: 0.73595 | loss: 0.684353093 | val_acc: 0.56500 | val_loss: 0.699355602 | Best epochs: 0151 | Best acc: 00.577400

 > Start epoch number: 179
	 >>> Epoch(s) 0179/0225 | acc: 0.73860 | loss: 0.685304622 | val_acc: 0.54160 | val_loss: 0.701022089 | Best epochs: 0151 | Best acc: 00.577400

 > Start epoch number: 180
	 >>> Epoch(s) 0180/0225 | acc: 0.73125 | loss: 0.685104966 | val_acc: 0.53440 | val_loss: 0.702187538 | Best epochs: 0151 | Best acc: 00.577400

 > Start epoch number: 181
	 >>> Epoch(s) 0181/0225 | acc: 0.72335 | loss: 0.685956240 | val_acc: 0.53760 | val_loss: 0.701656699 | Best epochs: 0151 | Best acc: 00.577400

 > Start epoch number: 182
	 >>> Epoch(s) 0182/0225 | acc: 0.74095 | loss: 0.684635142 | val_acc: 0.56120 | val_loss: 0.699546874 | Best epochs: 0151 | Best acc: 00.577400

 > Start epoch number: 183
	 >>> Epoch(s) 0183/0225 | acc: 0.75095 | loss: 0.683758140 | val_acc: 0.55100 | val_loss: 0.700460672 | Best epochs: 0151 | Best acc: 00.577400

 > Start epoch number: 184
	 >>> Epoch(s) 0184/0225 | acc: 0.74030 | loss: 0.683949391 | val_acc: 0.55820 | val_loss: 0.699906230 | Best epochs: 0151 | Best acc: 00.577400

 > Start epoch number: 185
	 >>> Epoch(s) 0185/0225 | acc: 0.75350 | loss: 0.683332185 | val_acc: 0.57640 | val_loss: 0.698323011 | Best epochs: 0151 | Best acc: 00.577400

 > Start epoch number: 186
	 >>> Epoch(s) 0186/0225 | acc: 0.73420 | loss: 0.685899615 | val_acc: 0.48120 | val_loss: 0.706682503 | Best epochs: 0151 | Best acc: 00.577400

 > Start epoch number: 187
	 >>> Epoch(s) 0187/0225 | acc: 0.63945 | loss: 0.693071485 | val_acc: 0.51700 | val_loss: 0.703416884 | Best epochs: 0151 | Best acc: 00.577400

 > Start epoch number: 188
	 >>> Epoch(s) 0188/0225 | acc: 0.67840 | loss: 0.689858596 | val_acc: 0.52100 | val_loss: 0.703429043 | Best epochs: 0151 | Best acc: 00.577400

 > Start epoch number: 189
	 >>> Epoch(s) 0189/0225 | acc: 0.69430 | loss: 0.688551466 | val_acc: 0.55380 | val_loss: 0.700549543 | Best epochs: 0151 | Best acc: 00.577400

 > Start epoch number: 190
	 >>> Epoch(s) 0190/0225 | acc: 0.74165 | loss: 0.685033719 | val_acc: 0.56220 | val_loss: 0.699914515 | Best epochs: 0151 | Best acc: 00.577400

 > Start epoch number: 191
	 >>> Epoch(s) 0191/0225 | acc: 0.74850 | loss: 0.683915277 | val_acc: 0.57580 | val_loss: 0.698508918 | Best epochs: 0151 | Best acc: 00.577400

 > Start epoch number: 192
	 >>> Epoch(s) 0192/0225 | acc: 0.76945 | loss: 0.681899905 | val_acc: 0.57340 | val_loss: 0.698504031 | Best epochs: 0151 | Best acc: 00.577400

 > Start epoch number: 193
	 >>> Epoch(s) 0193/0225 | acc: 0.77415 | loss: 0.681347390 | val_acc: 0.56000 | val_loss: 0.699350476 | Best epochs: 0151 | Best acc: 00.577400

 > Start epoch number: 194
	 >>> Epoch(s) 0194/0225 | acc: 0.74755 | loss: 0.683273733 | val_acc: 0.56820 | val_loss: 0.698863089 | Best epochs: 0151 | Best acc: 00.577400

 > Start epoch number: 195
	 >>> Epoch(s) 0195/0225 | acc: 0.75115 | loss: 0.682538251 | val_acc: 0.56440 | val_loss: 0.699272275 | Best epochs: 0151 | Best acc: 00.577400

 > Start epoch number: 196
	 >>> Epoch(s) 0196/0225 | acc: 0.74840 | loss: 0.683509449 | val_acc: 0.50800 | val_loss: 0.704408586 | Best epochs: 0151 | Best acc: 00.577400

 > Start epoch number: 197
	 >>> Epoch(s) 0197/0225 | acc: 0.66015 | loss: 0.690815647 | val_acc: 0.50100 | val_loss: 0.705273449 | Best epochs: 0151 | Best acc: 00.577400

 > Start epoch number: 198
	 >>> Epoch(s) 0198/0225 | acc: 0.68515 | loss: 0.689998686 | val_acc: 0.56000 | val_loss: 0.700516701 | Best epochs: 0151 | Best acc: 00.577400

 > Start epoch number: 199
	 >>> Epoch(s) 0199/0225 | acc: 0.73260 | loss: 0.686394493 | val_acc: 0.56860 | val_loss: 0.699340820 | Best epochs: 0151 | Best acc: 00.577400

 > Start epoch number: 200
	 >>> Epoch(s) 0200/0225 | acc: 0.75480 | loss: 0.684367975 | val_acc: 0.57940 | val_loss: 0.698286057 | Best epochs: 0200 | Best acc: 00.579400

 > Start epoch number: 201
	 >>> Epoch(s) 0201/0225 | acc: 0.76665 | loss: 0.682573338 | val_acc: 0.55080 | val_loss: 0.700811565 | Best epochs: 0200 | Best acc: 00.579400

 > Start epoch number: 202
	 >>> Epoch(s) 0202/0225 | acc: 0.75000 | loss: 0.683251758 | val_acc: 0.56300 | val_loss: 0.699494362 | Best epochs: 0200 | Best acc: 00.579400

 > Start epoch number: 203
	 >>> Epoch(s) 0203/0225 | acc: 0.73710 | loss: 0.685491900 | val_acc: 0.48620 | val_loss: 0.706491470 | Best epochs: 0200 | Best acc: 00.579400

 > Start epoch number: 204
	 >>> Epoch(s) 0204/0225 | acc: 0.65970 | loss: 0.691397607 | val_acc: 0.53240 | val_loss: 0.702335894 | Best epochs: 0200 | Best acc: 00.579400

 > Start epoch number: 205
	 >>> Epoch(s) 0205/0225 | acc: 0.69975 | loss: 0.688154936 | val_acc: 0.54900 | val_loss: 0.700830936 | Best epochs: 0200 | Best acc: 00.579400

 > Start epoch number: 206
	 >>> Epoch(s) 0206/0225 | acc: 0.73690 | loss: 0.685000539 | val_acc: 0.55160 | val_loss: 0.700733125 | Best epochs: 0200 | Best acc: 00.579400

 > Start epoch number: 207
	 >>> Epoch(s) 0207/0225 | acc: 0.74650 | loss: 0.684317986 | val_acc: 0.55100 | val_loss: 0.700609505 | Best epochs: 0200 | Best acc: 00.579400

 > Start epoch number: 208
	 >>> Epoch(s) 0208/0225 | acc: 0.74650 | loss: 0.683761477 | val_acc: 0.55800 | val_loss: 0.700118244 | Best epochs: 0200 | Best acc: 00.579400

 > Start epoch number: 209
	 >>> Epoch(s) 0209/0225 | acc: 0.75850 | loss: 0.682894309 | val_acc: 0.55500 | val_loss: 0.699963331 | Best epochs: 0200 | Best acc: 00.579400

 > Start epoch number: 210
	 >>> Epoch(s) 0210/0225 | acc: 0.76925 | loss: 0.682018717 | val_acc: 0.55420 | val_loss: 0.700099647 | Best epochs: 0200 | Best acc: 00.579400

 > Start epoch number: 211
	 >>> Epoch(s) 0211/0225 | acc: 0.76640 | loss: 0.681744079 | val_acc: 0.57560 | val_loss: 0.698342085 | Best epochs: 0200 | Best acc: 00.579400

 > Start epoch number: 212
	 >>> Epoch(s) 0212/0225 | acc: 0.78645 | loss: 0.680043876 | val_acc: 0.57960 | val_loss: 0.697799385 | Best epochs: 0212 | Best acc: 00.579600

 > Start epoch number: 213
	 >>> Epoch(s) 0213/0225 | acc: 0.79580 | loss: 0.679423769 | val_acc: 0.54860 | val_loss: 0.700522244 | Best epochs: 0212 | Best acc: 00.579600

 > Start epoch number: 214
	 >>> Epoch(s) 0214/0225 | acc: 0.73365 | loss: 0.685562988 | val_acc: 0.51800 | val_loss: 0.703182876 | Best epochs: 0212 | Best acc: 00.579600

 > Start epoch number: 215
	 >>> Epoch(s) 0215/0225 | acc: 0.70045 | loss: 0.686872383 | val_acc: 0.55420 | val_loss: 0.700659215 | Best epochs: 0212 | Best acc: 00.579600

 > Start epoch number: 216
	 >>> Epoch(s) 0216/0225 | acc: 0.75255 | loss: 0.683709661 | val_acc: 0.53500 | val_loss: 0.702187538 | Best epochs: 0212 | Best acc: 00.579600

 > Start epoch number: 217
	 >>> Epoch(s) 0217/0225 | acc: 0.74785 | loss: 0.684250136 | val_acc: 0.54780 | val_loss: 0.700886309 | Best epochs: 0212 | Best acc: 00.579600

 > Start epoch number: 218
	 >>> Epoch(s) 0218/0225 | acc: 0.75400 | loss: 0.683628301 | val_acc: 0.55260 | val_loss: 0.700578511 | Best epochs: 0212 | Best acc: 00.579600

 > Start epoch number: 219
	 >>> Epoch(s) 0219/0225 | acc: 0.73305 | loss: 0.685578187 | val_acc: 0.54900 | val_loss: 0.700739801 | Best epochs: 0212 | Best acc: 00.579600

 > Start epoch number: 220
	 >>> Epoch(s) 0220/0225 | acc: 0.72930 | loss: 0.685624202 | val_acc: 0.56640 | val_loss: 0.699186206 | Best epochs: 0212 | Best acc: 00.579600

 > Start epoch number: 221
	 >>> Epoch(s) 0221/0225 | acc: 0.75875 | loss: 0.683809618 | val_acc: 0.54320 | val_loss: 0.701638639 | Best epochs: 0212 | Best acc: 00.579600

 > Start epoch number: 222
	 >>> Epoch(s) 0222/0225 | acc: 0.71685 | loss: 0.686057170 | val_acc: 0.54860 | val_loss: 0.701155066 | Best epochs: 0212 | Best acc: 00.579600

 > Start epoch number: 223
	 >>> Epoch(s) 0223/0225 | acc: 0.73250 | loss: 0.685737292 | val_acc: 0.56800 | val_loss: 0.699488401 | Best epochs: 0212 | Best acc: 00.579600

 > Start epoch number: 224
	 >>> Epoch(s) 0224/0225 | acc: 0.75485 | loss: 0.683548530 | val_acc: 0.54340 | val_loss: 0.701672614 | Best epochs: 0212 | Best acc: 00.579600

 > Start epoch number: 225
	 >>> Epoch(s) 0225/0225 | acc: 0.75335 | loss: 0.683260024 | val_acc: 0.56240 | val_loss: 0.699751258 | Best epochs: 0212 | Best acc: 00.579600
Shape of preprocessed data: torch.Size([50000, 3, 32, 32])
Shape of preprocessed data: torch.Size([50000, 3, 32, 32])
Shape of preprocessed data: torch.Size([50000, 3, 32, 32])
SDEs for 10.0-gaussian-pertubed CIFAR10 = 0.6247355143229166
SDEs for 15.0-gaussian-pertubed CIFAR10 = 0.5984903971354166
SDEs for 20.0-gaussian-pertubed CIFAR10 = 0.5687662760416666
