Using downloaded and verified file: ./data/svhn/train_32x32.mat
Generating None-pertubed-dataset
Shape of preprocessed data: torch.Size([73257, 3, 32, 32])
Generating [15.0]-pertubed-dataset
Shape of preprocessed data: torch.Size([73257, 3, 32, 32])
Spliting dataset
Creating model
SDENet(
  (fe): Sequential(
    (0): Conv2d(3, 16, kernel_size=(3, 3), stride=(1, 1))
    (1): GroupNorm(8, 16, eps=1e-05, affine=True)
    (2): ReLU()
    (3): Conv2d(16, 32, kernel_size=(3, 3), stride=(2, 2))
    (4): GroupNorm(16, 32, eps=1e-05, affine=True)
    (5): ReLU()
    (6): Conv2d(32, 64, kernel_size=(3, 3), stride=(2, 2))
    (7): GroupNorm(32, 64, eps=1e-05, affine=True)
    (8): ReLU()
  )
  (flat): Flatten(start_dim=1, end_dim=-1)
  (rm): SDEBlock(
    (drift): ConvolutionDrift(
      (conv1): ConcatConv2d(
        (_layer): Conv2d(65, 64, kernel_size=(3, 3), stride=(1, 1), padding=(1, 1))
      )
      (norm1): Norm(
        (norm): GroupNorm(32, 64, eps=1e-05, affine=True)
      )
      (relu): ReLU(inplace=True)
      (conv2): ConcatConv2d(
        (_layer): Conv2d(65, 64, kernel_size=(3, 3), stride=(1, 1), padding=(1, 1))
      )
      (norm2): Norm(
        (norm): GroupNorm(32, 64, eps=1e-05, affine=True)
      )
    )
    (diffusion): ConvolutionDiffusion(
      (relu): ReLU()
      (norm1): Norm(
        (norm): GroupNorm(32, 64, eps=1e-05, affine=True)
      )
      (conv1): ConcatConv2d(
        (_layer): Conv2d(65, 64, kernel_size=(3, 3), stride=(1, 1), padding=(1, 1))
      )
      (conv2): ConcatConv2d(
        (_layer): Conv2d(65, 64, kernel_size=(3, 3), stride=(1, 1), padding=(1, 1))
      )
      (norm2): Norm(
        (norm): GroupNorm(32, 64, eps=1e-05, affine=True)
      )
      (conv3): ConcatConv2d(
        (_layer): Conv2d(65, 64, kernel_size=(3, 3), stride=(1, 1), padding=(1, 1))
      )
      (norm3): Norm(
        (norm): GroupNorm(32, 64, eps=1e-05, affine=True)
      )
    )
  )
  (fcc): Sequential(
    (0): Linear(in_features=2304, out_features=32, bias=True)
    (1): Linear(in_features=32, out_features=10, bias=True)
    (2): Softmax(dim=1)
  )
)
> Numbers of parameters in model: 286058

 > Start epoch number: 1
	 >>> Epoch(s) 0001/0225 | acc: 0.14080 | loss: 0.733322064 | val_acc: 0.18360 | val_loss: 0.734012783 | Best epochs: 0001 | Best acc: 00.183600

 > Start epoch number: 2
	 >>> Epoch(s) 0002/0225 | acc: 0.19105 | loss: 0.733949383 | val_acc: 0.19000 | val_loss: 0.733127475 | Best epochs: 0002 | Best acc: 00.190000

 > Start epoch number: 3
	 >>> Epoch(s) 0003/0225 | acc: 0.19870 | loss: 0.731370846 | val_acc: 0.20220 | val_loss: 0.730789602 | Best epochs: 0003 | Best acc: 00.202200

 > Start epoch number: 4
	 >>> Epoch(s) 0004/0225 | acc: 0.22250 | loss: 0.728906314 | val_acc: 0.23620 | val_loss: 0.727476180 | Best epochs: 0004 | Best acc: 00.236200

 > Start epoch number: 5
	 >>> Epoch(s) 0005/0225 | acc: 0.24705 | loss: 0.726443191 | val_acc: 0.28900 | val_loss: 0.724304974 | Best epochs: 0005 | Best acc: 00.289000

 > Start epoch number: 6
	 >>> Epoch(s) 0006/0225 | acc: 0.30215 | loss: 0.723210692 | val_acc: 0.33460 | val_loss: 0.720849931 | Best epochs: 0006 | Best acc: 00.334600

 > Start epoch number: 7
	 >>> Epoch(s) 0007/0225 | acc: 0.35685 | loss: 0.718456785 | val_acc: 0.39060 | val_loss: 0.715692103 | Best epochs: 0007 | Best acc: 00.390600

 > Start epoch number: 8
	 >>> Epoch(s) 0008/0225 | acc: 0.42210 | loss: 0.713048180 | val_acc: 0.46620 | val_loss: 0.710019410 | Best epochs: 0008 | Best acc: 00.466200

 > Start epoch number: 9
	 >>> Epoch(s) 0009/0225 | acc: 0.48520 | loss: 0.707929472 | val_acc: 0.50920 | val_loss: 0.705287039 | Best epochs: 0009 | Best acc: 00.509200

 > Start epoch number: 10
	 >>> Epoch(s) 0010/0225 | acc: 0.52530 | loss: 0.703496913 | val_acc: 0.54960 | val_loss: 0.701559067 | Best epochs: 0010 | Best acc: 00.549600

 > Start epoch number: 11
	 >>> Epoch(s) 0011/0225 | acc: 0.55570 | loss: 0.700183769 | val_acc: 0.56020 | val_loss: 0.699463964 | Best epochs: 0011 | Best acc: 00.560200

 > Start epoch number: 12
	 >>> Epoch(s) 0012/0225 | acc: 0.57780 | loss: 0.697515984 | val_acc: 0.59100 | val_loss: 0.696644962 | Best epochs: 0012 | Best acc: 00.591000

 > Start epoch number: 13
	 >>> Epoch(s) 0013/0225 | acc: 0.61480 | loss: 0.695278188 | val_acc: 0.61600 | val_loss: 0.694606841 | Best epochs: 0013 | Best acc: 00.616000

 > Start epoch number: 14
	 >>> Epoch(s) 0014/0225 | acc: 0.63045 | loss: 0.693472385 | val_acc: 0.63760 | val_loss: 0.692326367 | Best epochs: 0014 | Best acc: 00.637600

 > Start epoch number: 15
	 >>> Epoch(s) 0015/0225 | acc: 0.64605 | loss: 0.691758295 | val_acc: 0.63800 | val_loss: 0.692021370 | Best epochs: 0015 | Best acc: 00.638000

 > Start epoch number: 16
	 >>> Epoch(s) 0016/0225 | acc: 0.65355 | loss: 0.690779865 | val_acc: 0.65220 | val_loss: 0.690427482 | Best epochs: 0016 | Best acc: 00.652200

 > Start epoch number: 17
	 >>> Epoch(s) 0017/0225 | acc: 0.67020 | loss: 0.689173142 | val_acc: 0.68700 | val_loss: 0.688707471 | Best epochs: 0017 | Best acc: 00.687000

 > Start epoch number: 18
	 >>> Epoch(s) 0018/0225 | acc: 0.70500 | loss: 0.687362432 | val_acc: 0.70180 | val_loss: 0.687991917 | Best epochs: 0018 | Best acc: 00.701800

 > Start epoch number: 19
	 >>> Epoch(s) 0019/0225 | acc: 0.72560 | loss: 0.685691396 | val_acc: 0.71300 | val_loss: 0.686010242 | Best epochs: 0019 | Best acc: 00.713000

 > Start epoch number: 20
	 >>> Epoch(s) 0020/0225 | acc: 0.73735 | loss: 0.684030771 | val_acc: 0.72300 | val_loss: 0.685080528 | Best epochs: 0020 | Best acc: 00.723000

 > Start epoch number: 21
	 >>> Epoch(s) 0021/0225 | acc: 0.72450 | loss: 0.686154683 | val_acc: 0.67420 | val_loss: 0.689968705 | Best epochs: 0020 | Best acc: 00.723000

 > Start epoch number: 22
	 >>> Epoch(s) 0022/0225 | acc: 0.70880 | loss: 0.687036534 | val_acc: 0.69920 | val_loss: 0.686824679 | Best epochs: 0020 | Best acc: 00.723000

 > Start epoch number: 23
	 >>> Epoch(s) 0023/0225 | acc: 0.72825 | loss: 0.684621712 | val_acc: 0.72360 | val_loss: 0.685342550 | Best epochs: 0023 | Best acc: 00.723600

 > Start epoch number: 24
	 >>> Epoch(s) 0024/0225 | acc: 0.74355 | loss: 0.683210373 | val_acc: 0.72940 | val_loss: 0.683976412 | Best epochs: 0024 | Best acc: 00.729400

 > Start epoch number: 25
	 >>> Epoch(s) 0025/0225 | acc: 0.75160 | loss: 0.682080328 | val_acc: 0.73560 | val_loss: 0.683233440 | Best epochs: 0025 | Best acc: 00.735600

 > Start epoch number: 26
	 >>> Epoch(s) 0026/0225 | acc: 0.75950 | loss: 0.681092699 | val_acc: 0.74500 | val_loss: 0.682499647 | Best epochs: 0026 | Best acc: 00.745000

 > Start epoch number: 27
	 >>> Epoch(s) 0027/0225 | acc: 0.76500 | loss: 0.680708289 | val_acc: 0.73820 | val_loss: 0.682829201 | Best epochs: 0026 | Best acc: 00.745000

 > Start epoch number: 28
	 >>> Epoch(s) 0028/0225 | acc: 0.76940 | loss: 0.679725111 | val_acc: 0.75120 | val_loss: 0.681640983 | Best epochs: 0028 | Best acc: 00.751200

 > Start epoch number: 29
	 >>> Epoch(s) 0029/0225 | acc: 0.77815 | loss: 0.678978582 | val_acc: 0.75680 | val_loss: 0.681537330 | Best epochs: 0029 | Best acc: 00.756800

 > Start epoch number: 30
	 >>> Epoch(s) 0030/0225 | acc: 0.78895 | loss: 0.678871334 | val_acc: 0.77760 | val_loss: 0.680256546 | Best epochs: 0030 | Best acc: 00.777600

 > Start epoch number: 31
	 >>> Epoch(s) 0031/0225 | acc: 0.80840 | loss: 0.677814305 | val_acc: 0.78540 | val_loss: 0.680091560 | Best epochs: 0031 | Best acc: 00.785400

 > Start epoch number: 32
	 >>> Epoch(s) 0032/0225 | acc: 0.81650 | loss: 0.676743825 | val_acc: 0.78760 | val_loss: 0.679714799 | Best epochs: 0032 | Best acc: 00.787600

 > Start epoch number: 33
	 >>> Epoch(s) 0033/0225 | acc: 0.80890 | loss: 0.677791476 | val_acc: 0.77840 | val_loss: 0.680373430 | Best epochs: 0032 | Best acc: 00.787600

 > Start epoch number: 34
	 >>> Epoch(s) 0034/0225 | acc: 0.81210 | loss: 0.677379350 | val_acc: 0.79600 | val_loss: 0.678294897 | Best epochs: 0034 | Best acc: 00.796000

 > Start epoch number: 35
	 >>> Epoch(s) 0035/0225 | acc: 0.82380 | loss: 0.675638378 | val_acc: 0.77740 | val_loss: 0.680227697 | Best epochs: 0034 | Best acc: 00.796000

 > Start epoch number: 36
	 >>> Epoch(s) 0036/0225 | acc: 0.79860 | loss: 0.678498606 | val_acc: 0.78360 | val_loss: 0.679665148 | Best epochs: 0034 | Best acc: 00.796000

 > Start epoch number: 37
	 >>> Epoch(s) 0037/0225 | acc: 0.80675 | loss: 0.677410583 | val_acc: 0.78340 | val_loss: 0.679367304 | Best epochs: 0034 | Best acc: 00.796000

 > Start epoch number: 38
	 >>> Epoch(s) 0038/0225 | acc: 0.81925 | loss: 0.676137745 | val_acc: 0.79580 | val_loss: 0.677996755 | Best epochs: 0034 | Best acc: 00.796000

 > Start epoch number: 39
	 >>> Epoch(s) 0039/0225 | acc: 0.82775 | loss: 0.675007304 | val_acc: 0.79920 | val_loss: 0.677826941 | Best epochs: 0039 | Best acc: 00.799200

 > Start epoch number: 40
	 >>> Epoch(s) 0040/0225 | acc: 0.81845 | loss: 0.676652809 | val_acc: 0.79020 | val_loss: 0.678017974 | Best epochs: 0039 | Best acc: 00.799200

 > Start epoch number: 41
	 >>> Epoch(s) 0041/0225 | acc: 0.81870 | loss: 0.675705055 | val_acc: 0.79100 | val_loss: 0.678301752 | Best epochs: 0039 | Best acc: 00.799200

 > Start epoch number: 42
	 >>> Epoch(s) 0042/0225 | acc: 0.82740 | loss: 0.675171057 | val_acc: 0.79600 | val_loss: 0.677548170 | Best epochs: 0039 | Best acc: 00.799200

 > Start epoch number: 43
	 >>> Epoch(s) 0043/0225 | acc: 0.83280 | loss: 0.674310327 | val_acc: 0.80100 | val_loss: 0.676599681 | Best epochs: 0043 | Best acc: 00.801000

 > Start epoch number: 44
	 >>> Epoch(s) 0044/0225 | acc: 0.83370 | loss: 0.674431384 | val_acc: 0.82660 | val_loss: 0.675950468 | Best epochs: 0044 | Best acc: 00.826600

 > Start epoch number: 45
	 >>> Epoch(s) 0045/0225 | acc: 0.86770 | loss: 0.672715724 | val_acc: 0.86140 | val_loss: 0.674243331 | Best epochs: 0045 | Best acc: 00.861400

 > Start epoch number: 46
	 >>> Epoch(s) 0046/0225 | acc: 0.89075 | loss: 0.671119571 | val_acc: 0.87080 | val_loss: 0.672768354 | Best epochs: 0046 | Best acc: 00.870800

 > Start epoch number: 47
	 >>> Epoch(s) 0047/0225 | acc: 0.90405 | loss: 0.669281503 | val_acc: 0.87280 | val_loss: 0.671249211 | Best epochs: 0047 | Best acc: 00.872800

 > Start epoch number: 48
	 >>> Epoch(s) 0048/0225 | acc: 0.91180 | loss: 0.667451481 | val_acc: 0.86840 | val_loss: 0.670792460 | Best epochs: 0047 | Best acc: 00.872800

 > Start epoch number: 49
	 >>> Epoch(s) 0049/0225 | acc: 0.90815 | loss: 0.667378624 | val_acc: 0.86320 | val_loss: 0.671016753 | Best epochs: 0047 | Best acc: 00.872800

 > Start epoch number: 50
	 >>> Epoch(s) 0050/0225 | acc: 0.90875 | loss: 0.667368273 | val_acc: 0.85240 | val_loss: 0.672900438 | Best epochs: 0047 | Best acc: 00.872800

 > Start epoch number: 51
	 >>> Epoch(s) 0051/0225 | acc: 0.89575 | loss: 0.668895066 | val_acc: 0.87120 | val_loss: 0.671533048 | Best epochs: 0047 | Best acc: 00.872800

 > Start epoch number: 52
	 >>> Epoch(s) 0052/0225 | acc: 0.89255 | loss: 0.669925233 | val_acc: 0.86720 | val_loss: 0.671308756 | Best epochs: 0047 | Best acc: 00.872800

 > Start epoch number: 53
	 >>> Epoch(s) 0053/0225 | acc: 0.90295 | loss: 0.668455124 | val_acc: 0.86780 | val_loss: 0.671142042 | Best epochs: 0047 | Best acc: 00.872800

 > Start epoch number: 54
	 >>> Epoch(s) 0054/0225 | acc: 0.90925 | loss: 0.668153028 | val_acc: 0.85180 | val_loss: 0.672498167 | Best epochs: 0047 | Best acc: 00.872800

 > Start epoch number: 55
	 >>> Epoch(s) 0055/0225 | acc: 0.89845 | loss: 0.668649177 | val_acc: 0.86560 | val_loss: 0.671308756 | Best epochs: 0047 | Best acc: 00.872800

 > Start epoch number: 56
	 >>> Epoch(s) 0056/0225 | acc: 0.90935 | loss: 0.667516450 | val_acc: 0.88060 | val_loss: 0.670345902 | Best epochs: 0056 | Best acc: 00.880600

 > Start epoch number: 57
	 >>> Epoch(s) 0057/0225 | acc: 0.91575 | loss: 0.666966577 | val_acc: 0.88060 | val_loss: 0.669568241 | Best epochs: 0056 | Best acc: 00.880600

 > Start epoch number: 58
	 >>> Epoch(s) 0058/0225 | acc: 0.92400 | loss: 0.666034738 | val_acc: 0.86920 | val_loss: 0.670426130 | Best epochs: 0056 | Best acc: 00.880600

 > Start epoch number: 59
	 >>> Epoch(s) 0059/0225 | acc: 0.91625 | loss: 0.666502277 | val_acc: 0.87680 | val_loss: 0.670318246 | Best epochs: 0056 | Best acc: 00.880600

 > Start epoch number: 60
	 >>> Epoch(s) 0060/0225 | acc: 0.91640 | loss: 0.667515258 | val_acc: 0.84900 | val_loss: 0.672953248 | Best epochs: 0056 | Best acc: 00.880600

 > Start epoch number: 61
	 >>> Epoch(s) 0061/0225 | acc: 0.88895 | loss: 0.669953823 | val_acc: 0.86320 | val_loss: 0.672211945 | Best epochs: 0056 | Best acc: 00.880600

 > Start epoch number: 62
	 >>> Epoch(s) 0062/0225 | acc: 0.90820 | loss: 0.667784731 | val_acc: 0.86940 | val_loss: 0.671072304 | Best epochs: 0056 | Best acc: 00.880600

 > Start epoch number: 63
	 >>> Epoch(s) 0063/0225 | acc: 0.91765 | loss: 0.666860382 | val_acc: 0.87980 | val_loss: 0.669766784 | Best epochs: 0056 | Best acc: 00.880600

 > Start epoch number: 64
	 >>> Epoch(s) 0064/0225 | acc: 0.92240 | loss: 0.666008810 | val_acc: 0.88140 | val_loss: 0.669280589 | Best epochs: 0064 | Best acc: 00.881400

 > Start epoch number: 65
	 >>> Epoch(s) 0065/0225 | acc: 0.93160 | loss: 0.665255745 | val_acc: 0.88560 | val_loss: 0.668975294 | Best epochs: 0065 | Best acc: 00.885600

 > Start epoch number: 66
	 >>> Epoch(s) 0066/0225 | acc: 0.93405 | loss: 0.664641718 | val_acc: 0.88840 | val_loss: 0.668648899 | Best epochs: 0066 | Best acc: 00.888400

 > Start epoch number: 67
	 >>> Epoch(s) 0067/0225 | acc: 0.93910 | loss: 0.664211531 | val_acc: 0.88920 | val_loss: 0.668879807 | Best epochs: 0067 | Best acc: 00.889200

 > Start epoch number: 68
	 >>> Epoch(s) 0068/0225 | acc: 0.93285 | loss: 0.665367226 | val_acc: 0.80940 | val_loss: 0.676718354 | Best epochs: 0067 | Best acc: 00.889200

 > Start epoch number: 69
	 >>> Epoch(s) 0069/0225 | acc: 0.87385 | loss: 0.671645443 | val_acc: 0.85180 | val_loss: 0.673355281 | Best epochs: 0067 | Best acc: 00.889200

 > Start epoch number: 70
	 >>> Epoch(s) 0070/0225 | acc: 0.90420 | loss: 0.669032474 | val_acc: 0.88020 | val_loss: 0.670613289 | Best epochs: 0067 | Best acc: 00.889200

 > Start epoch number: 71
	 >>> Epoch(s) 0071/0225 | acc: 0.92050 | loss: 0.666905582 | val_acc: 0.88120 | val_loss: 0.670371830 | Best epochs: 0067 | Best acc: 00.889200

 > Start epoch number: 72
	 >>> Epoch(s) 0072/0225 | acc: 0.91905 | loss: 0.666882694 | val_acc: 0.87880 | val_loss: 0.670287073 | Best epochs: 0067 | Best acc: 00.889200

 > Start epoch number: 73
	 >>> Epoch(s) 0073/0225 | acc: 0.92170 | loss: 0.666262348 | val_acc: 0.88900 | val_loss: 0.669041991 | Best epochs: 0067 | Best acc: 00.889200

 > Start epoch number: 74
	 >>> Epoch(s) 0074/0225 | acc: 0.92965 | loss: 0.665001353 | val_acc: 0.88560 | val_loss: 0.669106483 | Best epochs: 0067 | Best acc: 00.889200

 > Start epoch number: 75
	 >>> Epoch(s) 0075/0225 | acc: 0.93225 | loss: 0.665019135 | val_acc: 0.88520 | val_loss: 0.669346154 | Best epochs: 0067 | Best acc: 00.889200

 > Start epoch number: 76
	 >>> Epoch(s) 0076/0225 | acc: 0.92605 | loss: 0.665838043 | val_acc: 0.88500 | val_loss: 0.669125736 | Best epochs: 0067 | Best acc: 00.889200

 > Start epoch number: 77
	 >>> Epoch(s) 0077/0225 | acc: 0.93280 | loss: 0.664990266 | val_acc: 0.87740 | val_loss: 0.669536054 | Best epochs: 0067 | Best acc: 00.889200

 > Start epoch number: 78
	 >>> Epoch(s) 0078/0225 | acc: 0.93405 | loss: 0.664784908 | val_acc: 0.88000 | val_loss: 0.669711411 | Best epochs: 0067 | Best acc: 00.889200

 > Start epoch number: 79
	 >>> Epoch(s) 0079/0225 | acc: 0.92990 | loss: 0.665491501 | val_acc: 0.88980 | val_loss: 0.668918550 | Best epochs: 0079 | Best acc: 00.889800

 > Start epoch number: 80
	 >>> Epoch(s) 0080/0225 | acc: 0.93825 | loss: 0.664525966 | val_acc: 0.89360 | val_loss: 0.668507397 | Best epochs: 0080 | Best acc: 00.893600

 > Start epoch number: 81
	 >>> Epoch(s) 0081/0225 | acc: 0.94455 | loss: 0.663835724 | val_acc: 0.88680 | val_loss: 0.668805122 | Best epochs: 0080 | Best acc: 00.893600

 > Start epoch number: 82
	 >>> Epoch(s) 0082/0225 | acc: 0.94430 | loss: 0.663559337 | val_acc: 0.88280 | val_loss: 0.669247031 | Best epochs: 0080 | Best acc: 00.893600

 > Start epoch number: 83
	 >>> Epoch(s) 0083/0225 | acc: 0.93030 | loss: 0.665043036 | val_acc: 0.87920 | val_loss: 0.669789970 | Best epochs: 0080 | Best acc: 00.893600

 > Start epoch number: 84
	 >>> Epoch(s) 0084/0225 | acc: 0.93040 | loss: 0.665728748 | val_acc: 0.86480 | val_loss: 0.671180665 | Best epochs: 0080 | Best acc: 00.893600

 > Start epoch number: 85
	 >>> Epoch(s) 0085/0225 | acc: 0.92765 | loss: 0.666023115 | val_acc: 0.88460 | val_loss: 0.669623792 | Best epochs: 0080 | Best acc: 00.893600

 > Start epoch number: 86
	 >>> Epoch(s) 0086/0225 | acc: 0.93840 | loss: 0.664767126 | val_acc: 0.87940 | val_loss: 0.669837952 | Best epochs: 0080 | Best acc: 00.893600

 > Start epoch number: 87
	 >>> Epoch(s) 0087/0225 | acc: 0.92465 | loss: 0.665964504 | val_acc: 0.87940 | val_loss: 0.669700623 | Best epochs: 0080 | Best acc: 00.893600

 > Start epoch number: 88
	 >>> Epoch(s) 0088/0225 | acc: 0.93335 | loss: 0.664933185 | val_acc: 0.89220 | val_loss: 0.668634832 | Best epochs: 0080 | Best acc: 00.893600

 > Start epoch number: 89
	 >>> Epoch(s) 0089/0225 | acc: 0.93970 | loss: 0.664100786 | val_acc: 0.88300 | val_loss: 0.668946385 | Best epochs: 0080 | Best acc: 00.893600

 > Start epoch number: 90
	 >>> Epoch(s) 0090/0225 | acc: 0.93020 | loss: 0.664954066 | val_acc: 0.89000 | val_loss: 0.668356955 | Best epochs: 0080 | Best acc: 00.893600

 > Start epoch number: 91
	 >>> Epoch(s) 0091/0225 | acc: 0.94550 | loss: 0.663557629 | val_acc: 0.89680 | val_loss: 0.667563736 | Best epochs: 0091 | Best acc: 00.896800

 > Start epoch number: 92
	 >>> Epoch(s) 0092/0225 | acc: 0.94620 | loss: 0.663387994 | val_acc: 0.88940 | val_loss: 0.668777883 | Best epochs: 0091 | Best acc: 00.896800

 > Start epoch number: 93
	 >>> Epoch(s) 0093/0225 | acc: 0.94350 | loss: 0.663830340 | val_acc: 0.88080 | val_loss: 0.669756293 | Best epochs: 0091 | Best acc: 00.896800

 > Start epoch number: 94
	 >>> Epoch(s) 0094/0225 | acc: 0.92415 | loss: 0.666300098 | val_acc: 0.87980 | val_loss: 0.670168400 | Best epochs: 0091 | Best acc: 00.896800

 > Start epoch number: 95
	 >>> Epoch(s) 0095/0225 | acc: 0.93885 | loss: 0.664962888 | val_acc: 0.88820 | val_loss: 0.669284344 | Best epochs: 0091 | Best acc: 00.896800

 > Start epoch number: 96
	 >>> Epoch(s) 0096/0225 | acc: 0.94265 | loss: 0.664288878 | val_acc: 0.89060 | val_loss: 0.668696880 | Best epochs: 0091 | Best acc: 00.896800

 > Start epoch number: 97
	 >>> Epoch(s) 0097/0225 | acc: 0.94570 | loss: 0.663898190 | val_acc: 0.88420 | val_loss: 0.669084191 | Best epochs: 0091 | Best acc: 00.896800

 > Start epoch number: 98
	 >>> Epoch(s) 0098/0225 | acc: 0.92890 | loss: 0.665608168 | val_acc: 0.88080 | val_loss: 0.669751883 | Best epochs: 0091 | Best acc: 00.896800

 > Start epoch number: 99
	 >>> Epoch(s) 0099/0225 | acc: 0.94160 | loss: 0.664439519 | val_acc: 0.88840 | val_loss: 0.668867350 | Best epochs: 0091 | Best acc: 00.896800

 > Start epoch number: 100
	 >>> Epoch(s) 0100/0225 | acc: 0.94730 | loss: 0.663523058 | val_acc: 0.89140 | val_loss: 0.668079197 | Best epochs: 0091 | Best acc: 00.896800

 > Start epoch number: 101
	 >>> Epoch(s) 0101/0225 | acc: 0.95190 | loss: 0.662785987 | val_acc: 0.89440 | val_loss: 0.667968631 | Best epochs: 0091 | Best acc: 00.896800

 > Start epoch number: 102
	 >>> Epoch(s) 0102/0225 | acc: 0.95650 | loss: 0.662167648 | val_acc: 0.89520 | val_loss: 0.667921007 | Best epochs: 0091 | Best acc: 00.896800

 > Start epoch number: 103
	 >>> Epoch(s) 0103/0225 | acc: 0.95610 | loss: 0.662326892 | val_acc: 0.89540 | val_loss: 0.667931378 | Best epochs: 0091 | Best acc: 00.896800

 > Start epoch number: 104
	 >>> Epoch(s) 0104/0225 | acc: 0.95810 | loss: 0.662125925 | val_acc: 0.89580 | val_loss: 0.667782784 | Best epochs: 0091 | Best acc: 00.896800

 > Start epoch number: 105
	 >>> Epoch(s) 0105/0225 | acc: 0.96145 | loss: 0.661775986 | val_acc: 0.87280 | val_loss: 0.670148909 | Best epochs: 0091 | Best acc: 00.896800

 > Start epoch number: 106
	 >>> Epoch(s) 0106/0225 | acc: 0.88925 | loss: 0.670676112 | val_acc: 0.83880 | val_loss: 0.676991224 | Best epochs: 0091 | Best acc: 00.896800

 > Start epoch number: 107
	 >>> Epoch(s) 0107/0225 | acc: 0.88180 | loss: 0.673311750 | val_acc: 0.85880 | val_loss: 0.674515188 | Best epochs: 0091 | Best acc: 00.896800

 > Start epoch number: 108
	 >>> Epoch(s) 0108/0225 | acc: 0.90610 | loss: 0.669881463 | val_acc: 0.88080 | val_loss: 0.670447350 | Best epochs: 0091 | Best acc: 00.896800

 > Start epoch number: 109
	 >>> Epoch(s) 0109/0225 | acc: 0.92335 | loss: 0.666565478 | val_acc: 0.88680 | val_loss: 0.669389665 | Best epochs: 0091 | Best acc: 00.896800

 > Start epoch number: 110
	 >>> Epoch(s) 0110/0225 | acc: 0.92870 | loss: 0.665523092 | val_acc: 0.88200 | val_loss: 0.669254661 | Best epochs: 0091 | Best acc: 00.896800

 > Start epoch number: 111
	 >>> Epoch(s) 0111/0225 | acc: 0.93290 | loss: 0.664659202 | val_acc: 0.88620 | val_loss: 0.668198109 | Best epochs: 0091 | Best acc: 00.896800

 > Start epoch number: 112
	 >>> Epoch(s) 0112/0225 | acc: 0.93730 | loss: 0.664315462 | val_acc: 0.88760 | val_loss: 0.668559849 | Best epochs: 0091 | Best acc: 00.896800

 > Start epoch number: 113
	 >>> Epoch(s) 0113/0225 | acc: 0.94010 | loss: 0.663885713 | val_acc: 0.89480 | val_loss: 0.668100595 | Best epochs: 0091 | Best acc: 00.896800

 > Start epoch number: 114
	 >>> Epoch(s) 0114/0225 | acc: 0.94595 | loss: 0.663431366 | val_acc: 0.89880 | val_loss: 0.668008864 | Best epochs: 0114 | Best acc: 00.898800

 > Start epoch number: 115
	 >>> Epoch(s) 0115/0225 | acc: 0.95335 | loss: 0.662833571 | val_acc: 0.89940 | val_loss: 0.667862177 | Best epochs: 0115 | Best acc: 00.899400

 > Start epoch number: 116
	 >>> Epoch(s) 0116/0225 | acc: 0.95500 | loss: 0.662716568 | val_acc: 0.89860 | val_loss: 0.667732000 | Best epochs: 0115 | Best acc: 00.899400

 > Start epoch number: 117
	 >>> Epoch(s) 0117/0225 | acc: 0.96095 | loss: 0.662114044 | val_acc: 0.90160 | val_loss: 0.667779684 | Best epochs: 0117 | Best acc: 00.901600

 > Start epoch number: 118
	 >>> Epoch(s) 0118/0225 | acc: 0.96085 | loss: 0.662313739 | val_acc: 0.89720 | val_loss: 0.668101072 | Best epochs: 0117 | Best acc: 00.901600

 > Start epoch number: 119
	 >>> Epoch(s) 0119/0225 | acc: 0.96370 | loss: 0.662000557 | val_acc: 0.88660 | val_loss: 0.669117808 | Best epochs: 0117 | Best acc: 00.901600

 > Start epoch number: 120
	 >>> Epoch(s) 0120/0225 | acc: 0.94550 | loss: 0.663956682 | val_acc: 0.86500 | val_loss: 0.671202421 | Best epochs: 0117 | Best acc: 00.901600

 > Start epoch number: 121
	 >>> Epoch(s) 0121/0225 | acc: 0.93080 | loss: 0.665646275 | val_acc: 0.85920 | val_loss: 0.671908200 | Best epochs: 0117 | Best acc: 00.901600

 > Start epoch number: 122
	 >>> Epoch(s) 0122/0225 | acc: 0.90760 | loss: 0.668598513 | val_acc: 0.85600 | val_loss: 0.672836840 | Best epochs: 0117 | Best acc: 00.901600

 > Start epoch number: 123
	 >>> Epoch(s) 0123/0225 | acc: 0.90440 | loss: 0.668558200 | val_acc: 0.88240 | val_loss: 0.669947326 | Best epochs: 0117 | Best acc: 00.901600

 > Start epoch number: 124
	 >>> Epoch(s) 0124/0225 | acc: 0.92780 | loss: 0.665828427 | val_acc: 0.88100 | val_loss: 0.669552803 | Best epochs: 0117 | Best acc: 00.901600

 > Start epoch number: 125
	 >>> Epoch(s) 0125/0225 | acc: 0.93605 | loss: 0.664693336 | val_acc: 0.89120 | val_loss: 0.668541849 | Best epochs: 0117 | Best acc: 00.901600

 > Start epoch number: 126
	 >>> Epoch(s) 0126/0225 | acc: 0.94270 | loss: 0.663776378 | val_acc: 0.89240 | val_loss: 0.668173254 | Best epochs: 0117 | Best acc: 00.901600

 > Start epoch number: 127
	 >>> Epoch(s) 0127/0225 | acc: 0.94930 | loss: 0.663102190 | val_acc: 0.89300 | val_loss: 0.668203712 | Best epochs: 0117 | Best acc: 00.901600

 > Start epoch number: 128
	 >>> Epoch(s) 0128/0225 | acc: 0.95340 | loss: 0.662653108 | val_acc: 0.89700 | val_loss: 0.667636216 | Best epochs: 0117 | Best acc: 00.901600

 > Start epoch number: 129
	 >>> Epoch(s) 0129/0225 | acc: 0.95710 | loss: 0.662292620 | val_acc: 0.89320 | val_loss: 0.668290615 | Best epochs: 0117 | Best acc: 00.901600

 > Start epoch number: 130
	 >>> Epoch(s) 0130/0225 | acc: 0.95480 | loss: 0.662658592 | val_acc: 0.89780 | val_loss: 0.667869568 | Best epochs: 0117 | Best acc: 00.901600

 > Start epoch number: 131
	 >>> Epoch(s) 0131/0225 | acc: 0.95975 | loss: 0.662252009 | val_acc: 0.89920 | val_loss: 0.667774677 | Best epochs: 0117 | Best acc: 00.901600

 > Start epoch number: 132
	 >>> Epoch(s) 0132/0225 | acc: 0.96245 | loss: 0.662049035 | val_acc: 0.89980 | val_loss: 0.667604029 | Best epochs: 0117 | Best acc: 00.901600

 > Start epoch number: 133
	 >>> Epoch(s) 0133/0225 | acc: 0.96510 | loss: 0.661466777 | val_acc: 0.89760 | val_loss: 0.667847335 | Best epochs: 0117 | Best acc: 00.901600

 > Start epoch number: 134
	 >>> Epoch(s) 0134/0225 | acc: 0.96225 | loss: 0.661983152 | val_acc: 0.88180 | val_loss: 0.669062197 | Best epochs: 0117 | Best acc: 00.901600

 > Start epoch number: 135
	 >>> Epoch(s) 0135/0225 | acc: 0.93960 | loss: 0.664853394 | val_acc: 0.84580 | val_loss: 0.674030662 | Best epochs: 0117 | Best acc: 00.901600

 > Start epoch number: 136
	 >>> Epoch(s) 0136/0225 | acc: 0.91825 | loss: 0.667647163 | val_acc: 0.88020 | val_loss: 0.670554340 | Best epochs: 0117 | Best acc: 00.901600

 > Start epoch number: 137
	 >>> Epoch(s) 0137/0225 | acc: 0.93620 | loss: 0.665754100 | val_acc: 0.88840 | val_loss: 0.669661105 | Best epochs: 0117 | Best acc: 00.901600

 > Start epoch number: 138
	 >>> Epoch(s) 0138/0225 | acc: 0.94400 | loss: 0.664294163 | val_acc: 0.88500 | val_loss: 0.669113815 | Best epochs: 0117 | Best acc: 00.901600

 > Start epoch number: 139
	 >>> Epoch(s) 0139/0225 | acc: 0.94910 | loss: 0.663437525 | val_acc: 0.89560 | val_loss: 0.667963505 | Best epochs: 0117 | Best acc: 00.901600

 > Start epoch number: 140
	 >>> Epoch(s) 0140/0225 | acc: 0.95520 | loss: 0.662292818 | val_acc: 0.90100 | val_loss: 0.667464852 | Best epochs: 0117 | Best acc: 00.901600

 > Start epoch number: 141
	 >>> Epoch(s) 0141/0225 | acc: 0.95790 | loss: 0.662156125 | val_acc: 0.89400 | val_loss: 0.668052793 | Best epochs: 0117 | Best acc: 00.901600

 > Start epoch number: 142
	 >>> Epoch(s) 0142/0225 | acc: 0.95155 | loss: 0.663113852 | val_acc: 0.89140 | val_loss: 0.668243885 | Best epochs: 0117 | Best acc: 00.901600

 > Start epoch number: 143
	 >>> Epoch(s) 0143/0225 | acc: 0.95385 | loss: 0.662985524 | val_acc: 0.89780 | val_loss: 0.667953908 | Best epochs: 0117 | Best acc: 00.901600

 > Start epoch number: 144
	 >>> Epoch(s) 0144/0225 | acc: 0.95730 | loss: 0.662698726 | val_acc: 0.89520 | val_loss: 0.668323398 | Best epochs: 0117 | Best acc: 00.901600

 > Start epoch number: 145
	 >>> Epoch(s) 0145/0225 | acc: 0.95495 | loss: 0.663017869 | val_acc: 0.90000 | val_loss: 0.668235123 | Best epochs: 0117 | Best acc: 00.901600

 > Start epoch number: 146
	 >>> Epoch(s) 0146/0225 | acc: 0.96060 | loss: 0.662618299 | val_acc: 0.89300 | val_loss: 0.668412626 | Best epochs: 0117 | Best acc: 00.901600

 > Start epoch number: 147
	 >>> Epoch(s) 0147/0225 | acc: 0.94645 | loss: 0.664000352 | val_acc: 0.88580 | val_loss: 0.669299364 | Best epochs: 0117 | Best acc: 00.901600

 > Start epoch number: 148
	 >>> Epoch(s) 0148/0225 | acc: 0.94440 | loss: 0.664564451 | val_acc: 0.89140 | val_loss: 0.668926060 | Best epochs: 0117 | Best acc: 00.901600

 > Start epoch number: 149
	 >>> Epoch(s) 0149/0225 | acc: 0.94250 | loss: 0.664430201 | val_acc: 0.88420 | val_loss: 0.669724643 | Best epochs: 0117 | Best acc: 00.901600

 > Start epoch number: 150
	 >>> Epoch(s) 0150/0225 | acc: 0.94285 | loss: 0.664458513 | val_acc: 0.89360 | val_loss: 0.668766677 | Best epochs: 0117 | Best acc: 00.901600

 > Start epoch number: 151
	 >>> Epoch(s) 0151/0225 | acc: 0.95405 | loss: 0.663082739 | val_acc: 0.89400 | val_loss: 0.668514967 | Best epochs: 0117 | Best acc: 00.901600

 > Start epoch number: 152
	 >>> Epoch(s) 0152/0225 | acc: 0.95845 | loss: 0.662342727 | val_acc: 0.89400 | val_loss: 0.667815149 | Best epochs: 0117 | Best acc: 00.901600

 > Start epoch number: 153
	 >>> Epoch(s) 0153/0225 | acc: 0.96410 | loss: 0.661667387 | val_acc: 0.89660 | val_loss: 0.667727351 | Best epochs: 0117 | Best acc: 00.901600

 > Start epoch number: 154
	 >>> Epoch(s) 0154/0225 | acc: 0.96605 | loss: 0.661374191 | val_acc: 0.89100 | val_loss: 0.668032408 | Best epochs: 0117 | Best acc: 00.901600

 > Start epoch number: 155
	 >>> Epoch(s) 0155/0225 | acc: 0.96445 | loss: 0.661302408 | val_acc: 0.89540 | val_loss: 0.667703331 | Best epochs: 0117 | Best acc: 00.901600

 > Start epoch number: 156
	 >>> Epoch(s) 0156/0225 | acc: 0.96075 | loss: 0.662102620 | val_acc: 0.88740 | val_loss: 0.668962002 | Best epochs: 0117 | Best acc: 00.901600

 > Start epoch number: 157
	 >>> Epoch(s) 0157/0225 | acc: 0.95270 | loss: 0.663267652 | val_acc: 0.89380 | val_loss: 0.668893397 | Best epochs: 0117 | Best acc: 00.901600

 > Start epoch number: 158
	 >>> Epoch(s) 0158/0225 | acc: 0.95000 | loss: 0.664096097 | val_acc: 0.88160 | val_loss: 0.670624197 | Best epochs: 0117 | Best acc: 00.901600

 > Start epoch number: 159
	 >>> Epoch(s) 0159/0225 | acc: 0.94730 | loss: 0.664698005 | val_acc: 0.89620 | val_loss: 0.669269145 | Best epochs: 0117 | Best acc: 00.901600

 > Start epoch number: 160
	 >>> Epoch(s) 0160/0225 | acc: 0.95095 | loss: 0.664096912 | val_acc: 0.89500 | val_loss: 0.668142796 | Best epochs: 0117 | Best acc: 00.901600

 > Start epoch number: 161
	 >>> Epoch(s) 0161/0225 | acc: 0.95845 | loss: 0.662695487 | val_acc: 0.88960 | val_loss: 0.668585539 | Best epochs: 0117 | Best acc: 00.901600

 > Start epoch number: 162
	 >>> Epoch(s) 0162/0225 | acc: 0.95160 | loss: 0.663004637 | val_acc: 0.88380 | val_loss: 0.669176996 | Best epochs: 0117 | Best acc: 00.901600

 > Start epoch number: 163
	 >>> Epoch(s) 0163/0225 | acc: 0.94155 | loss: 0.664007743 | val_acc: 0.88940 | val_loss: 0.668762088 | Best epochs: 0117 | Best acc: 00.901600

 > Start epoch number: 164
	 >>> Epoch(s) 0164/0225 | acc: 0.95070 | loss: 0.663348039 | val_acc: 0.88180 | val_loss: 0.669896543 | Best epochs: 0117 | Best acc: 00.901600

 > Start epoch number: 165
	 >>> Epoch(s) 0165/0225 | acc: 0.94535 | loss: 0.664138655 | val_acc: 0.88320 | val_loss: 0.669219494 | Best epochs: 0117 | Best acc: 00.901600

 > Start epoch number: 166
	 >>> Epoch(s) 0166/0225 | acc: 0.94910 | loss: 0.663892627 | val_acc: 0.86680 | val_loss: 0.671711564 | Best epochs: 0117 | Best acc: 00.901600

 > Start epoch number: 167
	 >>> Epoch(s) 0167/0225 | acc: 0.91500 | loss: 0.667699258 | val_acc: 0.86760 | val_loss: 0.671863735 | Best epochs: 0117 | Best acc: 00.901600

 > Start epoch number: 168
	 >>> Epoch(s) 0168/0225 | acc: 0.93030 | loss: 0.666215658 | val_acc: 0.88340 | val_loss: 0.670138896 | Best epochs: 0117 | Best acc: 00.901600

 > Start epoch number: 169
	 >>> Epoch(s) 0169/0225 | acc: 0.93745 | loss: 0.665362100 | val_acc: 0.88940 | val_loss: 0.669302642 | Best epochs: 0117 | Best acc: 00.901600

 > Start epoch number: 170
	 >>> Epoch(s) 0170/0225 | acc: 0.94935 | loss: 0.663956622 | val_acc: 0.88940 | val_loss: 0.668400943 | Best epochs: 0117 | Best acc: 00.901600

 > Start epoch number: 171
	 >>> Epoch(s) 0171/0225 | acc: 0.95315 | loss: 0.662975411 | val_acc: 0.89340 | val_loss: 0.668169975 | Best epochs: 0117 | Best acc: 00.901600

 > Start epoch number: 172
	 >>> Epoch(s) 0172/0225 | acc: 0.95175 | loss: 0.663009624 | val_acc: 0.89260 | val_loss: 0.668345630 | Best epochs: 0117 | Best acc: 00.901600

 > Start epoch number: 173
	 >>> Epoch(s) 0173/0225 | acc: 0.95750 | loss: 0.662605902 | val_acc: 0.90200 | val_loss: 0.667387962 | Best epochs: 0173 | Best acc: 00.902000

 > Start epoch number: 174
	 >>> Epoch(s) 0174/0225 | acc: 0.96425 | loss: 0.661755443 | val_acc: 0.90560 | val_loss: 0.667171538 | Best epochs: 0174 | Best acc: 00.905600

 > Start epoch number: 175
	 >>> Epoch(s) 0175/0225 | acc: 0.96620 | loss: 0.661656539 | val_acc: 0.89820 | val_loss: 0.667845607 | Best epochs: 0174 | Best acc: 00.905600

 > Start epoch number: 176
	 >>> Epoch(s) 0176/0225 | acc: 0.96790 | loss: 0.661390622 | val_acc: 0.90240 | val_loss: 0.667493522 | Best epochs: 0174 | Best acc: 00.905600

 > Start epoch number: 177
	 >>> Epoch(s) 0177/0225 | acc: 0.97050 | loss: 0.661186278 | val_acc: 0.90060 | val_loss: 0.667403340 | Best epochs: 0174 | Best acc: 00.905600

 > Start epoch number: 178
	 >>> Epoch(s) 0178/0225 | acc: 0.96990 | loss: 0.661029577 | val_acc: 0.90160 | val_loss: 0.667494297 | Best epochs: 0174 | Best acc: 00.905600

 > Start epoch number: 179
	 >>> Epoch(s) 0179/0225 | acc: 0.97070 | loss: 0.661039710 | val_acc: 0.89300 | val_loss: 0.668053627 | Best epochs: 0174 | Best acc: 00.905600

 > Start epoch number: 180
	 >>> Epoch(s) 0180/0225 | acc: 0.96745 | loss: 0.661592344 | val_acc: 0.89660 | val_loss: 0.668114543 | Best epochs: 0174 | Best acc: 00.905600

 > Start epoch number: 181
	 >>> Epoch(s) 0181/0225 | acc: 0.96335 | loss: 0.662185907 | val_acc: 0.88920 | val_loss: 0.668757856 | Best epochs: 0174 | Best acc: 00.905600

 > Start epoch number: 182
	 >>> Epoch(s) 0182/0225 | acc: 0.95515 | loss: 0.663152039 | val_acc: 0.86400 | val_loss: 0.671207964 | Best epochs: 0174 | Best acc: 00.905600

 > Start epoch number: 183
	 >>> Epoch(s) 0183/0225 | acc: 0.93855 | loss: 0.664641599 | val_acc: 0.86360 | val_loss: 0.671302736 | Best epochs: 0174 | Best acc: 00.905600

 > Start epoch number: 184
	 >>> Epoch(s) 0184/0225 | acc: 0.93055 | loss: 0.665965180 | val_acc: 0.86200 | val_loss: 0.672047198 | Best epochs: 0174 | Best acc: 00.905600

 > Start epoch number: 185
	 >>> Epoch(s) 0185/0225 | acc: 0.90950 | loss: 0.668704112 | val_acc: 0.86960 | val_loss: 0.671769679 | Best epochs: 0174 | Best acc: 00.905600

 > Start epoch number: 186
	 >>> Epoch(s) 0186/0225 | acc: 0.91980 | loss: 0.667571902 | val_acc: 0.87720 | val_loss: 0.670626879 | Best epochs: 0174 | Best acc: 00.905600

 > Start epoch number: 187
	 >>> Epoch(s) 0187/0225 | acc: 0.93265 | loss: 0.665309409 | val_acc: 0.88560 | val_loss: 0.669206083 | Best epochs: 0174 | Best acc: 00.905600

 > Start epoch number: 188
	 >>> Epoch(s) 0188/0225 | acc: 0.94105 | loss: 0.664339205 | val_acc: 0.89380 | val_loss: 0.668278575 | Best epochs: 0174 | Best acc: 00.905600

 > Start epoch number: 189
	 >>> Epoch(s) 0189/0225 | acc: 0.95160 | loss: 0.663321118 | val_acc: 0.89740 | val_loss: 0.667787313 | Best epochs: 0174 | Best acc: 00.905600

 > Start epoch number: 190
	 >>> Epoch(s) 0190/0225 | acc: 0.95505 | loss: 0.662776967 | val_acc: 0.90060 | val_loss: 0.667618752 | Best epochs: 0174 | Best acc: 00.905600

 > Start epoch number: 191
	 >>> Epoch(s) 0191/0225 | acc: 0.95960 | loss: 0.662344078 | val_acc: 0.90080 | val_loss: 0.668091238 | Best epochs: 0174 | Best acc: 00.905600

 > Start epoch number: 192
	 >>> Epoch(s) 0192/0225 | acc: 0.96280 | loss: 0.662129283 | val_acc: 0.90040 | val_loss: 0.667913496 | Best epochs: 0174 | Best acc: 00.905600

 > Start epoch number: 193
	 >>> Epoch(s) 0193/0225 | acc: 0.96660 | loss: 0.661863406 | val_acc: 0.89440 | val_loss: 0.668357611 | Best epochs: 0174 | Best acc: 00.905600

 > Start epoch number: 194
	 >>> Epoch(s) 0194/0225 | acc: 0.96855 | loss: 0.661785841 | val_acc: 0.89540 | val_loss: 0.668451846 | Best epochs: 0174 | Best acc: 00.905600

 > Start epoch number: 195
	 >>> Epoch(s) 0195/0225 | acc: 0.96560 | loss: 0.662229796 | val_acc: 0.89120 | val_loss: 0.668798327 | Best epochs: 0174 | Best acc: 00.905600

 > Start epoch number: 196
	 >>> Epoch(s) 0196/0225 | acc: 0.95435 | loss: 0.663326720 | val_acc: 0.89320 | val_loss: 0.668953598 | Best epochs: 0174 | Best acc: 00.905600

 > Start epoch number: 197
	 >>> Epoch(s) 0197/0225 | acc: 0.95925 | loss: 0.662899951 | val_acc: 0.89380 | val_loss: 0.668514669 | Best epochs: 0174 | Best acc: 00.905600

 > Start epoch number: 198
	 >>> Epoch(s) 0198/0225 | acc: 0.96780 | loss: 0.661868155 | val_acc: 0.89520 | val_loss: 0.668304026 | Best epochs: 0174 | Best acc: 00.905600

 > Start epoch number: 199
	 >>> Epoch(s) 0199/0225 | acc: 0.96645 | loss: 0.661798795 | val_acc: 0.89640 | val_loss: 0.667835057 | Best epochs: 0174 | Best acc: 00.905600

 > Start epoch number: 200
	 >>> Epoch(s) 0200/0225 | acc: 0.96535 | loss: 0.661564787 | val_acc: 0.90220 | val_loss: 0.667454302 | Best epochs: 0174 | Best acc: 00.905600

 > Start epoch number: 201
	 >>> Epoch(s) 0201/0225 | acc: 0.96925 | loss: 0.661287586 | val_acc: 0.89560 | val_loss: 0.667783439 | Best epochs: 0174 | Best acc: 00.905600

 > Start epoch number: 202
	 >>> Epoch(s) 0202/0225 | acc: 0.96895 | loss: 0.661291639 | val_acc: 0.89680 | val_loss: 0.667873740 | Best epochs: 0174 | Best acc: 00.905600

 > Start epoch number: 203
	 >>> Epoch(s) 0203/0225 | acc: 0.96760 | loss: 0.661474427 | val_acc: 0.89360 | val_loss: 0.668250442 | Best epochs: 0174 | Best acc: 00.905600

 > Start epoch number: 204
	 >>> Epoch(s) 0204/0225 | acc: 0.97020 | loss: 0.661381006 | val_acc: 0.89280 | val_loss: 0.668534815 | Best epochs: 0174 | Best acc: 00.905600

 > Start epoch number: 205
	 >>> Epoch(s) 0205/0225 | acc: 0.95205 | loss: 0.664349814 | val_acc: 0.85800 | val_loss: 0.672830582 | Best epochs: 0174 | Best acc: 00.905600

 > Start epoch number: 206
	 >>> Epoch(s) 0206/0225 | acc: 0.92775 | loss: 0.667408824 | val_acc: 0.88220 | val_loss: 0.671158254 | Best epochs: 0174 | Best acc: 00.905600

 > Start epoch number: 207
	 >>> Epoch(s) 0207/0225 | acc: 0.94500 | loss: 0.665888170 | val_acc: 0.89280 | val_loss: 0.669484675 | Best epochs: 0174 | Best acc: 00.905600

 > Start epoch number: 208
	 >>> Epoch(s) 0208/0225 | acc: 0.94885 | loss: 0.664514403 | val_acc: 0.85160 | val_loss: 0.672451079 | Best epochs: 0174 | Best acc: 00.905600

 > Start epoch number: 209
	 >>> Epoch(s) 0209/0225 | acc: 0.91350 | loss: 0.667466601 | val_acc: 0.88100 | val_loss: 0.670808315 | Best epochs: 0174 | Best acc: 00.905600

 > Start epoch number: 210
	 >>> Epoch(s) 0210/0225 | acc: 0.93315 | loss: 0.665725807 | val_acc: 0.88440 | val_loss: 0.669469059 | Best epochs: 0174 | Best acc: 00.905600

 > Start epoch number: 211
	 >>> Epoch(s) 0211/0225 | acc: 0.94595 | loss: 0.664212942 | val_acc: 0.88140 | val_loss: 0.669351101 | Best epochs: 0174 | Best acc: 00.905600

 > Start epoch number: 212
	 >>> Epoch(s) 0212/0225 | acc: 0.94360 | loss: 0.664122204 | val_acc: 0.89260 | val_loss: 0.668755472 | Best epochs: 0174 | Best acc: 00.905600

 > Start epoch number: 213
	 >>> Epoch(s) 0213/0225 | acc: 0.95275 | loss: 0.663158576 | val_acc: 0.87920 | val_loss: 0.669825554 | Best epochs: 0174 | Best acc: 00.905600

 > Start epoch number: 214
	 >>> Epoch(s) 0214/0225 | acc: 0.94320 | loss: 0.664059122 | val_acc: 0.89540 | val_loss: 0.668733418 | Best epochs: 0174 | Best acc: 00.905600

 > Start epoch number: 215
	 >>> Epoch(s) 0215/0225 | acc: 0.95195 | loss: 0.663727383 | val_acc: 0.90380 | val_loss: 0.667851865 | Best epochs: 0174 | Best acc: 00.905600

 > Start epoch number: 216
	 >>> Epoch(s) 0216/0225 | acc: 0.96490 | loss: 0.662581027 | val_acc: 0.89420 | val_loss: 0.668779671 | Best epochs: 0174 | Best acc: 00.905600

 > Start epoch number: 217
	 >>> Epoch(s) 0217/0225 | acc: 0.95975 | loss: 0.662905037 | val_acc: 0.90380 | val_loss: 0.667987168 | Best epochs: 0174 | Best acc: 00.905600

 > Start epoch number: 218
	 >>> Epoch(s) 0218/0225 | acc: 0.96535 | loss: 0.662308733 | val_acc: 0.90080 | val_loss: 0.667991102 | Best epochs: 0174 | Best acc: 00.905600

 > Start epoch number: 219
	 >>> Epoch(s) 0219/0225 | acc: 0.96825 | loss: 0.661811014 | val_acc: 0.90300 | val_loss: 0.667462349 | Best epochs: 0174 | Best acc: 00.905600

 > Start epoch number: 220
	 >>> Epoch(s) 0220/0225 | acc: 0.97010 | loss: 0.661376456 | val_acc: 0.90020 | val_loss: 0.667454600 | Best epochs: 0174 | Best acc: 00.905600

 > Start epoch number: 221
	 >>> Epoch(s) 0221/0225 | acc: 0.96920 | loss: 0.661204100 | val_acc: 0.89460 | val_loss: 0.668159485 | Best epochs: 0174 | Best acc: 00.905600

 > Start epoch number: 222
	 >>> Epoch(s) 0222/0225 | acc: 0.96805 | loss: 0.661522786 | val_acc: 0.89680 | val_loss: 0.668185592 | Best epochs: 0174 | Best acc: 00.905600

 > Start epoch number: 223
	 >>> Epoch(s) 0223/0225 | acc: 0.97030 | loss: 0.661377251 | val_acc: 0.90100 | val_loss: 0.667648435 | Best epochs: 0174 | Best acc: 00.905600

 > Start epoch number: 224
	 >>> Epoch(s) 0224/0225 | acc: 0.96600 | loss: 0.662096461 | val_acc: 0.89200 | val_loss: 0.668726563 | Best epochs: 0174 | Best acc: 00.905600

 > Start epoch number: 225
	 >>> Epoch(s) 0225/0225 | acc: 0.95390 | loss: 0.663843890 | val_acc: 0.85760 | val_loss: 0.672935307 | Best epochs: 0174 | Best acc: 00.905600
Shape of preprocessed data: torch.Size([73257, 3, 32, 32])
Shape of preprocessed data: torch.Size([73257, 3, 32, 32])
Shape of preprocessed data: torch.Size([73257, 3, 32, 32])
SDEs for 10.0-gaussian-pertubed SVHN = 0.8366241455078125
SDEs for 15.0-gaussian-pertubed SVHN = 0.79656982421875
SDEs for 20.0-gaussian-pertubed SVHN = 0.7452850341796875
