Files already downloaded and verified
Generating None-pertubed-dataset
Shape of preprocessed data: torch.Size([50000, 3, 32, 32])
Generating [15.0]-pertubed-dataset
Shape of preprocessed data: torch.Size([50000, 3, 32, 32])
Spliting dataset
Creating model
SDENet(
  (fe): Sequential(
    (0): Conv2d(3, 16, kernel_size=(3, 3), stride=(1, 1))
    (1): GroupNorm(8, 16, eps=1e-05, affine=True)
    (2): ReLU()
    (3): Conv2d(16, 32, kernel_size=(3, 3), stride=(2, 2))
    (4): GroupNorm(16, 32, eps=1e-05, affine=True)
    (5): ReLU()
    (6): Conv2d(32, 64, kernel_size=(3, 3), stride=(2, 2))
    (7): GroupNorm(32, 64, eps=1e-05, affine=True)
    (8): ReLU()
  )
  (flat): Flatten(start_dim=1, end_dim=-1)
  (rm): SDEBlock(
    (drift): ConvolutionDrift(
      (conv1): ConcatConv2d(
        (_layer): Conv2d(65, 64, kernel_size=(3, 3), stride=(1, 1), padding=(1, 1))
      )
      (norm1): Norm(
        (norm): GroupNorm(32, 64, eps=1e-05, affine=True)
      )
      (relu): ReLU(inplace=True)
      (conv2): ConcatConv2d(
        (_layer): Conv2d(65, 64, kernel_size=(3, 3), stride=(1, 1), padding=(1, 1))
      )
      (norm2): Norm(
        (norm): GroupNorm(32, 64, eps=1e-05, affine=True)
      )
    )
    (diffusion): ConvolutionDiffusion(
      (relu): ReLU()
      (norm1): Norm(
        (norm): GroupNorm(32, 64, eps=1e-05, affine=True)
      )
      (conv1): ConcatConv2d(
        (_layer): Conv2d(65, 64, kernel_size=(3, 3), stride=(1, 1), padding=(1, 1))
      )
      (conv2): ConcatConv2d(
        (_layer): Conv2d(65, 64, kernel_size=(3, 3), stride=(1, 1), padding=(1, 1))
      )
      (norm2): Norm(
        (norm): GroupNorm(32, 64, eps=1e-05, affine=True)
      )
      (conv3): ConcatConv2d(
        (_layer): Conv2d(65, 192, kernel_size=(3, 3), stride=(1, 1), padding=(1, 1))
      )
      (norm3): Norm(
        (norm): GroupNorm(32, 192, eps=1e-05, affine=True)
      )
    )
  )
  (fcc): Sequential(
    (0): Linear(in_features=2304, out_features=32, bias=True)
    (1): Linear(in_features=32, out_features=10, bias=True)
    (2): Softmax(dim=1)
  )
)
> Numbers of parameters in model: 361322

 > Start epoch number: 1
	 >>> Epoch(s) 0001/0150 | acc: 0.12120 | loss: 0.734659684 | val_acc: 0.12400 | val_loss: 0.734818637 | Best epochs: 0001 | Best acc: 00.124000

 > Start epoch number: 2
	 >>> Epoch(s) 0002/0150 | acc: 0.14445 | loss: 0.733679199 | val_acc: 0.17660 | val_loss: 0.732394725 | Best epochs: 0002 | Best acc: 00.176600

 > Start epoch number: 3
	 >>> Epoch(s) 0003/0150 | acc: 0.19205 | loss: 0.731346798 | val_acc: 0.21720 | val_loss: 0.729305059 | Best epochs: 0003 | Best acc: 00.217200

 > Start epoch number: 4
	 >>> Epoch(s) 0004/0150 | acc: 0.23820 | loss: 0.728329813 | val_acc: 0.26740 | val_loss: 0.725946873 | Best epochs: 0004 | Best acc: 00.267400

 > Start epoch number: 5
	 >>> Epoch(s) 0005/0150 | acc: 0.29235 | loss: 0.724699783 | val_acc: 0.31780 | val_loss: 0.722941637 | Best epochs: 0005 | Best acc: 00.317800

 > Start epoch number: 6
	 >>> Epoch(s) 0006/0150 | acc: 0.33560 | loss: 0.721006012 | val_acc: 0.33580 | val_loss: 0.720577031 | Best epochs: 0006 | Best acc: 00.335800

 > Start epoch number: 7
	 >>> Epoch(s) 0007/0150 | acc: 0.35725 | loss: 0.718548930 | val_acc: 0.38000 | val_loss: 0.716668069 | Best epochs: 0007 | Best acc: 00.380000

 > Start epoch number: 8
	 >>> Epoch(s) 0008/0150 | acc: 0.39195 | loss: 0.715730631 | val_acc: 0.38580 | val_loss: 0.715514451 | Best epochs: 0008 | Best acc: 00.385800

 > Start epoch number: 9
	 >>> Epoch(s) 0009/0150 | acc: 0.40680 | loss: 0.713837516 | val_acc: 0.41800 | val_loss: 0.713135362 | Best epochs: 0009 | Best acc: 00.418000

 > Start epoch number: 10
	 >>> Epoch(s) 0010/0150 | acc: 0.42345 | loss: 0.712984955 | val_acc: 0.39480 | val_loss: 0.715267658 | Best epochs: 0009 | Best acc: 00.418000

 > Start epoch number: 11
	 >>> Epoch(s) 0011/0150 | acc: 0.41955 | loss: 0.713302481 | val_acc: 0.42120 | val_loss: 0.713532388 | Best epochs: 0011 | Best acc: 00.421200

 > Start epoch number: 12
	 >>> Epoch(s) 0012/0150 | acc: 0.43655 | loss: 0.711819959 | val_acc: 0.44060 | val_loss: 0.711190492 | Best epochs: 0012 | Best acc: 00.440600

 > Start epoch number: 13
	 >>> Epoch(s) 0013/0150 | acc: 0.45115 | loss: 0.710678399 | val_acc: 0.43800 | val_loss: 0.710883558 | Best epochs: 0012 | Best acc: 00.440600

 > Start epoch number: 14
	 >>> Epoch(s) 0014/0150 | acc: 0.45970 | loss: 0.709811711 | val_acc: 0.44420 | val_loss: 0.710180432 | Best epochs: 0014 | Best acc: 00.444200

 > Start epoch number: 15
	 >>> Epoch(s) 0015/0150 | acc: 0.47445 | loss: 0.708652627 | val_acc: 0.46520 | val_loss: 0.709075779 | Best epochs: 0015 | Best acc: 00.465200

 > Start epoch number: 16
	 >>> Epoch(s) 0016/0150 | acc: 0.49060 | loss: 0.707254636 | val_acc: 0.42620 | val_loss: 0.711280942 | Best epochs: 0015 | Best acc: 00.465200

 > Start epoch number: 17
	 >>> Epoch(s) 0017/0150 | acc: 0.45860 | loss: 0.709933531 | val_acc: 0.44220 | val_loss: 0.710939556 | Best epochs: 0015 | Best acc: 00.465200

 > Start epoch number: 18
	 >>> Epoch(s) 0018/0150 | acc: 0.45500 | loss: 0.710149837 | val_acc: 0.44960 | val_loss: 0.709806770 | Best epochs: 0015 | Best acc: 00.465200

 > Start epoch number: 19
	 >>> Epoch(s) 0019/0150 | acc: 0.48665 | loss: 0.707895648 | val_acc: 0.47400 | val_loss: 0.709084839 | Best epochs: 0019 | Best acc: 00.474000

 > Start epoch number: 20
	 >>> Epoch(s) 0020/0150 | acc: 0.50080 | loss: 0.706524801 | val_acc: 0.48060 | val_loss: 0.707672477 | Best epochs: 0020 | Best acc: 00.480600

 > Start epoch number: 21
	 >>> Epoch(s) 0021/0150 | acc: 0.51495 | loss: 0.705315959 | val_acc: 0.47420 | val_loss: 0.707879007 | Best epochs: 0020 | Best acc: 00.480600

 > Start epoch number: 22
	 >>> Epoch(s) 0022/0150 | acc: 0.51920 | loss: 0.704485595 | val_acc: 0.47300 | val_loss: 0.707748860 | Best epochs: 0020 | Best acc: 00.480600

 > Start epoch number: 23
	 >>> Epoch(s) 0023/0150 | acc: 0.52405 | loss: 0.704437280 | val_acc: 0.47320 | val_loss: 0.707463950 | Best epochs: 0020 | Best acc: 00.480600

 > Start epoch number: 24
	 >>> Epoch(s) 0024/0150 | acc: 0.53095 | loss: 0.703692949 | val_acc: 0.49340 | val_loss: 0.706272930 | Best epochs: 0024 | Best acc: 00.493400

 > Start epoch number: 25
	 >>> Epoch(s) 0025/0150 | acc: 0.53645 | loss: 0.703247976 | val_acc: 0.50180 | val_loss: 0.705092311 | Best epochs: 0025 | Best acc: 00.501800

 > Start epoch number: 26
	 >>> Epoch(s) 0026/0150 | acc: 0.52555 | loss: 0.703910136 | val_acc: 0.50360 | val_loss: 0.705518723 | Best epochs: 0026 | Best acc: 00.503600

 > Start epoch number: 27
	 >>> Epoch(s) 0027/0150 | acc: 0.53385 | loss: 0.703375089 | val_acc: 0.48960 | val_loss: 0.705856323 | Best epochs: 0026 | Best acc: 00.503600

 > Start epoch number: 28
	 >>> Epoch(s) 0028/0150 | acc: 0.54280 | loss: 0.702790129 | val_acc: 0.50940 | val_loss: 0.705585897 | Best epochs: 0028 | Best acc: 00.509400

 > Start epoch number: 29
	 >>> Epoch(s) 0029/0150 | acc: 0.54490 | loss: 0.702474892 | val_acc: 0.51620 | val_loss: 0.703890502 | Best epochs: 0029 | Best acc: 00.516200

 > Start epoch number: 30
	 >>> Epoch(s) 0030/0150 | acc: 0.56310 | loss: 0.700732386 | val_acc: 0.49960 | val_loss: 0.705026716 | Best epochs: 0029 | Best acc: 00.516200

 > Start epoch number: 31
	 >>> Epoch(s) 0031/0150 | acc: 0.56505 | loss: 0.700539660 | val_acc: 0.45880 | val_loss: 0.707895279 | Best epochs: 0029 | Best acc: 00.516200

 > Start epoch number: 32
	 >>> Epoch(s) 0032/0150 | acc: 0.50135 | loss: 0.705785108 | val_acc: 0.48560 | val_loss: 0.706968933 | Best epochs: 0029 | Best acc: 00.516200

 > Start epoch number: 33
	 >>> Epoch(s) 0033/0150 | acc: 0.51735 | loss: 0.704655898 | val_acc: 0.51120 | val_loss: 0.705088586 | Best epochs: 0029 | Best acc: 00.516200

 > Start epoch number: 34
	 >>> Epoch(s) 0034/0150 | acc: 0.52965 | loss: 0.703723943 | val_acc: 0.50100 | val_loss: 0.705161721 | Best epochs: 0029 | Best acc: 00.516200

 > Start epoch number: 35
	 >>> Epoch(s) 0035/0150 | acc: 0.56690 | loss: 0.700553334 | val_acc: 0.53400 | val_loss: 0.703075230 | Best epochs: 0035 | Best acc: 00.534000

 > Start epoch number: 36
	 >>> Epoch(s) 0036/0150 | acc: 0.58405 | loss: 0.699180472 | val_acc: 0.54140 | val_loss: 0.702351183 | Best epochs: 0036 | Best acc: 00.541400

 > Start epoch number: 37
	 >>> Epoch(s) 0037/0150 | acc: 0.58440 | loss: 0.698683369 | val_acc: 0.51820 | val_loss: 0.704181075 | Best epochs: 0036 | Best acc: 00.541400

 > Start epoch number: 38
	 >>> Epoch(s) 0038/0150 | acc: 0.55820 | loss: 0.700672328 | val_acc: 0.52480 | val_loss: 0.702029407 | Best epochs: 0036 | Best acc: 00.541400

 > Start epoch number: 39
	 >>> Epoch(s) 0039/0150 | acc: 0.58850 | loss: 0.698406494 | val_acc: 0.52940 | val_loss: 0.702581108 | Best epochs: 0036 | Best acc: 00.541400

 > Start epoch number: 40
	 >>> Epoch(s) 0040/0150 | acc: 0.56120 | loss: 0.700515330 | val_acc: 0.54340 | val_loss: 0.701734900 | Best epochs: 0040 | Best acc: 00.543400

 > Start epoch number: 41
	 >>> Epoch(s) 0041/0150 | acc: 0.58410 | loss: 0.698896980 | val_acc: 0.52040 | val_loss: 0.703640163 | Best epochs: 0040 | Best acc: 00.543400

 > Start epoch number: 42
	 >>> Epoch(s) 0042/0150 | acc: 0.59465 | loss: 0.697838342 | val_acc: 0.52840 | val_loss: 0.703115642 | Best epochs: 0040 | Best acc: 00.543400

 > Start epoch number: 43
	 >>> Epoch(s) 0043/0150 | acc: 0.60850 | loss: 0.696551156 | val_acc: 0.53040 | val_loss: 0.702278644 | Best epochs: 0040 | Best acc: 00.543400

 > Start epoch number: 44
	 >>> Epoch(s) 0044/0150 | acc: 0.58685 | loss: 0.698286724 | val_acc: 0.53600 | val_loss: 0.702232778 | Best epochs: 0040 | Best acc: 00.543400

 > Start epoch number: 45
	 >>> Epoch(s) 0045/0150 | acc: 0.60645 | loss: 0.696572948 | val_acc: 0.55640 | val_loss: 0.700294912 | Best epochs: 0045 | Best acc: 00.556400

 > Start epoch number: 46
	 >>> Epoch(s) 0046/0150 | acc: 0.60405 | loss: 0.696657491 | val_acc: 0.55760 | val_loss: 0.700092763 | Best epochs: 0046 | Best acc: 00.557600

 > Start epoch number: 47
	 >>> Epoch(s) 0047/0150 | acc: 0.60625 | loss: 0.696304989 | val_acc: 0.49600 | val_loss: 0.705763221 | Best epochs: 0046 | Best acc: 00.557600

 > Start epoch number: 48
	 >>> Epoch(s) 0048/0150 | acc: 0.59750 | loss: 0.697464073 | val_acc: 0.53740 | val_loss: 0.701763630 | Best epochs: 0046 | Best acc: 00.557600

 > Start epoch number: 49
	 >>> Epoch(s) 0049/0150 | acc: 0.61880 | loss: 0.695538592 | val_acc: 0.51820 | val_loss: 0.703898072 | Best epochs: 0046 | Best acc: 00.557600

 > Start epoch number: 50
	 >>> Epoch(s) 0050/0150 | acc: 0.61610 | loss: 0.695802999 | val_acc: 0.52460 | val_loss: 0.702793896 | Best epochs: 0046 | Best acc: 00.557600

 > Start epoch number: 51
	 >>> Epoch(s) 0051/0150 | acc: 0.60015 | loss: 0.697275352 | val_acc: 0.54920 | val_loss: 0.701369643 | Best epochs: 0046 | Best acc: 00.557600

 > Start epoch number: 52
	 >>> Epoch(s) 0052/0150 | acc: 0.63035 | loss: 0.694377661 | val_acc: 0.54900 | val_loss: 0.700677633 | Best epochs: 0046 | Best acc: 00.557600

 > Start epoch number: 53
	 >>> Epoch(s) 0053/0150 | acc: 0.62900 | loss: 0.694332254 | val_acc: 0.52560 | val_loss: 0.702694684 | Best epochs: 0046 | Best acc: 00.557600

 > Start epoch number: 54
	 >>> Epoch(s) 0054/0150 | acc: 0.61805 | loss: 0.695206714 | val_acc: 0.54320 | val_loss: 0.701045513 | Best epochs: 0046 | Best acc: 00.557600

 > Start epoch number: 55
	 >>> Epoch(s) 0055/0150 | acc: 0.64650 | loss: 0.693090856 | val_acc: 0.54940 | val_loss: 0.701511055 | Best epochs: 0046 | Best acc: 00.557600

 > Start epoch number: 56
	 >>> Epoch(s) 0056/0150 | acc: 0.62620 | loss: 0.694750488 | val_acc: 0.55320 | val_loss: 0.700258583 | Best epochs: 0046 | Best acc: 00.557600

 > Start epoch number: 57
	 >>> Epoch(s) 0057/0150 | acc: 0.64430 | loss: 0.693018949 | val_acc: 0.56240 | val_loss: 0.699456960 | Best epochs: 0057 | Best acc: 00.562400

 > Start epoch number: 58
	 >>> Epoch(s) 0058/0150 | acc: 0.64895 | loss: 0.692949486 | val_acc: 0.55680 | val_loss: 0.699545801 | Best epochs: 0057 | Best acc: 00.562400

 > Start epoch number: 59
	 >>> Epoch(s) 0059/0150 | acc: 0.65595 | loss: 0.691909087 | val_acc: 0.50080 | val_loss: 0.705112576 | Best epochs: 0057 | Best acc: 00.562400

 > Start epoch number: 60
	 >>> Epoch(s) 0060/0150 | acc: 0.60630 | loss: 0.696358263 | val_acc: 0.53800 | val_loss: 0.702427238 | Best epochs: 0057 | Best acc: 00.562400

 > Start epoch number: 61
	 >>> Epoch(s) 0061/0150 | acc: 0.63760 | loss: 0.694124639 | val_acc: 0.56960 | val_loss: 0.699014515 | Best epochs: 0061 | Best acc: 00.569600

 > Start epoch number: 62
	 >>> Epoch(s) 0062/0150 | acc: 0.66690 | loss: 0.691275179 | val_acc: 0.44800 | val_loss: 0.710217625 | Best epochs: 0061 | Best acc: 00.569600

 > Start epoch number: 63
	 >>> Epoch(s) 0063/0150 | acc: 0.56435 | loss: 0.700009990 | val_acc: 0.53460 | val_loss: 0.702238768 | Best epochs: 0061 | Best acc: 00.569600

 > Start epoch number: 64
	 >>> Epoch(s) 0064/0150 | acc: 0.62325 | loss: 0.695386088 | val_acc: 0.54580 | val_loss: 0.701132059 | Best epochs: 0061 | Best acc: 00.569600

 > Start epoch number: 65
	 >>> Epoch(s) 0065/0150 | acc: 0.64775 | loss: 0.693457460 | val_acc: 0.57160 | val_loss: 0.699645370 | Best epochs: 0065 | Best acc: 00.571600

 > Start epoch number: 66
	 >>> Epoch(s) 0066/0150 | acc: 0.66410 | loss: 0.691242015 | val_acc: 0.54000 | val_loss: 0.701130539 | Best epochs: 0065 | Best acc: 00.571600

 > Start epoch number: 67
	 >>> Epoch(s) 0067/0150 | acc: 0.64160 | loss: 0.693473434 | val_acc: 0.56320 | val_loss: 0.700446457 | Best epochs: 0065 | Best acc: 00.571600

 > Start epoch number: 68
	 >>> Epoch(s) 0068/0150 | acc: 0.66605 | loss: 0.691348290 | val_acc: 0.54860 | val_loss: 0.700579196 | Best epochs: 0065 | Best acc: 00.571600

 > Start epoch number: 69
	 >>> Epoch(s) 0069/0150 | acc: 0.62300 | loss: 0.694647598 | val_acc: 0.54720 | val_loss: 0.700497597 | Best epochs: 0065 | Best acc: 00.571600

 > Start epoch number: 70
	 >>> Epoch(s) 0070/0150 | acc: 0.65800 | loss: 0.691995120 | val_acc: 0.56680 | val_loss: 0.700026512 | Best epochs: 0065 | Best acc: 00.571600

 > Start epoch number: 71
	 >>> Epoch(s) 0071/0150 | acc: 0.67950 | loss: 0.690223229 | val_acc: 0.56940 | val_loss: 0.698718309 | Best epochs: 0065 | Best acc: 00.571600

 > Start epoch number: 72
	 >>> Epoch(s) 0072/0150 | acc: 0.69650 | loss: 0.688459861 | val_acc: 0.50240 | val_loss: 0.703688204 | Best epochs: 0065 | Best acc: 00.571600

 > Start epoch number: 73
	 >>> Epoch(s) 0073/0150 | acc: 0.61220 | loss: 0.695635855 | val_acc: 0.55740 | val_loss: 0.700810581 | Best epochs: 0065 | Best acc: 00.571600

 > Start epoch number: 74
	 >>> Epoch(s) 0074/0150 | acc: 0.64500 | loss: 0.693307030 | val_acc: 0.56220 | val_loss: 0.699380398 | Best epochs: 0065 | Best acc: 00.571600

 > Start epoch number: 75
	 >>> Epoch(s) 0075/0150 | acc: 0.64730 | loss: 0.693151629 | val_acc: 0.56940 | val_loss: 0.700568318 | Best epochs: 0065 | Best acc: 00.571600

 > Start epoch number: 76
	 >>> Epoch(s) 0076/0150 | acc: 0.66975 | loss: 0.691037393 | val_acc: 0.50160 | val_loss: 0.704132199 | Best epochs: 0065 | Best acc: 00.571600

 > Start epoch number: 77
	 >>> Epoch(s) 0077/0150 | acc: 0.62175 | loss: 0.694808567 | val_acc: 0.53620 | val_loss: 0.702195972 | Best epochs: 0065 | Best acc: 00.571600

 > Start epoch number: 78
	 >>> Epoch(s) 0078/0150 | acc: 0.64855 | loss: 0.692967725 | val_acc: 0.56160 | val_loss: 0.700315177 | Best epochs: 0065 | Best acc: 00.571600

 > Start epoch number: 79
	 >>> Epoch(s) 0079/0150 | acc: 0.67375 | loss: 0.690606952 | val_acc: 0.57340 | val_loss: 0.699584395 | Best epochs: 0079 | Best acc: 00.573400

 > Start epoch number: 80
	 >>> Epoch(s) 0080/0150 | acc: 0.68925 | loss: 0.689176500 | val_acc: 0.56440 | val_loss: 0.698536366 | Best epochs: 0079 | Best acc: 00.573400

 > Start epoch number: 81
	 >>> Epoch(s) 0081/0150 | acc: 0.69250 | loss: 0.688707924 | val_acc: 0.55340 | val_loss: 0.700007290 | Best epochs: 0079 | Best acc: 00.573400

 > Start epoch number: 82
	 >>> Epoch(s) 0082/0150 | acc: 0.66160 | loss: 0.691356218 | val_acc: 0.53740 | val_loss: 0.702450871 | Best epochs: 0079 | Best acc: 00.573400

 > Start epoch number: 83
	 >>> Epoch(s) 0083/0150 | acc: 0.65395 | loss: 0.692272675 | val_acc: 0.54740 | val_loss: 0.701656550 | Best epochs: 0079 | Best acc: 00.573400

 > Start epoch number: 84
	 >>> Epoch(s) 0084/0150 | acc: 0.67790 | loss: 0.690298390 | val_acc: 0.54520 | val_loss: 0.700831473 | Best epochs: 0079 | Best acc: 00.573400

 > Start epoch number: 85
	 >>> Epoch(s) 0085/0150 | acc: 0.66715 | loss: 0.690790248 | val_acc: 0.55540 | val_loss: 0.700101137 | Best epochs: 0079 | Best acc: 00.573400

 > Start epoch number: 86
	 >>> Epoch(s) 0086/0150 | acc: 0.70330 | loss: 0.688101339 | val_acc: 0.58200 | val_loss: 0.698789895 | Best epochs: 0086 | Best acc: 00.582000

 > Start epoch number: 87
	 >>> Epoch(s) 0087/0150 | acc: 0.71655 | loss: 0.686950338 | val_acc: 0.54040 | val_loss: 0.701775730 | Best epochs: 0086 | Best acc: 00.582000

 > Start epoch number: 88
	 >>> Epoch(s) 0088/0150 | acc: 0.64050 | loss: 0.693092024 | val_acc: 0.54860 | val_loss: 0.700922996 | Best epochs: 0086 | Best acc: 00.582000

 > Start epoch number: 89
	 >>> Epoch(s) 0089/0150 | acc: 0.67410 | loss: 0.690661836 | val_acc: 0.55080 | val_loss: 0.700595945 | Best epochs: 0086 | Best acc: 00.582000

 > Start epoch number: 90
	 >>> Epoch(s) 0090/0150 | acc: 0.69560 | loss: 0.688989830 | val_acc: 0.56420 | val_loss: 0.699363708 | Best epochs: 0086 | Best acc: 00.582000

 > Start epoch number: 91
	 >>> Epoch(s) 0091/0150 | acc: 0.69740 | loss: 0.688419628 | val_acc: 0.56640 | val_loss: 0.699909836 | Best epochs: 0086 | Best acc: 00.582000

 > Start epoch number: 92
	 >>> Epoch(s) 0092/0150 | acc: 0.71845 | loss: 0.686556911 | val_acc: 0.56400 | val_loss: 0.699442297 | Best epochs: 0086 | Best acc: 00.582000

 > Start epoch number: 93
	 >>> Epoch(s) 0093/0150 | acc: 0.70150 | loss: 0.687921965 | val_acc: 0.54480 | val_loss: 0.700454414 | Best epochs: 0086 | Best acc: 00.582000

 > Start epoch number: 94
	 >>> Epoch(s) 0094/0150 | acc: 0.67385 | loss: 0.690325665 | val_acc: 0.57240 | val_loss: 0.698218882 | Best epochs: 0086 | Best acc: 00.582000

 > Start epoch number: 95
	 >>> Epoch(s) 0095/0150 | acc: 0.68510 | loss: 0.689422524 | val_acc: 0.56560 | val_loss: 0.699337780 | Best epochs: 0086 | Best acc: 00.582000

 > Start epoch number: 96
	 >>> Epoch(s) 0096/0150 | acc: 0.70400 | loss: 0.687784970 | val_acc: 0.50720 | val_loss: 0.704757929 | Best epochs: 0086 | Best acc: 00.582000

 > Start epoch number: 97
	 >>> Epoch(s) 0097/0150 | acc: 0.62285 | loss: 0.694693577 | val_acc: 0.54760 | val_loss: 0.700591475 | Best epochs: 0086 | Best acc: 00.582000

 > Start epoch number: 98
	 >>> Epoch(s) 0098/0150 | acc: 0.67545 | loss: 0.690803969 | val_acc: 0.56700 | val_loss: 0.700278163 | Best epochs: 0086 | Best acc: 00.582000

 > Start epoch number: 99
	 >>> Epoch(s) 0099/0150 | acc: 0.67920 | loss: 0.690547335 | val_acc: 0.56120 | val_loss: 0.700021833 | Best epochs: 0086 | Best acc: 00.582000

 > Start epoch number: 100
	 >>> Epoch(s) 0100/0150 | acc: 0.69240 | loss: 0.689169395 | val_acc: 0.54260 | val_loss: 0.701052696 | Best epochs: 0086 | Best acc: 00.582000

 > Start epoch number: 101
	 >>> Epoch(s) 0101/0150 | acc: 0.66775 | loss: 0.691049290 | val_acc: 0.56220 | val_loss: 0.699186206 | Best epochs: 0086 | Best acc: 00.582000

 > Start epoch number: 102
	 >>> Epoch(s) 0102/0150 | acc: 0.69465 | loss: 0.688850689 | val_acc: 0.56580 | val_loss: 0.699048936 | Best epochs: 0086 | Best acc: 00.582000

 > Start epoch number: 103
	 >>> Epoch(s) 0103/0150 | acc: 0.72240 | loss: 0.686239779 | val_acc: 0.57940 | val_loss: 0.697784841 | Best epochs: 0086 | Best acc: 00.582000

 > Start epoch number: 104
	 >>> Epoch(s) 0104/0150 | acc: 0.74130 | loss: 0.684486318 | val_acc: 0.57840 | val_loss: 0.698691815 | Best epochs: 0086 | Best acc: 00.582000

 > Start epoch number: 105
	 >>> Epoch(s) 0105/0150 | acc: 0.74410 | loss: 0.684030247 | val_acc: 0.56860 | val_loss: 0.698654473 | Best epochs: 0086 | Best acc: 00.582000

 > Start epoch number: 106
	 >>> Epoch(s) 0106/0150 | acc: 0.70185 | loss: 0.687663591 | val_acc: 0.54580 | val_loss: 0.701411843 | Best epochs: 0086 | Best acc: 00.582000

 > Start epoch number: 107
	 >>> Epoch(s) 0107/0150 | acc: 0.66170 | loss: 0.691555667 | val_acc: 0.50660 | val_loss: 0.703999132 | Best epochs: 0086 | Best acc: 00.582000

 > Start epoch number: 108
	 >>> Epoch(s) 0108/0150 | acc: 0.64985 | loss: 0.693001974 | val_acc: 0.55320 | val_loss: 0.701255292 | Best epochs: 0086 | Best acc: 00.582000

 > Start epoch number: 109
	 >>> Epoch(s) 0109/0150 | acc: 0.69925 | loss: 0.688924444 | val_acc: 0.57540 | val_loss: 0.698771089 | Best epochs: 0086 | Best acc: 00.582000

 > Start epoch number: 110
	 >>> Epoch(s) 0110/0150 | acc: 0.72865 | loss: 0.686084151 | val_acc: 0.57460 | val_loss: 0.697790533 | Best epochs: 0086 | Best acc: 00.582000

 > Start epoch number: 111
	 >>> Epoch(s) 0111/0150 | acc: 0.73885 | loss: 0.684582937 | val_acc: 0.57940 | val_loss: 0.697850466 | Best epochs: 0086 | Best acc: 00.582000

 > Start epoch number: 112
	 >>> Epoch(s) 0112/0150 | acc: 0.67115 | loss: 0.690451097 | val_acc: 0.52020 | val_loss: 0.702422976 | Best epochs: 0086 | Best acc: 00.582000

 > Start epoch number: 113
	 >>> Epoch(s) 0113/0150 | acc: 0.63575 | loss: 0.693756878 | val_acc: 0.54700 | val_loss: 0.701060563 | Best epochs: 0086 | Best acc: 00.582000

 > Start epoch number: 114
	 >>> Epoch(s) 0114/0150 | acc: 0.65715 | loss: 0.692536497 | val_acc: 0.54200 | val_loss: 0.701082379 | Best epochs: 0086 | Best acc: 00.582000

 > Start epoch number: 115
	 >>> Epoch(s) 0115/0150 | acc: 0.70760 | loss: 0.688471806 | val_acc: 0.57860 | val_loss: 0.699050725 | Best epochs: 0086 | Best acc: 00.582000

 > Start epoch number: 116
	 >>> Epoch(s) 0116/0150 | acc: 0.74460 | loss: 0.684900427 | val_acc: 0.58140 | val_loss: 0.697389692 | Best epochs: 0086 | Best acc: 00.582000

 > Start epoch number: 117
	 >>> Epoch(s) 0117/0150 | acc: 0.74960 | loss: 0.683547282 | val_acc: 0.57660 | val_loss: 0.698801726 | Best epochs: 0086 | Best acc: 00.582000

 > Start epoch number: 118
	 >>> Epoch(s) 0118/0150 | acc: 0.72730 | loss: 0.685415077 | val_acc: 0.57580 | val_loss: 0.698771715 | Best epochs: 0086 | Best acc: 00.582000

 > Start epoch number: 119
	 >>> Epoch(s) 0119/0150 | acc: 0.74595 | loss: 0.683908594 | val_acc: 0.56720 | val_loss: 0.698989004 | Best epochs: 0086 | Best acc: 00.582000

 > Start epoch number: 120
	 >>> Epoch(s) 0120/0150 | acc: 0.72495 | loss: 0.685720897 | val_acc: 0.55040 | val_loss: 0.700548172 | Best epochs: 0086 | Best acc: 00.582000

 > Start epoch number: 121
	 >>> Epoch(s) 0121/0150 | acc: 0.73530 | loss: 0.684938323 | val_acc: 0.57740 | val_loss: 0.698598981 | Best epochs: 0086 | Best acc: 00.582000

 > Start epoch number: 122
	 >>> Epoch(s) 0122/0150 | acc: 0.73500 | loss: 0.684990513 | val_acc: 0.58840 | val_loss: 0.697305858 | Best epochs: 0122 | Best acc: 00.588400

 > Start epoch number: 123
	 >>> Epoch(s) 0123/0150 | acc: 0.76250 | loss: 0.682621014 | val_acc: 0.56900 | val_loss: 0.698501885 | Best epochs: 0122 | Best acc: 00.588400

 > Start epoch number: 124
	 >>> Epoch(s) 0124/0150 | acc: 0.69330 | loss: 0.688704479 | val_acc: 0.56180 | val_loss: 0.700138867 | Best epochs: 0122 | Best acc: 00.588400

 > Start epoch number: 125
	 >>> Epoch(s) 0125/0150 | acc: 0.72810 | loss: 0.685931456 | val_acc: 0.56900 | val_loss: 0.699506998 | Best epochs: 0122 | Best acc: 00.588400

 > Start epoch number: 126
	 >>> Epoch(s) 0126/0150 | acc: 0.73605 | loss: 0.685185671 | val_acc: 0.55020 | val_loss: 0.701120943 | Best epochs: 0122 | Best acc: 00.588400

 > Start epoch number: 127
	 >>> Epoch(s) 0127/0150 | acc: 0.71820 | loss: 0.686566234 | val_acc: 0.55860 | val_loss: 0.699343294 | Best epochs: 0122 | Best acc: 00.588400

 > Start epoch number: 128
	 >>> Epoch(s) 0128/0150 | acc: 0.73400 | loss: 0.685537779 | val_acc: 0.57740 | val_loss: 0.698443770 | Best epochs: 0122 | Best acc: 00.588400

 > Start epoch number: 129
	 >>> Epoch(s) 0129/0150 | acc: 0.76355 | loss: 0.682722867 | val_acc: 0.59380 | val_loss: 0.696238250 | Best epochs: 0129 | Best acc: 00.593800

 > Start epoch number: 130
	 >>> Epoch(s) 0130/0150 | acc: 0.72390 | loss: 0.685990727 | val_acc: 0.51600 | val_loss: 0.704129964 | Best epochs: 0129 | Best acc: 00.593800

 > Start epoch number: 131
	 >>> Epoch(s) 0131/0150 | acc: 0.71495 | loss: 0.687203372 | val_acc: 0.51860 | val_loss: 0.703686148 | Best epochs: 0129 | Best acc: 00.593800

 > Start epoch number: 132
	 >>> Epoch(s) 0132/0150 | acc: 0.68260 | loss: 0.689984667 | val_acc: 0.56260 | val_loss: 0.699482828 | Best epochs: 0129 | Best acc: 00.593800

 > Start epoch number: 133
	 >>> Epoch(s) 0133/0150 | acc: 0.73800 | loss: 0.685325420 | val_acc: 0.57980 | val_loss: 0.699079633 | Best epochs: 0129 | Best acc: 00.593800

 > Start epoch number: 134
	 >>> Epoch(s) 0134/0150 | acc: 0.74620 | loss: 0.684375751 | val_acc: 0.55880 | val_loss: 0.699551880 | Best epochs: 0129 | Best acc: 00.593800

 > Start epoch number: 135
	 >>> Epoch(s) 0135/0150 | acc: 0.72970 | loss: 0.685673022 | val_acc: 0.57320 | val_loss: 0.698158592 | Best epochs: 0129 | Best acc: 00.593800

 > Start epoch number: 136
	 >>> Epoch(s) 0136/0150 | acc: 0.76480 | loss: 0.682403743 | val_acc: 0.57120 | val_loss: 0.699383557 | Best epochs: 0129 | Best acc: 00.593800

 > Start epoch number: 137
	 >>> Epoch(s) 0137/0150 | acc: 0.76835 | loss: 0.682008815 | val_acc: 0.54780 | val_loss: 0.701180279 | Best epochs: 0129 | Best acc: 00.593800

 > Start epoch number: 138
	 >>> Epoch(s) 0138/0150 | acc: 0.73665 | loss: 0.684745049 | val_acc: 0.55720 | val_loss: 0.701783717 | Best epochs: 0129 | Best acc: 00.593800

 > Start epoch number: 139
	 >>> Epoch(s) 0139/0150 | acc: 0.73750 | loss: 0.684785163 | val_acc: 0.57120 | val_loss: 0.699305624 | Best epochs: 0129 | Best acc: 00.593800

 > Start epoch number: 140
	 >>> Epoch(s) 0140/0150 | acc: 0.75810 | loss: 0.683197045 | val_acc: 0.55160 | val_loss: 0.701139033 | Best epochs: 0129 | Best acc: 00.593800

 > Start epoch number: 141
	 >>> Epoch(s) 0141/0150 | acc: 0.73125 | loss: 0.685590458 | val_acc: 0.56440 | val_loss: 0.699244082 | Best epochs: 0129 | Best acc: 00.593800

 > Start epoch number: 142
	 >>> Epoch(s) 0142/0150 | acc: 0.73765 | loss: 0.685156226 | val_acc: 0.56080 | val_loss: 0.700694948 | Best epochs: 0129 | Best acc: 00.593800

 > Start epoch number: 143
	 >>> Epoch(s) 0143/0150 | acc: 0.74595 | loss: 0.684301257 | val_acc: 0.56780 | val_loss: 0.698981255 | Best epochs: 0129 | Best acc: 00.593800

 > Start epoch number: 144
	 >>> Epoch(s) 0144/0150 | acc: 0.76085 | loss: 0.682606721 | val_acc: 0.58240 | val_loss: 0.698503405 | Best epochs: 0129 | Best acc: 00.593800

 > Start epoch number: 145
	 >>> Epoch(s) 0145/0150 | acc: 0.76965 | loss: 0.681963599 | val_acc: 0.56160 | val_loss: 0.699799955 | Best epochs: 0129 | Best acc: 00.593800

 > Start epoch number: 146
	 >>> Epoch(s) 0146/0150 | acc: 0.70665 | loss: 0.687593615 | val_acc: 0.51880 | val_loss: 0.703331202 | Best epochs: 0129 | Best acc: 00.593800

 > Start epoch number: 147
	 >>> Epoch(s) 0147/0150 | acc: 0.70440 | loss: 0.688333273 | val_acc: 0.57620 | val_loss: 0.698013514 | Best epochs: 0129 | Best acc: 00.593800

 > Start epoch number: 148
	 >>> Epoch(s) 0148/0150 | acc: 0.75220 | loss: 0.684176278 | val_acc: 0.57340 | val_loss: 0.698867351 | Best epochs: 0129 | Best acc: 00.593800

 > Start epoch number: 149
	 >>> Epoch(s) 0149/0150 | acc: 0.74110 | loss: 0.684883583 | val_acc: 0.58300 | val_loss: 0.697989225 | Best epochs: 0129 | Best acc: 00.593800

 > Start epoch number: 150
	 >>> Epoch(s) 0150/0150 | acc: 0.73575 | loss: 0.685094333 | val_acc: 0.55740 | val_loss: 0.700205058 | Best epochs: 0129 | Best acc: 00.593800
Shape of preprocessed data: torch.Size([50000, 3, 32, 32])
Shape of preprocessed data: torch.Size([50000, 3, 32, 32])
Shape of preprocessed data: torch.Size([50000, 3, 32, 32])
SDEs for 10.0-gaussian-pertubed CIFAR10 = 0.5746053059895834
SDEs for 15.0-gaussian-pertubed CIFAR10 = 0.52960205078125
SDEs for 20.0-gaussian-pertubed CIFAR10 = 0.4818929036458333
