Files already downloaded and verified
Generating None-pertubed-dataset
Shape of preprocessed data: torch.Size([50000, 3, 32, 32])
Generating [15.0]-pertubed-dataset
Shape of preprocessed data: torch.Size([50000, 3, 32, 32])
Spliting dataset
Creating model
SDENet(
  (fe): Sequential(
    (0): Conv2d(3, 16, kernel_size=(3, 3), stride=(1, 1))
    (1): GroupNorm(8, 16, eps=1e-05, affine=True)
    (2): ReLU()
    (3): Conv2d(16, 32, kernel_size=(3, 3), stride=(2, 2))
    (4): GroupNorm(16, 32, eps=1e-05, affine=True)
    (5): ReLU()
    (6): Conv2d(32, 64, kernel_size=(3, 3), stride=(2, 2))
    (7): GroupNorm(32, 64, eps=1e-05, affine=True)
    (8): ReLU()
  )
  (flat): Flatten(start_dim=1, end_dim=-1)
  (rm): SDEBlock(
    (drift): ConvolutionDrift(
      (conv1): ConcatConv2d(
        (_layer): Conv2d(65, 64, kernel_size=(3, 3), stride=(1, 1), padding=(1, 1))
      )
      (norm1): Norm(
        (norm): GroupNorm(32, 64, eps=1e-05, affine=True)
      )
      (relu): ReLU(inplace=True)
      (conv2): ConcatConv2d(
        (_layer): Conv2d(65, 64, kernel_size=(3, 3), stride=(1, 1), padding=(1, 1))
      )
      (norm2): Norm(
        (norm): GroupNorm(32, 64, eps=1e-05, affine=True)
      )
    )
    (diffusion): ConvolutionDiffusion(
      (relu): ReLU()
      (norm1): Norm(
        (norm): GroupNorm(32, 64, eps=1e-05, affine=True)
      )
      (conv1): ConcatConv2d(
        (_layer): Conv2d(65, 64, kernel_size=(3, 3), stride=(1, 1), padding=(1, 1))
      )
      (conv2): ConcatConv2d(
        (_layer): Conv2d(65, 64, kernel_size=(3, 3), stride=(1, 1), padding=(1, 1))
      )
      (norm2): Norm(
        (norm): GroupNorm(32, 64, eps=1e-05, affine=True)
      )
      (conv3): ConcatConv2d(
        (_layer): Conv2d(65, 128, kernel_size=(3, 3), stride=(1, 1), padding=(1, 1))
      )
      (norm3): Norm(
        (norm): GroupNorm(32, 128, eps=1e-05, affine=True)
      )
    )
  )
  (fcc): Sequential(
    (0): Linear(in_features=2304, out_features=32, bias=True)
    (1): Linear(in_features=32, out_features=10, bias=True)
    (2): Softmax(dim=1)
  )
)
> Numbers of parameters in model: 323690

 > Start epoch number: 1
	 >>> Epoch(s) 0001/0125 | acc: 0.17035 | loss: 0.732402257 | val_acc: 0.21280 | val_loss: 0.729553252 | Best epochs: 0001 | Best acc: 00.212800

 > Start epoch number: 2
	 >>> Epoch(s) 0002/0125 | acc: 0.25855 | loss: 0.727057483 | val_acc: 0.27920 | val_loss: 0.724815518 | Best epochs: 0002 | Best acc: 00.279200

 > Start epoch number: 3
	 >>> Epoch(s) 0003/0125 | acc: 0.31045 | loss: 0.722693154 | val_acc: 0.32700 | val_loss: 0.720897049 | Best epochs: 0003 | Best acc: 00.327000

 > Start epoch number: 4
	 >>> Epoch(s) 0004/0125 | acc: 0.33830 | loss: 0.720005606 | val_acc: 0.31920 | val_loss: 0.720944166 | Best epochs: 0003 | Best acc: 00.327000

 > Start epoch number: 5
	 >>> Epoch(s) 0005/0125 | acc: 0.35435 | loss: 0.719039483 | val_acc: 0.36180 | val_loss: 0.718607843 | Best epochs: 0005 | Best acc: 00.361800

 > Start epoch number: 6
	 >>> Epoch(s) 0006/0125 | acc: 0.37680 | loss: 0.716825741 | val_acc: 0.39420 | val_loss: 0.715943158 | Best epochs: 0006 | Best acc: 00.394200

 > Start epoch number: 7
	 >>> Epoch(s) 0007/0125 | acc: 0.39090 | loss: 0.715531060 | val_acc: 0.39280 | val_loss: 0.715587437 | Best epochs: 0006 | Best acc: 00.394200

 > Start epoch number: 8
	 >>> Epoch(s) 0008/0125 | acc: 0.41415 | loss: 0.713917025 | val_acc: 0.40720 | val_loss: 0.714072078 | Best epochs: 0008 | Best acc: 00.407200

 > Start epoch number: 9
	 >>> Epoch(s) 0009/0125 | acc: 0.42595 | loss: 0.713217386 | val_acc: 0.41200 | val_loss: 0.712846875 | Best epochs: 0009 | Best acc: 00.412000

 > Start epoch number: 10
	 >>> Epoch(s) 0010/0125 | acc: 0.43360 | loss: 0.712091284 | val_acc: 0.41980 | val_loss: 0.713254213 | Best epochs: 0010 | Best acc: 00.419800

 > Start epoch number: 11
	 >>> Epoch(s) 0011/0125 | acc: 0.42520 | loss: 0.712846722 | val_acc: 0.41680 | val_loss: 0.713738114 | Best epochs: 0010 | Best acc: 00.419800

 > Start epoch number: 12
	 >>> Epoch(s) 0012/0125 | acc: 0.43760 | loss: 0.711590375 | val_acc: 0.39420 | val_loss: 0.714398801 | Best epochs: 0010 | Best acc: 00.419800

 > Start epoch number: 13
	 >>> Epoch(s) 0013/0125 | acc: 0.44945 | loss: 0.710616682 | val_acc: 0.43480 | val_loss: 0.711482376 | Best epochs: 0013 | Best acc: 00.434800

 > Start epoch number: 14
	 >>> Epoch(s) 0014/0125 | acc: 0.47625 | loss: 0.708552190 | val_acc: 0.46100 | val_loss: 0.709668756 | Best epochs: 0014 | Best acc: 00.461000

 > Start epoch number: 15
	 >>> Epoch(s) 0015/0125 | acc: 0.48395 | loss: 0.707888697 | val_acc: 0.42700 | val_loss: 0.712467313 | Best epochs: 0014 | Best acc: 00.461000

 > Start epoch number: 16
	 >>> Epoch(s) 0016/0125 | acc: 0.46965 | loss: 0.708935848 | val_acc: 0.40240 | val_loss: 0.713693202 | Best epochs: 0014 | Best acc: 00.461000

 > Start epoch number: 17
	 >>> Epoch(s) 0017/0125 | acc: 0.45195 | loss: 0.710062410 | val_acc: 0.43820 | val_loss: 0.711008251 | Best epochs: 0014 | Best acc: 00.461000

 > Start epoch number: 18
	 >>> Epoch(s) 0018/0125 | acc: 0.49000 | loss: 0.707427578 | val_acc: 0.46280 | val_loss: 0.709361762 | Best epochs: 0018 | Best acc: 00.462800

 > Start epoch number: 19
	 >>> Epoch(s) 0019/0125 | acc: 0.47805 | loss: 0.708434190 | val_acc: 0.43400 | val_loss: 0.711041570 | Best epochs: 0018 | Best acc: 00.462800

 > Start epoch number: 20
	 >>> Epoch(s) 0020/0125 | acc: 0.48585 | loss: 0.707411996 | val_acc: 0.45100 | val_loss: 0.710092753 | Best epochs: 0018 | Best acc: 00.462800

 > Start epoch number: 21
	 >>> Epoch(s) 0021/0125 | acc: 0.50400 | loss: 0.705948634 | val_acc: 0.48080 | val_loss: 0.707653195 | Best epochs: 0021 | Best acc: 00.480800

 > Start epoch number: 22
	 >>> Epoch(s) 0022/0125 | acc: 0.52030 | loss: 0.704639835 | val_acc: 0.47780 | val_loss: 0.707639813 | Best epochs: 0021 | Best acc: 00.480800

 > Start epoch number: 23
	 >>> Epoch(s) 0023/0125 | acc: 0.47995 | loss: 0.707278941 | val_acc: 0.47660 | val_loss: 0.708570093 | Best epochs: 0021 | Best acc: 00.480800

 > Start epoch number: 24
	 >>> Epoch(s) 0024/0125 | acc: 0.52420 | loss: 0.704688770 | val_acc: 0.47420 | val_loss: 0.708027452 | Best epochs: 0021 | Best acc: 00.480800

 > Start epoch number: 25
	 >>> Epoch(s) 0025/0125 | acc: 0.53240 | loss: 0.703538597 | val_acc: 0.48220 | val_loss: 0.707558066 | Best epochs: 0025 | Best acc: 00.482200

 > Start epoch number: 26
	 >>> Epoch(s) 0026/0125 | acc: 0.52005 | loss: 0.704097884 | val_acc: 0.48500 | val_loss: 0.707196027 | Best epochs: 0026 | Best acc: 00.485000

 > Start epoch number: 27
	 >>> Epoch(s) 0027/0125 | acc: 0.51810 | loss: 0.704443106 | val_acc: 0.46300 | val_loss: 0.708207577 | Best epochs: 0026 | Best acc: 00.485000

 > Start epoch number: 28
	 >>> Epoch(s) 0028/0125 | acc: 0.54040 | loss: 0.702887203 | val_acc: 0.48320 | val_loss: 0.707296461 | Best epochs: 0026 | Best acc: 00.485000

 > Start epoch number: 29
	 >>> Epoch(s) 0029/0125 | acc: 0.51830 | loss: 0.704242195 | val_acc: 0.47500 | val_loss: 0.707835525 | Best epochs: 0026 | Best acc: 00.485000

 > Start epoch number: 30
	 >>> Epoch(s) 0030/0125 | acc: 0.52675 | loss: 0.703987931 | val_acc: 0.48700 | val_loss: 0.706681132 | Best epochs: 0030 | Best acc: 00.487000

 > Start epoch number: 31
	 >>> Epoch(s) 0031/0125 | acc: 0.54855 | loss: 0.702047987 | val_acc: 0.46980 | val_loss: 0.708327383 | Best epochs: 0030 | Best acc: 00.487000

 > Start epoch number: 32
	 >>> Epoch(s) 0032/0125 | acc: 0.51900 | loss: 0.703993150 | val_acc: 0.48160 | val_loss: 0.706896931 | Best epochs: 0030 | Best acc: 00.487000

 > Start epoch number: 33
	 >>> Epoch(s) 0033/0125 | acc: 0.53900 | loss: 0.702770489 | val_acc: 0.48920 | val_loss: 0.706511736 | Best epochs: 0033 | Best acc: 00.489200

 > Start epoch number: 34
	 >>> Epoch(s) 0034/0125 | acc: 0.56580 | loss: 0.700728510 | val_acc: 0.49720 | val_loss: 0.705304652 | Best epochs: 0034 | Best acc: 00.497200

 > Start epoch number: 35
	 >>> Epoch(s) 0035/0125 | acc: 0.55890 | loss: 0.701048783 | val_acc: 0.51120 | val_loss: 0.704403430 | Best epochs: 0035 | Best acc: 00.511200

 > Start epoch number: 36
	 >>> Epoch(s) 0036/0125 | acc: 0.56635 | loss: 0.700283434 | val_acc: 0.50500 | val_loss: 0.705398411 | Best epochs: 0035 | Best acc: 00.511200

 > Start epoch number: 37
	 >>> Epoch(s) 0037/0125 | acc: 0.57430 | loss: 0.699808623 | val_acc: 0.48940 | val_loss: 0.706250548 | Best epochs: 0035 | Best acc: 00.511200

 > Start epoch number: 38
	 >>> Epoch(s) 0038/0125 | acc: 0.53100 | loss: 0.703352639 | val_acc: 0.48020 | val_loss: 0.706599772 | Best epochs: 0035 | Best acc: 00.511200

 > Start epoch number: 39
	 >>> Epoch(s) 0039/0125 | acc: 0.57230 | loss: 0.700008793 | val_acc: 0.50800 | val_loss: 0.704722464 | Best epochs: 0035 | Best acc: 00.511200

 > Start epoch number: 40
	 >>> Epoch(s) 0040/0125 | acc: 0.59250 | loss: 0.697986731 | val_acc: 0.52040 | val_loss: 0.703783929 | Best epochs: 0040 | Best acc: 00.520400

 > Start epoch number: 41
	 >>> Epoch(s) 0041/0125 | acc: 0.58560 | loss: 0.698902888 | val_acc: 0.44180 | val_loss: 0.710754216 | Best epochs: 0040 | Best acc: 00.520400

 > Start epoch number: 42
	 >>> Epoch(s) 0042/0125 | acc: 0.52345 | loss: 0.703893525 | val_acc: 0.47480 | val_loss: 0.708212435 | Best epochs: 0040 | Best acc: 00.520400

 > Start epoch number: 43
	 >>> Epoch(s) 0043/0125 | acc: 0.56540 | loss: 0.701034478 | val_acc: 0.47560 | val_loss: 0.707422256 | Best epochs: 0040 | Best acc: 00.520400

 > Start epoch number: 44
	 >>> Epoch(s) 0044/0125 | acc: 0.57805 | loss: 0.699568638 | val_acc: 0.51220 | val_loss: 0.704677761 | Best epochs: 0040 | Best acc: 00.520400

 > Start epoch number: 45
	 >>> Epoch(s) 0045/0125 | acc: 0.58160 | loss: 0.698824193 | val_acc: 0.51220 | val_loss: 0.704267591 | Best epochs: 0040 | Best acc: 00.520400

 > Start epoch number: 46
	 >>> Epoch(s) 0046/0125 | acc: 0.58580 | loss: 0.698481083 | val_acc: 0.49680 | val_loss: 0.705586404 | Best epochs: 0040 | Best acc: 00.520400

 > Start epoch number: 47
	 >>> Epoch(s) 0047/0125 | acc: 0.59545 | loss: 0.697701539 | val_acc: 0.49080 | val_loss: 0.706032455 | Best epochs: 0040 | Best acc: 00.520400

 > Start epoch number: 48
	 >>> Epoch(s) 0048/0125 | acc: 0.59390 | loss: 0.697417336 | val_acc: 0.51980 | val_loss: 0.703698158 | Best epochs: 0040 | Best acc: 00.520400

 > Start epoch number: 49
	 >>> Epoch(s) 0049/0125 | acc: 0.59820 | loss: 0.697783376 | val_acc: 0.48860 | val_loss: 0.706303656 | Best epochs: 0040 | Best acc: 00.520400

 > Start epoch number: 50
	 >>> Epoch(s) 0050/0125 | acc: 0.57700 | loss: 0.699509799 | val_acc: 0.50360 | val_loss: 0.705107212 | Best epochs: 0040 | Best acc: 00.520400

 > Start epoch number: 51
	 >>> Epoch(s) 0051/0125 | acc: 0.60090 | loss: 0.697369984 | val_acc: 0.51100 | val_loss: 0.704403549 | Best epochs: 0040 | Best acc: 00.520400

 > Start epoch number: 52
	 >>> Epoch(s) 0052/0125 | acc: 0.59650 | loss: 0.697758257 | val_acc: 0.52280 | val_loss: 0.703151196 | Best epochs: 0052 | Best acc: 00.522800

 > Start epoch number: 53
	 >>> Epoch(s) 0053/0125 | acc: 0.62375 | loss: 0.694964954 | val_acc: 0.52600 | val_loss: 0.702758700 | Best epochs: 0053 | Best acc: 00.526000

 > Start epoch number: 54
	 >>> Epoch(s) 0054/0125 | acc: 0.63235 | loss: 0.694396062 | val_acc: 0.50860 | val_loss: 0.704940736 | Best epochs: 0053 | Best acc: 00.526000

 > Start epoch number: 55
	 >>> Epoch(s) 0055/0125 | acc: 0.59860 | loss: 0.697521687 | val_acc: 0.51000 | val_loss: 0.704520971 | Best epochs: 0053 | Best acc: 00.526000

 > Start epoch number: 56
	 >>> Epoch(s) 0056/0125 | acc: 0.60785 | loss: 0.696581687 | val_acc: 0.52220 | val_loss: 0.703417927 | Best epochs: 0053 | Best acc: 00.526000

 > Start epoch number: 57
	 >>> Epoch(s) 0057/0125 | acc: 0.62435 | loss: 0.695951862 | val_acc: 0.49640 | val_loss: 0.705741525 | Best epochs: 0053 | Best acc: 00.526000

 > Start epoch number: 58
	 >>> Epoch(s) 0058/0125 | acc: 0.60130 | loss: 0.697283924 | val_acc: 0.53140 | val_loss: 0.702798456 | Best epochs: 0058 | Best acc: 00.531400

 > Start epoch number: 59
	 >>> Epoch(s) 0059/0125 | acc: 0.63645 | loss: 0.694466148 | val_acc: 0.51800 | val_loss: 0.703853011 | Best epochs: 0058 | Best acc: 00.531400

 > Start epoch number: 60
	 >>> Epoch(s) 0060/0125 | acc: 0.61965 | loss: 0.695464935 | val_acc: 0.50520 | val_loss: 0.705363721 | Best epochs: 0058 | Best acc: 00.531400

 > Start epoch number: 61
	 >>> Epoch(s) 0061/0125 | acc: 0.62580 | loss: 0.695417711 | val_acc: 0.51580 | val_loss: 0.704154849 | Best epochs: 0058 | Best acc: 00.531400

 > Start epoch number: 62
	 >>> Epoch(s) 0062/0125 | acc: 0.61860 | loss: 0.695854902 | val_acc: 0.53000 | val_loss: 0.702841192 | Best epochs: 0058 | Best acc: 00.531400

 > Start epoch number: 63
	 >>> Epoch(s) 0063/0125 | acc: 0.63900 | loss: 0.694266788 | val_acc: 0.52980 | val_loss: 0.702310681 | Best epochs: 0058 | Best acc: 00.531400

 > Start epoch number: 64
	 >>> Epoch(s) 0064/0125 | acc: 0.64290 | loss: 0.693391911 | val_acc: 0.53580 | val_loss: 0.702484518 | Best epochs: 0064 | Best acc: 00.535800

 > Start epoch number: 65
	 >>> Epoch(s) 0065/0125 | acc: 0.63065 | loss: 0.695057912 | val_acc: 0.47060 | val_loss: 0.708062738 | Best epochs: 0064 | Best acc: 00.535800

 > Start epoch number: 66
	 >>> Epoch(s) 0066/0125 | acc: 0.58280 | loss: 0.698672882 | val_acc: 0.52420 | val_loss: 0.703278065 | Best epochs: 0064 | Best acc: 00.535800

 > Start epoch number: 67
	 >>> Epoch(s) 0067/0125 | acc: 0.63345 | loss: 0.695146578 | val_acc: 0.53840 | val_loss: 0.702279836 | Best epochs: 0067 | Best acc: 00.538400

 > Start epoch number: 68
	 >>> Epoch(s) 0068/0125 | acc: 0.63930 | loss: 0.694049742 | val_acc: 0.50960 | val_loss: 0.704640836 | Best epochs: 0067 | Best acc: 00.538400

 > Start epoch number: 69
	 >>> Epoch(s) 0069/0125 | acc: 0.65030 | loss: 0.692670754 | val_acc: 0.52900 | val_loss: 0.703006893 | Best epochs: 0067 | Best acc: 00.538400

 > Start epoch number: 70
	 >>> Epoch(s) 0070/0125 | acc: 0.65115 | loss: 0.692808262 | val_acc: 0.53400 | val_loss: 0.702171803 | Best epochs: 0067 | Best acc: 00.538400

 > Start epoch number: 71
	 >>> Epoch(s) 0071/0125 | acc: 0.65915 | loss: 0.693027224 | val_acc: 0.52560 | val_loss: 0.702254206 | Best epochs: 0067 | Best acc: 00.538400

 > Start epoch number: 72
	 >>> Epoch(s) 0072/0125 | acc: 0.59220 | loss: 0.697921693 | val_acc: 0.49780 | val_loss: 0.705763340 | Best epochs: 0067 | Best acc: 00.538400

 > Start epoch number: 73
	 >>> Epoch(s) 0073/0125 | acc: 0.62475 | loss: 0.695706912 | val_acc: 0.51760 | val_loss: 0.703972429 | Best epochs: 0067 | Best acc: 00.538400

 > Start epoch number: 74
	 >>> Epoch(s) 0074/0125 | acc: 0.64150 | loss: 0.694390271 | val_acc: 0.54320 | val_loss: 0.702087611 | Best epochs: 0074 | Best acc: 00.543200

 > Start epoch number: 75
	 >>> Epoch(s) 0075/0125 | acc: 0.67240 | loss: 0.691250282 | val_acc: 0.54940 | val_loss: 0.701251715 | Best epochs: 0075 | Best acc: 00.549400

 > Start epoch number: 76
	 >>> Epoch(s) 0076/0125 | acc: 0.66775 | loss: 0.691015303 | val_acc: 0.55780 | val_loss: 0.700100452 | Best epochs: 0076 | Best acc: 00.557800

 > Start epoch number: 77
	 >>> Epoch(s) 0077/0125 | acc: 0.66780 | loss: 0.691565939 | val_acc: 0.52520 | val_loss: 0.703175843 | Best epochs: 0076 | Best acc: 00.557800

 > Start epoch number: 78
	 >>> Epoch(s) 0078/0125 | acc: 0.65600 | loss: 0.692355045 | val_acc: 0.53140 | val_loss: 0.702539474 | Best epochs: 0076 | Best acc: 00.557800

 > Start epoch number: 79
	 >>> Epoch(s) 0079/0125 | acc: 0.64690 | loss: 0.693455671 | val_acc: 0.51660 | val_loss: 0.703759402 | Best epochs: 0076 | Best acc: 00.557800

 > Start epoch number: 80
	 >>> Epoch(s) 0080/0125 | acc: 0.65695 | loss: 0.692987621 | val_acc: 0.51700 | val_loss: 0.704200715 | Best epochs: 0076 | Best acc: 00.557800

 > Start epoch number: 81
	 >>> Epoch(s) 0081/0125 | acc: 0.66765 | loss: 0.691911527 | val_acc: 0.51420 | val_loss: 0.704154551 | Best epochs: 0076 | Best acc: 00.557800

 > Start epoch number: 82
	 >>> Epoch(s) 0082/0125 | acc: 0.64475 | loss: 0.693467055 | val_acc: 0.55160 | val_loss: 0.700922787 | Best epochs: 0076 | Best acc: 00.557800

 > Start epoch number: 83
	 >>> Epoch(s) 0083/0125 | acc: 0.66230 | loss: 0.692226827 | val_acc: 0.54240 | val_loss: 0.701826811 | Best epochs: 0076 | Best acc: 00.557800

 > Start epoch number: 84
	 >>> Epoch(s) 0084/0125 | acc: 0.66900 | loss: 0.691879179 | val_acc: 0.54580 | val_loss: 0.701494455 | Best epochs: 0076 | Best acc: 00.557800

 > Start epoch number: 85
	 >>> Epoch(s) 0085/0125 | acc: 0.67430 | loss: 0.691030528 | val_acc: 0.55660 | val_loss: 0.700894505 | Best epochs: 0076 | Best acc: 00.557800

 > Start epoch number: 86
	 >>> Epoch(s) 0086/0125 | acc: 0.64880 | loss: 0.693728566 | val_acc: 0.46460 | val_loss: 0.708579063 | Best epochs: 0076 | Best acc: 00.557800

 > Start epoch number: 87
	 >>> Epoch(s) 0087/0125 | acc: 0.61635 | loss: 0.696245245 | val_acc: 0.53680 | val_loss: 0.702348679 | Best epochs: 0076 | Best acc: 00.557800

 > Start epoch number: 88
	 >>> Epoch(s) 0088/0125 | acc: 0.67015 | loss: 0.691815121 | val_acc: 0.54840 | val_loss: 0.701440781 | Best epochs: 0076 | Best acc: 00.557800

 > Start epoch number: 89
	 >>> Epoch(s) 0089/0125 | acc: 0.68135 | loss: 0.690638602 | val_acc: 0.54260 | val_loss: 0.701707572 | Best epochs: 0076 | Best acc: 00.557800

 > Start epoch number: 90
	 >>> Epoch(s) 0090/0125 | acc: 0.67785 | loss: 0.690968803 | val_acc: 0.54420 | val_loss: 0.701553732 | Best epochs: 0076 | Best acc: 00.557800

 > Start epoch number: 91
	 >>> Epoch(s) 0091/0125 | acc: 0.68045 | loss: 0.690674169 | val_acc: 0.52860 | val_loss: 0.703319937 | Best epochs: 0076 | Best acc: 00.557800

 > Start epoch number: 92
	 >>> Epoch(s) 0092/0125 | acc: 0.65605 | loss: 0.692528733 | val_acc: 0.52720 | val_loss: 0.703265160 | Best epochs: 0076 | Best acc: 00.557800

 > Start epoch number: 93
	 >>> Epoch(s) 0093/0125 | acc: 0.67250 | loss: 0.691483608 | val_acc: 0.56000 | val_loss: 0.700484097 | Best epochs: 0093 | Best acc: 00.560000

 > Start epoch number: 94
	 >>> Epoch(s) 0094/0125 | acc: 0.70215 | loss: 0.689003331 | val_acc: 0.55900 | val_loss: 0.699878246 | Best epochs: 0093 | Best acc: 00.560000

 > Start epoch number: 95
	 >>> Epoch(s) 0095/0125 | acc: 0.70355 | loss: 0.689026824 | val_acc: 0.52300 | val_loss: 0.703076452 | Best epochs: 0093 | Best acc: 00.560000

 > Start epoch number: 96
	 >>> Epoch(s) 0096/0125 | acc: 0.66105 | loss: 0.692405054 | val_acc: 0.54600 | val_loss: 0.701792181 | Best epochs: 0093 | Best acc: 00.560000

 > Start epoch number: 97
	 >>> Epoch(s) 0097/0125 | acc: 0.68915 | loss: 0.690196608 | val_acc: 0.55420 | val_loss: 0.700525373 | Best epochs: 0093 | Best acc: 00.560000

 > Start epoch number: 98
	 >>> Epoch(s) 0098/0125 | acc: 0.67500 | loss: 0.691238923 | val_acc: 0.53380 | val_loss: 0.702760667 | Best epochs: 0093 | Best acc: 00.560000

 > Start epoch number: 99
	 >>> Epoch(s) 0099/0125 | acc: 0.66180 | loss: 0.692446632 | val_acc: 0.55200 | val_loss: 0.700916260 | Best epochs: 0093 | Best acc: 00.560000

 > Start epoch number: 100
	 >>> Epoch(s) 0100/0125 | acc: 0.69200 | loss: 0.690103097 | val_acc: 0.53000 | val_loss: 0.702800035 | Best epochs: 0093 | Best acc: 00.560000

 > Start epoch number: 101
	 >>> Epoch(s) 0101/0125 | acc: 0.67825 | loss: 0.690776382 | val_acc: 0.54160 | val_loss: 0.701919943 | Best epochs: 0093 | Best acc: 00.560000

 > Start epoch number: 102
	 >>> Epoch(s) 0102/0125 | acc: 0.70935 | loss: 0.688207269 | val_acc: 0.56960 | val_loss: 0.699555963 | Best epochs: 0102 | Best acc: 00.569600

 > Start epoch number: 103
	 >>> Epoch(s) 0103/0125 | acc: 0.72195 | loss: 0.687466749 | val_acc: 0.54300 | val_loss: 0.702088267 | Best epochs: 0102 | Best acc: 00.569600

 > Start epoch number: 104
	 >>> Epoch(s) 0104/0125 | acc: 0.70810 | loss: 0.688153837 | val_acc: 0.55560 | val_loss: 0.700678378 | Best epochs: 0102 | Best acc: 00.569600

 > Start epoch number: 105
	 >>> Epoch(s) 0105/0125 | acc: 0.68710 | loss: 0.689870213 | val_acc: 0.54420 | val_loss: 0.702123553 | Best epochs: 0102 | Best acc: 00.569600

 > Start epoch number: 106
	 >>> Epoch(s) 0106/0125 | acc: 0.69510 | loss: 0.689580066 | val_acc: 0.53360 | val_loss: 0.702796310 | Best epochs: 0102 | Best acc: 00.569600

 > Start epoch number: 107
	 >>> Epoch(s) 0107/0125 | acc: 0.67430 | loss: 0.691640752 | val_acc: 0.54500 | val_loss: 0.701049179 | Best epochs: 0102 | Best acc: 00.569600

 > Start epoch number: 108
	 >>> Epoch(s) 0108/0125 | acc: 0.69005 | loss: 0.689744898 | val_acc: 0.55260 | val_loss: 0.701113701 | Best epochs: 0102 | Best acc: 00.569600

 > Start epoch number: 109
	 >>> Epoch(s) 0109/0125 | acc: 0.71765 | loss: 0.687697853 | val_acc: 0.56240 | val_loss: 0.699850321 | Best epochs: 0102 | Best acc: 00.569600

 > Start epoch number: 110
	 >>> Epoch(s) 0110/0125 | acc: 0.70390 | loss: 0.688753579 | val_acc: 0.56260 | val_loss: 0.700355709 | Best epochs: 0102 | Best acc: 00.569600

 > Start epoch number: 111
	 >>> Epoch(s) 0111/0125 | acc: 0.71130 | loss: 0.688119863 | val_acc: 0.56060 | val_loss: 0.700003773 | Best epochs: 0102 | Best acc: 00.569600

 > Start epoch number: 112
	 >>> Epoch(s) 0112/0125 | acc: 0.69040 | loss: 0.689511640 | val_acc: 0.54760 | val_loss: 0.701629311 | Best epochs: 0102 | Best acc: 00.569600

 > Start epoch number: 113
	 >>> Epoch(s) 0113/0125 | acc: 0.70440 | loss: 0.688906508 | val_acc: 0.55620 | val_loss: 0.700884402 | Best epochs: 0102 | Best acc: 00.569600

 > Start epoch number: 114
	 >>> Epoch(s) 0114/0125 | acc: 0.67360 | loss: 0.691481096 | val_acc: 0.52800 | val_loss: 0.703370243 | Best epochs: 0102 | Best acc: 00.569600

 > Start epoch number: 115
	 >>> Epoch(s) 0115/0125 | acc: 0.69880 | loss: 0.689739193 | val_acc: 0.55920 | val_loss: 0.700439036 | Best epochs: 0102 | Best acc: 00.569600

 > Start epoch number: 116
	 >>> Epoch(s) 0116/0125 | acc: 0.72875 | loss: 0.686838363 | val_acc: 0.55980 | val_loss: 0.700525641 | Best epochs: 0102 | Best acc: 00.569600

 > Start epoch number: 117
	 >>> Epoch(s) 0117/0125 | acc: 0.69160 | loss: 0.689662899 | val_acc: 0.50580 | val_loss: 0.704854697 | Best epochs: 0102 | Best acc: 00.569600

 > Start epoch number: 118
	 >>> Epoch(s) 0118/0125 | acc: 0.70855 | loss: 0.688456663 | val_acc: 0.54040 | val_loss: 0.701891482 | Best epochs: 0102 | Best acc: 00.569600

 > Start epoch number: 119
	 >>> Epoch(s) 0119/0125 | acc: 0.69095 | loss: 0.689717140 | val_acc: 0.55340 | val_loss: 0.700926006 | Best epochs: 0102 | Best acc: 00.569600

 > Start epoch number: 120
	 >>> Epoch(s) 0120/0125 | acc: 0.72375 | loss: 0.687266367 | val_acc: 0.55920 | val_loss: 0.700552702 | Best epochs: 0102 | Best acc: 00.569600

 > Start epoch number: 121
	 >>> Epoch(s) 0121/0125 | acc: 0.72810 | loss: 0.686765662 | val_acc: 0.53740 | val_loss: 0.702167332 | Best epochs: 0102 | Best acc: 00.569600

 > Start epoch number: 122
	 >>> Epoch(s) 0122/0125 | acc: 0.69325 | loss: 0.689505390 | val_acc: 0.55660 | val_loss: 0.701362640 | Best epochs: 0102 | Best acc: 00.569600

 > Start epoch number: 123
	 >>> Epoch(s) 0123/0125 | acc: 0.72760 | loss: 0.687257852 | val_acc: 0.55200 | val_loss: 0.701449960 | Best epochs: 0102 | Best acc: 00.569600

 > Start epoch number: 124
	 >>> Epoch(s) 0124/0125 | acc: 0.70525 | loss: 0.688934198 | val_acc: 0.55520 | val_loss: 0.700931758 | Best epochs: 0102 | Best acc: 00.569600

 > Start epoch number: 125
	 >>> Epoch(s) 0125/0125 | acc: 0.70880 | loss: 0.688287420 | val_acc: 0.54380 | val_loss: 0.701847702 | Best epochs: 0102 | Best acc: 00.569600
Shape of preprocessed data: torch.Size([50000, 3, 32, 32])
Shape of preprocessed data: torch.Size([50000, 3, 32, 32])
Shape of preprocessed data: torch.Size([50000, 3, 32, 32])
SDEs for 10.0-gaussian-pertubed CIFAR10 = 0.5951743197278911
SDEs for 15.0-gaussian-pertubed CIFAR10 = 0.5744897959183674
SDEs for 20.0-gaussian-pertubed CIFAR10 = 0.544579081632653
