Files already downloaded and verified
Generating None-pertubed-dataset
Shape of preprocessed data: torch.Size([50000, 3, 32, 32])
Generating [15.0]-pertubed-dataset
Shape of preprocessed data: torch.Size([50000, 3, 32, 32])
Spliting dataset
Creating model
SDENet(
  (fe): Sequential(
    (0): Conv2d(3, 16, kernel_size=(3, 3), stride=(1, 1))
    (1): GroupNorm(8, 16, eps=1e-05, affine=True)
    (2): ReLU()
    (3): Conv2d(16, 32, kernel_size=(3, 3), stride=(2, 2))
    (4): GroupNorm(16, 32, eps=1e-05, affine=True)
    (5): ReLU()
    (6): Conv2d(32, 64, kernel_size=(3, 3), stride=(2, 2))
    (7): GroupNorm(32, 64, eps=1e-05, affine=True)
    (8): ReLU()
  )
  (flat): Flatten(start_dim=1, end_dim=-1)
  (rm): SDEBlock(
    (drift): ConvolutionDrift(
      (conv1): ConcatConv2d(
        (_layer): Conv2d(65, 64, kernel_size=(3, 3), stride=(1, 1), padding=(1, 1))
      )
      (norm1): Norm(
        (norm): GroupNorm(32, 64, eps=1e-05, affine=True)
      )
      (relu): ReLU(inplace=True)
      (conv2): ConcatConv2d(
        (_layer): Conv2d(65, 64, kernel_size=(3, 3), stride=(1, 1), padding=(1, 1))
      )
      (norm2): Norm(
        (norm): GroupNorm(32, 64, eps=1e-05, affine=True)
      )
    )
    (diffusion): ConvolutionDiffusion(
      (relu): ReLU()
      (norm1): Norm(
        (norm): GroupNorm(32, 64, eps=1e-05, affine=True)
      )
      (conv1): ConcatConv2d(
        (_layer): Conv2d(65, 64, kernel_size=(3, 3), stride=(1, 1), padding=(1, 1))
      )
      (conv2): ConcatConv2d(
        (_layer): Conv2d(65, 64, kernel_size=(3, 3), stride=(1, 1), padding=(1, 1))
      )
      (norm2): Norm(
        (norm): GroupNorm(32, 64, eps=1e-05, affine=True)
      )
      (conv3): ConcatConv2d(
        (_layer): Conv2d(65, 128, kernel_size=(3, 3), stride=(1, 1), padding=(1, 1))
      )
      (norm3): Norm(
        (norm): GroupNorm(32, 128, eps=1e-05, affine=True)
      )
    )
  )
  (fcc): Sequential(
    (0): Linear(in_features=2304, out_features=32, bias=True)
    (1): Linear(in_features=32, out_features=10, bias=True)
    (2): Softmax(dim=1)
  )
)
> Numbers of parameters in model: 323690

 > Start epoch number: 1
	 >>> Epoch(s) 0001/0150 | acc: 0.14485 | loss: 0.733660650 | val_acc: 0.16440 | val_loss: 0.732337415 | Best epochs: 0001 | Best acc: 00.164400

 > Start epoch number: 2
	 >>> Epoch(s) 0002/0150 | acc: 0.19775 | loss: 0.730647027 | val_acc: 0.21180 | val_loss: 0.729375601 | Best epochs: 0002 | Best acc: 00.211800

 > Start epoch number: 3
	 >>> Epoch(s) 0003/0150 | acc: 0.24155 | loss: 0.727930820 | val_acc: 0.24820 | val_loss: 0.727359414 | Best epochs: 0003 | Best acc: 00.248200

 > Start epoch number: 4
	 >>> Epoch(s) 0004/0150 | acc: 0.27820 | loss: 0.725460649 | val_acc: 0.30040 | val_loss: 0.724420905 | Best epochs: 0004 | Best acc: 00.300400

 > Start epoch number: 5
	 >>> Epoch(s) 0005/0150 | acc: 0.32540 | loss: 0.722441101 | val_acc: 0.32880 | val_loss: 0.720969230 | Best epochs: 0005 | Best acc: 00.328800

 > Start epoch number: 6
	 >>> Epoch(s) 0006/0150 | acc: 0.35365 | loss: 0.719441760 | val_acc: 0.34920 | val_loss: 0.719245523 | Best epochs: 0006 | Best acc: 00.349200

 > Start epoch number: 7
	 >>> Epoch(s) 0007/0150 | acc: 0.36685 | loss: 0.717877781 | val_acc: 0.36360 | val_loss: 0.717023760 | Best epochs: 0007 | Best acc: 00.363600

 > Start epoch number: 8
	 >>> Epoch(s) 0008/0150 | acc: 0.38710 | loss: 0.715920067 | val_acc: 0.38780 | val_loss: 0.714917123 | Best epochs: 0008 | Best acc: 00.387800

 > Start epoch number: 9
	 >>> Epoch(s) 0009/0150 | acc: 0.40595 | loss: 0.714470840 | val_acc: 0.39100 | val_loss: 0.715057224 | Best epochs: 0009 | Best acc: 00.391000

 > Start epoch number: 10
	 >>> Epoch(s) 0010/0150 | acc: 0.42995 | loss: 0.712909091 | val_acc: 0.42340 | val_loss: 0.712415457 | Best epochs: 0010 | Best acc: 00.423400

 > Start epoch number: 11
	 >>> Epoch(s) 0011/0150 | acc: 0.41860 | loss: 0.713621390 | val_acc: 0.40800 | val_loss: 0.714862883 | Best epochs: 0010 | Best acc: 00.423400

 > Start epoch number: 12
	 >>> Epoch(s) 0012/0150 | acc: 0.42460 | loss: 0.713073528 | val_acc: 0.43100 | val_loss: 0.712426245 | Best epochs: 0012 | Best acc: 00.431000

 > Start epoch number: 13
	 >>> Epoch(s) 0013/0150 | acc: 0.44370 | loss: 0.711189771 | val_acc: 0.44880 | val_loss: 0.711145610 | Best epochs: 0013 | Best acc: 00.448800

 > Start epoch number: 14
	 >>> Epoch(s) 0014/0150 | acc: 0.47040 | loss: 0.709493780 | val_acc: 0.44640 | val_loss: 0.711488187 | Best epochs: 0013 | Best acc: 00.448800

 > Start epoch number: 15
	 >>> Epoch(s) 0015/0150 | acc: 0.48765 | loss: 0.708036697 | val_acc: 0.46340 | val_loss: 0.710193723 | Best epochs: 0015 | Best acc: 00.463400

 > Start epoch number: 16
	 >>> Epoch(s) 0016/0150 | acc: 0.45900 | loss: 0.710236514 | val_acc: 0.41360 | val_loss: 0.712754279 | Best epochs: 0015 | Best acc: 00.463400

 > Start epoch number: 17
	 >>> Epoch(s) 0017/0150 | acc: 0.44065 | loss: 0.711250758 | val_acc: 0.44680 | val_loss: 0.711209267 | Best epochs: 0015 | Best acc: 00.463400

 > Start epoch number: 18
	 >>> Epoch(s) 0018/0150 | acc: 0.47395 | loss: 0.708802271 | val_acc: 0.46140 | val_loss: 0.708993733 | Best epochs: 0015 | Best acc: 00.463400

 > Start epoch number: 19
	 >>> Epoch(s) 0019/0150 | acc: 0.49845 | loss: 0.707076955 | val_acc: 0.47140 | val_loss: 0.708426863 | Best epochs: 0019 | Best acc: 00.471400

 > Start epoch number: 20
	 >>> Epoch(s) 0020/0150 | acc: 0.51455 | loss: 0.705594277 | val_acc: 0.48220 | val_loss: 0.706968844 | Best epochs: 0020 | Best acc: 00.482200

 > Start epoch number: 21
	 >>> Epoch(s) 0021/0150 | acc: 0.50945 | loss: 0.705622733 | val_acc: 0.48300 | val_loss: 0.707117260 | Best epochs: 0021 | Best acc: 00.483000

 > Start epoch number: 22
	 >>> Epoch(s) 0022/0150 | acc: 0.50740 | loss: 0.705476248 | val_acc: 0.49860 | val_loss: 0.705579758 | Best epochs: 0022 | Best acc: 00.498600

 > Start epoch number: 23
	 >>> Epoch(s) 0023/0150 | acc: 0.49960 | loss: 0.706830060 | val_acc: 0.43720 | val_loss: 0.710253149 | Best epochs: 0022 | Best acc: 00.498600

 > Start epoch number: 24
	 >>> Epoch(s) 0024/0150 | acc: 0.48590 | loss: 0.707819712 | val_acc: 0.46320 | val_loss: 0.709243596 | Best epochs: 0022 | Best acc: 00.498600

 > Start epoch number: 25
	 >>> Epoch(s) 0025/0150 | acc: 0.51140 | loss: 0.705689716 | val_acc: 0.50020 | val_loss: 0.706211478 | Best epochs: 0025 | Best acc: 00.500200

 > Start epoch number: 26
	 >>> Epoch(s) 0026/0150 | acc: 0.54095 | loss: 0.703275931 | val_acc: 0.50920 | val_loss: 0.704467565 | Best epochs: 0026 | Best acc: 00.509200

 > Start epoch number: 27
	 >>> Epoch(s) 0027/0150 | acc: 0.55630 | loss: 0.701673281 | val_acc: 0.48380 | val_loss: 0.707797378 | Best epochs: 0026 | Best acc: 00.509200

 > Start epoch number: 28
	 >>> Epoch(s) 0028/0150 | acc: 0.48925 | loss: 0.706587195 | val_acc: 0.47540 | val_loss: 0.709642291 | Best epochs: 0026 | Best acc: 00.509200

 > Start epoch number: 29
	 >>> Epoch(s) 0029/0150 | acc: 0.52175 | loss: 0.704605401 | val_acc: 0.48760 | val_loss: 0.706513643 | Best epochs: 0026 | Best acc: 00.509200

 > Start epoch number: 30
	 >>> Epoch(s) 0030/0150 | acc: 0.54280 | loss: 0.702939236 | val_acc: 0.47180 | val_loss: 0.708802760 | Best epochs: 0026 | Best acc: 00.509200

 > Start epoch number: 31
	 >>> Epoch(s) 0031/0150 | acc: 0.51965 | loss: 0.704734635 | val_acc: 0.49440 | val_loss: 0.705701143 | Best epochs: 0026 | Best acc: 00.509200

 > Start epoch number: 32
	 >>> Epoch(s) 0032/0150 | acc: 0.54260 | loss: 0.702939677 | val_acc: 0.50400 | val_loss: 0.705030859 | Best epochs: 0026 | Best acc: 00.509200

 > Start epoch number: 33
	 >>> Epoch(s) 0033/0150 | acc: 0.56045 | loss: 0.701118124 | val_acc: 0.52580 | val_loss: 0.703516245 | Best epochs: 0033 | Best acc: 00.525800

 > Start epoch number: 34
	 >>> Epoch(s) 0034/0150 | acc: 0.58015 | loss: 0.699528837 | val_acc: 0.47660 | val_loss: 0.706051081 | Best epochs: 0033 | Best acc: 00.525800

 > Start epoch number: 35
	 >>> Epoch(s) 0035/0150 | acc: 0.52420 | loss: 0.703854322 | val_acc: 0.49900 | val_loss: 0.705163628 | Best epochs: 0033 | Best acc: 00.525800

 > Start epoch number: 36
	 >>> Epoch(s) 0036/0150 | acc: 0.55175 | loss: 0.701556540 | val_acc: 0.51540 | val_loss: 0.703733891 | Best epochs: 0033 | Best acc: 00.525800

 > Start epoch number: 37
	 >>> Epoch(s) 0037/0150 | acc: 0.57740 | loss: 0.699486005 | val_acc: 0.51680 | val_loss: 0.703733683 | Best epochs: 0033 | Best acc: 00.525800

 > Start epoch number: 38
	 >>> Epoch(s) 0038/0150 | acc: 0.59005 | loss: 0.698566949 | val_acc: 0.54720 | val_loss: 0.701156765 | Best epochs: 0038 | Best acc: 00.547200

 > Start epoch number: 39
	 >>> Epoch(s) 0039/0150 | acc: 0.59200 | loss: 0.697927558 | val_acc: 0.49700 | val_loss: 0.706511348 | Best epochs: 0038 | Best acc: 00.547200

 > Start epoch number: 40
	 >>> Epoch(s) 0040/0150 | acc: 0.50565 | loss: 0.705088496 | val_acc: 0.50020 | val_loss: 0.705565721 | Best epochs: 0038 | Best acc: 00.547200

 > Start epoch number: 41
	 >>> Epoch(s) 0041/0150 | acc: 0.56395 | loss: 0.700836051 | val_acc: 0.53500 | val_loss: 0.703526765 | Best epochs: 0038 | Best acc: 00.547200

 > Start epoch number: 42
	 >>> Epoch(s) 0042/0150 | acc: 0.57885 | loss: 0.699804413 | val_acc: 0.51440 | val_loss: 0.704627544 | Best epochs: 0038 | Best acc: 00.547200

 > Start epoch number: 43
	 >>> Epoch(s) 0043/0150 | acc: 0.56940 | loss: 0.700273728 | val_acc: 0.52660 | val_loss: 0.703837633 | Best epochs: 0038 | Best acc: 00.547200

 > Start epoch number: 44
	 >>> Epoch(s) 0044/0150 | acc: 0.58105 | loss: 0.698971403 | val_acc: 0.50560 | val_loss: 0.704608709 | Best epochs: 0038 | Best acc: 00.547200

 > Start epoch number: 45
	 >>> Epoch(s) 0045/0150 | acc: 0.58765 | loss: 0.698303032 | val_acc: 0.54280 | val_loss: 0.702235848 | Best epochs: 0038 | Best acc: 00.547200

 > Start epoch number: 46
	 >>> Epoch(s) 0046/0150 | acc: 0.60500 | loss: 0.696906829 | val_acc: 0.55140 | val_loss: 0.701475680 | Best epochs: 0046 | Best acc: 00.551400

 > Start epoch number: 47
	 >>> Epoch(s) 0047/0150 | acc: 0.61515 | loss: 0.695980144 | val_acc: 0.53880 | val_loss: 0.701947689 | Best epochs: 0046 | Best acc: 00.551400

 > Start epoch number: 48
	 >>> Epoch(s) 0048/0150 | acc: 0.60670 | loss: 0.696532786 | val_acc: 0.51840 | val_loss: 0.703021795 | Best epochs: 0046 | Best acc: 00.551400

 > Start epoch number: 49
	 >>> Epoch(s) 0049/0150 | acc: 0.57935 | loss: 0.698969567 | val_acc: 0.51600 | val_loss: 0.704145879 | Best epochs: 0046 | Best acc: 00.551400

 > Start epoch number: 50
	 >>> Epoch(s) 0050/0150 | acc: 0.59595 | loss: 0.697736633 | val_acc: 0.54400 | val_loss: 0.702208698 | Best epochs: 0046 | Best acc: 00.551400

 > Start epoch number: 51
	 >>> Epoch(s) 0051/0150 | acc: 0.61060 | loss: 0.696653092 | val_acc: 0.53360 | val_loss: 0.702576488 | Best epochs: 0046 | Best acc: 00.551400

 > Start epoch number: 52
	 >>> Epoch(s) 0052/0150 | acc: 0.62505 | loss: 0.695325351 | val_acc: 0.53860 | val_loss: 0.702091783 | Best epochs: 0046 | Best acc: 00.551400

 > Start epoch number: 53
	 >>> Epoch(s) 0053/0150 | acc: 0.61340 | loss: 0.695934939 | val_acc: 0.53920 | val_loss: 0.701689631 | Best epochs: 0046 | Best acc: 00.551400

 > Start epoch number: 54
	 >>> Epoch(s) 0054/0150 | acc: 0.62375 | loss: 0.694996595 | val_acc: 0.56260 | val_loss: 0.699534088 | Best epochs: 0054 | Best acc: 00.562600

 > Start epoch number: 55
	 >>> Epoch(s) 0055/0150 | acc: 0.61100 | loss: 0.696107626 | val_acc: 0.51400 | val_loss: 0.704660356 | Best epochs: 0054 | Best acc: 00.562600

 > Start epoch number: 56
	 >>> Epoch(s) 0056/0150 | acc: 0.60785 | loss: 0.696410751 | val_acc: 0.54160 | val_loss: 0.700986952 | Best epochs: 0054 | Best acc: 00.562600

 > Start epoch number: 57
	 >>> Epoch(s) 0057/0150 | acc: 0.63355 | loss: 0.694388604 | val_acc: 0.52260 | val_loss: 0.702875704 | Best epochs: 0054 | Best acc: 00.562600

 > Start epoch number: 58
	 >>> Epoch(s) 0058/0150 | acc: 0.63955 | loss: 0.693521130 | val_acc: 0.56160 | val_loss: 0.699099034 | Best epochs: 0054 | Best acc: 00.562600

 > Start epoch number: 59
	 >>> Epoch(s) 0059/0150 | acc: 0.64060 | loss: 0.693676078 | val_acc: 0.54580 | val_loss: 0.701159656 | Best epochs: 0054 | Best acc: 00.562600

 > Start epoch number: 60
	 >>> Epoch(s) 0060/0150 | acc: 0.61355 | loss: 0.696060431 | val_acc: 0.49140 | val_loss: 0.706501812 | Best epochs: 0054 | Best acc: 00.562600

 > Start epoch number: 61
	 >>> Epoch(s) 0061/0150 | acc: 0.56540 | loss: 0.700497091 | val_acc: 0.52300 | val_loss: 0.702909023 | Best epochs: 0054 | Best acc: 00.562600

 > Start epoch number: 62
	 >>> Epoch(s) 0062/0150 | acc: 0.60645 | loss: 0.696772778 | val_acc: 0.53140 | val_loss: 0.703025818 | Best epochs: 0054 | Best acc: 00.562600

 > Start epoch number: 63
	 >>> Epoch(s) 0063/0150 | acc: 0.61770 | loss: 0.695714533 | val_acc: 0.54460 | val_loss: 0.700793564 | Best epochs: 0054 | Best acc: 00.562600

 > Start epoch number: 64
	 >>> Epoch(s) 0064/0150 | acc: 0.63715 | loss: 0.694055736 | val_acc: 0.55360 | val_loss: 0.700267434 | Best epochs: 0054 | Best acc: 00.562600

 > Start epoch number: 65
	 >>> Epoch(s) 0065/0150 | acc: 0.65025 | loss: 0.693001318 | val_acc: 0.57000 | val_loss: 0.698641390 | Best epochs: 0065 | Best acc: 00.570000

 > Start epoch number: 66
	 >>> Epoch(s) 0066/0150 | acc: 0.64410 | loss: 0.693192530 | val_acc: 0.52260 | val_loss: 0.703818977 | Best epochs: 0065 | Best acc: 00.570000

 > Start epoch number: 67
	 >>> Epoch(s) 0067/0150 | acc: 0.62370 | loss: 0.695008945 | val_acc: 0.54440 | val_loss: 0.700799137 | Best epochs: 0065 | Best acc: 00.570000

 > Start epoch number: 68
	 >>> Epoch(s) 0068/0150 | acc: 0.65225 | loss: 0.692783356 | val_acc: 0.55340 | val_loss: 0.700412393 | Best epochs: 0065 | Best acc: 00.570000

 > Start epoch number: 69
	 >>> Epoch(s) 0069/0150 | acc: 0.65790 | loss: 0.692199004 | val_acc: 0.54640 | val_loss: 0.700806975 | Best epochs: 0065 | Best acc: 00.570000

 > Start epoch number: 70
	 >>> Epoch(s) 0070/0150 | acc: 0.67045 | loss: 0.690923858 | val_acc: 0.57600 | val_loss: 0.698060155 | Best epochs: 0070 | Best acc: 00.576000

 > Start epoch number: 71
	 >>> Epoch(s) 0071/0150 | acc: 0.66165 | loss: 0.691490567 | val_acc: 0.54320 | val_loss: 0.700094163 | Best epochs: 0070 | Best acc: 00.576000

 > Start epoch number: 72
	 >>> Epoch(s) 0072/0150 | acc: 0.65045 | loss: 0.692680871 | val_acc: 0.57000 | val_loss: 0.699822783 | Best epochs: 0070 | Best acc: 00.576000

 > Start epoch number: 73
	 >>> Epoch(s) 0073/0150 | acc: 0.65475 | loss: 0.692610049 | val_acc: 0.51300 | val_loss: 0.703588814 | Best epochs: 0070 | Best acc: 00.576000

 > Start epoch number: 74
	 >>> Epoch(s) 0074/0150 | acc: 0.63240 | loss: 0.694339097 | val_acc: 0.55520 | val_loss: 0.700913399 | Best epochs: 0070 | Best acc: 00.576000

 > Start epoch number: 75
	 >>> Epoch(s) 0075/0150 | acc: 0.67340 | loss: 0.691347837 | val_acc: 0.56180 | val_loss: 0.699751377 | Best epochs: 0070 | Best acc: 00.576000

 > Start epoch number: 76
	 >>> Epoch(s) 0076/0150 | acc: 0.66255 | loss: 0.691585469 | val_acc: 0.54660 | val_loss: 0.699827522 | Best epochs: 0070 | Best acc: 00.576000

 > Start epoch number: 77
	 >>> Epoch(s) 0077/0150 | acc: 0.66625 | loss: 0.691035938 | val_acc: 0.56400 | val_loss: 0.699766487 | Best epochs: 0070 | Best acc: 00.576000

 > Start epoch number: 78
	 >>> Epoch(s) 0078/0150 | acc: 0.68605 | loss: 0.689478159 | val_acc: 0.56120 | val_loss: 0.699359179 | Best epochs: 0070 | Best acc: 00.576000

 > Start epoch number: 79
	 >>> Epoch(s) 0079/0150 | acc: 0.68140 | loss: 0.689914620 | val_acc: 0.57920 | val_loss: 0.696879536 | Best epochs: 0079 | Best acc: 00.579200

 > Start epoch number: 80
	 >>> Epoch(s) 0080/0150 | acc: 0.67810 | loss: 0.690031505 | val_acc: 0.55000 | val_loss: 0.701339096 | Best epochs: 0079 | Best acc: 00.579200

 > Start epoch number: 81
	 >>> Epoch(s) 0081/0150 | acc: 0.68235 | loss: 0.689777434 | val_acc: 0.56640 | val_loss: 0.699458301 | Best epochs: 0079 | Best acc: 00.579200

 > Start epoch number: 82
	 >>> Epoch(s) 0082/0150 | acc: 0.66850 | loss: 0.691114223 | val_acc: 0.55280 | val_loss: 0.700017661 | Best epochs: 0079 | Best acc: 00.579200

 > Start epoch number: 83
	 >>> Epoch(s) 0083/0150 | acc: 0.67920 | loss: 0.690674138 | val_acc: 0.53700 | val_loss: 0.701721758 | Best epochs: 0079 | Best acc: 00.579200

 > Start epoch number: 84
	 >>> Epoch(s) 0084/0150 | acc: 0.65815 | loss: 0.692544138 | val_acc: 0.56940 | val_loss: 0.698221982 | Best epochs: 0079 | Best acc: 00.579200

 > Start epoch number: 85
	 >>> Epoch(s) 0085/0150 | acc: 0.68065 | loss: 0.690124404 | val_acc: 0.53860 | val_loss: 0.701750338 | Best epochs: 0079 | Best acc: 00.579200

 > Start epoch number: 86
	 >>> Epoch(s) 0086/0150 | acc: 0.65415 | loss: 0.692246091 | val_acc: 0.55500 | val_loss: 0.701210439 | Best epochs: 0079 | Best acc: 00.579200

 > Start epoch number: 87
	 >>> Epoch(s) 0087/0150 | acc: 0.68730 | loss: 0.689679515 | val_acc: 0.56460 | val_loss: 0.698937654 | Best epochs: 0079 | Best acc: 00.579200

 > Start epoch number: 88
	 >>> Epoch(s) 0088/0150 | acc: 0.70010 | loss: 0.688384283 | val_acc: 0.53900 | val_loss: 0.702039242 | Best epochs: 0079 | Best acc: 00.579200

 > Start epoch number: 89
	 >>> Epoch(s) 0089/0150 | acc: 0.66355 | loss: 0.691499722 | val_acc: 0.55500 | val_loss: 0.700670779 | Best epochs: 0079 | Best acc: 00.579200

 > Start epoch number: 90
	 >>> Epoch(s) 0090/0150 | acc: 0.63795 | loss: 0.693718302 | val_acc: 0.44600 | val_loss: 0.709235251 | Best epochs: 0079 | Best acc: 00.579200

 > Start epoch number: 91
	 >>> Epoch(s) 0091/0150 | acc: 0.58315 | loss: 0.699389029 | val_acc: 0.53700 | val_loss: 0.702765912 | Best epochs: 0079 | Best acc: 00.579200

 > Start epoch number: 92
	 >>> Epoch(s) 0092/0150 | acc: 0.64230 | loss: 0.694702160 | val_acc: 0.54140 | val_loss: 0.701910347 | Best epochs: 0079 | Best acc: 00.579200

 > Start epoch number: 93
	 >>> Epoch(s) 0093/0150 | acc: 0.67255 | loss: 0.691438520 | val_acc: 0.56540 | val_loss: 0.699776769 | Best epochs: 0079 | Best acc: 00.579200

 > Start epoch number: 94
	 >>> Epoch(s) 0094/0150 | acc: 0.69560 | loss: 0.689059591 | val_acc: 0.56660 | val_loss: 0.699257553 | Best epochs: 0079 | Best acc: 00.579200

 > Start epoch number: 95
	 >>> Epoch(s) 0095/0150 | acc: 0.69420 | loss: 0.688764143 | val_acc: 0.52920 | val_loss: 0.702917665 | Best epochs: 0079 | Best acc: 00.579200

 > Start epoch number: 96
	 >>> Epoch(s) 0096/0150 | acc: 0.67875 | loss: 0.689892733 | val_acc: 0.54920 | val_loss: 0.700279117 | Best epochs: 0079 | Best acc: 00.579200

 > Start epoch number: 97
	 >>> Epoch(s) 0097/0150 | acc: 0.70245 | loss: 0.687886965 | val_acc: 0.56400 | val_loss: 0.698847711 | Best epochs: 0079 | Best acc: 00.579200

 > Start epoch number: 98
	 >>> Epoch(s) 0098/0150 | acc: 0.69855 | loss: 0.688404822 | val_acc: 0.55400 | val_loss: 0.700040072 | Best epochs: 0079 | Best acc: 00.579200

 > Start epoch number: 99
	 >>> Epoch(s) 0099/0150 | acc: 0.70850 | loss: 0.687591386 | val_acc: 0.58340 | val_loss: 0.698411733 | Best epochs: 0099 | Best acc: 00.583400

 > Start epoch number: 100
	 >>> Epoch(s) 0100/0150 | acc: 0.70925 | loss: 0.687397480 | val_acc: 0.56320 | val_loss: 0.699632764 | Best epochs: 0099 | Best acc: 00.583400

 > Start epoch number: 101
	 >>> Epoch(s) 0101/0150 | acc: 0.72130 | loss: 0.686507499 | val_acc: 0.57980 | val_loss: 0.698467225 | Best epochs: 0099 | Best acc: 00.583400

 > Start epoch number: 102
	 >>> Epoch(s) 0102/0150 | acc: 0.71445 | loss: 0.686690736 | val_acc: 0.54140 | val_loss: 0.701027066 | Best epochs: 0099 | Best acc: 00.583400

 > Start epoch number: 103
	 >>> Epoch(s) 0103/0150 | acc: 0.69670 | loss: 0.688426590 | val_acc: 0.56420 | val_loss: 0.699157625 | Best epochs: 0099 | Best acc: 00.583400

 > Start epoch number: 104
	 >>> Epoch(s) 0104/0150 | acc: 0.67420 | loss: 0.690868318 | val_acc: 0.55360 | val_loss: 0.700721532 | Best epochs: 0099 | Best acc: 00.583400

 > Start epoch number: 105
	 >>> Epoch(s) 0105/0150 | acc: 0.69220 | loss: 0.689459705 | val_acc: 0.56180 | val_loss: 0.699551195 | Best epochs: 0099 | Best acc: 00.583400

 > Start epoch number: 106
	 >>> Epoch(s) 0106/0150 | acc: 0.71210 | loss: 0.687620902 | val_acc: 0.56360 | val_loss: 0.699723333 | Best epochs: 0099 | Best acc: 00.583400

 > Start epoch number: 107
	 >>> Epoch(s) 0107/0150 | acc: 0.70395 | loss: 0.688255751 | val_acc: 0.53320 | val_loss: 0.701487005 | Best epochs: 0099 | Best acc: 00.583400

 > Start epoch number: 108
	 >>> Epoch(s) 0108/0150 | acc: 0.67370 | loss: 0.690659571 | val_acc: 0.56280 | val_loss: 0.700225234 | Best epochs: 0099 | Best acc: 00.583400

 > Start epoch number: 109
	 >>> Epoch(s) 0109/0150 | acc: 0.70070 | loss: 0.688441527 | val_acc: 0.55180 | val_loss: 0.700807780 | Best epochs: 0099 | Best acc: 00.583400

 > Start epoch number: 110
	 >>> Epoch(s) 0110/0150 | acc: 0.68330 | loss: 0.689983726 | val_acc: 0.57980 | val_loss: 0.698504269 | Best epochs: 0099 | Best acc: 00.583400

 > Start epoch number: 111
	 >>> Epoch(s) 0111/0150 | acc: 0.72260 | loss: 0.686738992 | val_acc: 0.55660 | val_loss: 0.700100839 | Best epochs: 0099 | Best acc: 00.583400

 > Start epoch number: 112
	 >>> Epoch(s) 0112/0150 | acc: 0.72720 | loss: 0.686012566 | val_acc: 0.55260 | val_loss: 0.699485689 | Best epochs: 0099 | Best acc: 00.583400

 > Start epoch number: 113
	 >>> Epoch(s) 0113/0150 | acc: 0.71165 | loss: 0.687269175 | val_acc: 0.55800 | val_loss: 0.699223489 | Best epochs: 0099 | Best acc: 00.583400

 > Start epoch number: 114
	 >>> Epoch(s) 0114/0150 | acc: 0.72165 | loss: 0.686237264 | val_acc: 0.56560 | val_loss: 0.699918211 | Best epochs: 0099 | Best acc: 00.583400

 > Start epoch number: 115
	 >>> Epoch(s) 0115/0150 | acc: 0.72975 | loss: 0.685701525 | val_acc: 0.58600 | val_loss: 0.698610663 | Best epochs: 0115 | Best acc: 00.586000

 > Start epoch number: 116
	 >>> Epoch(s) 0116/0150 | acc: 0.73840 | loss: 0.684874880 | val_acc: 0.54940 | val_loss: 0.700482786 | Best epochs: 0115 | Best acc: 00.586000

 > Start epoch number: 117
	 >>> Epoch(s) 0117/0150 | acc: 0.70650 | loss: 0.687335777 | val_acc: 0.55720 | val_loss: 0.700318962 | Best epochs: 0115 | Best acc: 00.586000

 > Start epoch number: 118
	 >>> Epoch(s) 0118/0150 | acc: 0.71180 | loss: 0.687271249 | val_acc: 0.54720 | val_loss: 0.700541705 | Best epochs: 0115 | Best acc: 00.586000

 > Start epoch number: 119
	 >>> Epoch(s) 0119/0150 | acc: 0.72235 | loss: 0.686621344 | val_acc: 0.53860 | val_loss: 0.701314390 | Best epochs: 0115 | Best acc: 00.586000

 > Start epoch number: 120
	 >>> Epoch(s) 0120/0150 | acc: 0.72515 | loss: 0.686277974 | val_acc: 0.54500 | val_loss: 0.701378614 | Best epochs: 0115 | Best acc: 00.586000

 > Start epoch number: 121
	 >>> Epoch(s) 0121/0150 | acc: 0.72650 | loss: 0.685961115 | val_acc: 0.58100 | val_loss: 0.697701037 | Best epochs: 0115 | Best acc: 00.586000

 > Start epoch number: 122
	 >>> Epoch(s) 0122/0150 | acc: 0.73030 | loss: 0.685662079 | val_acc: 0.56080 | val_loss: 0.700508565 | Best epochs: 0115 | Best acc: 00.586000

 > Start epoch number: 123
	 >>> Epoch(s) 0123/0150 | acc: 0.71190 | loss: 0.687355351 | val_acc: 0.53340 | val_loss: 0.702135891 | Best epochs: 0115 | Best acc: 00.586000

 > Start epoch number: 124
	 >>> Epoch(s) 0124/0150 | acc: 0.68840 | loss: 0.689369130 | val_acc: 0.55380 | val_loss: 0.700995803 | Best epochs: 0115 | Best acc: 00.586000

 > Start epoch number: 125
	 >>> Epoch(s) 0125/0150 | acc: 0.72820 | loss: 0.686244822 | val_acc: 0.57280 | val_loss: 0.699524134 | Best epochs: 0115 | Best acc: 00.586000

 > Start epoch number: 126
	 >>> Epoch(s) 0126/0150 | acc: 0.75540 | loss: 0.683947897 | val_acc: 0.58640 | val_loss: 0.697744489 | Best epochs: 0126 | Best acc: 00.586400

 > Start epoch number: 127
	 >>> Epoch(s) 0127/0150 | acc: 0.77355 | loss: 0.681961000 | val_acc: 0.58780 | val_loss: 0.697203010 | Best epochs: 0127 | Best acc: 00.587800

 > Start epoch number: 128
	 >>> Epoch(s) 0128/0150 | acc: 0.75715 | loss: 0.682897794 | val_acc: 0.55420 | val_loss: 0.700018495 | Best epochs: 0127 | Best acc: 00.587800

 > Start epoch number: 129
	 >>> Epoch(s) 0129/0150 | acc: 0.75775 | loss: 0.682862473 | val_acc: 0.57000 | val_loss: 0.699133515 | Best epochs: 0127 | Best acc: 00.587800

 > Start epoch number: 130
	 >>> Epoch(s) 0130/0150 | acc: 0.69105 | loss: 0.689218879 | val_acc: 0.54760 | val_loss: 0.701450795 | Best epochs: 0127 | Best acc: 00.587800

 > Start epoch number: 131
	 >>> Epoch(s) 0131/0150 | acc: 0.68130 | loss: 0.690517294 | val_acc: 0.54860 | val_loss: 0.701683044 | Best epochs: 0127 | Best acc: 00.587800

 > Start epoch number: 132
	 >>> Epoch(s) 0132/0150 | acc: 0.72610 | loss: 0.687015033 | val_acc: 0.57900 | val_loss: 0.698215306 | Best epochs: 0127 | Best acc: 00.587800

 > Start epoch number: 133
	 >>> Epoch(s) 0133/0150 | acc: 0.75110 | loss: 0.684379113 | val_acc: 0.57580 | val_loss: 0.698911488 | Best epochs: 0127 | Best acc: 00.587800

 > Start epoch number: 134
	 >>> Epoch(s) 0134/0150 | acc: 0.76730 | loss: 0.682524657 | val_acc: 0.55760 | val_loss: 0.700363398 | Best epochs: 0127 | Best acc: 00.587800

 > Start epoch number: 135
	 >>> Epoch(s) 0135/0150 | acc: 0.71290 | loss: 0.686868191 | val_acc: 0.55780 | val_loss: 0.699570030 | Best epochs: 0127 | Best acc: 00.587800

 > Start epoch number: 136
	 >>> Epoch(s) 0136/0150 | acc: 0.73425 | loss: 0.685336149 | val_acc: 0.53300 | val_loss: 0.701783717 | Best epochs: 0127 | Best acc: 00.587800

 > Start epoch number: 137
	 >>> Epoch(s) 0137/0150 | acc: 0.65355 | loss: 0.692617941 | val_acc: 0.55700 | val_loss: 0.700044572 | Best epochs: 0127 | Best acc: 00.587800

 > Start epoch number: 138
	 >>> Epoch(s) 0138/0150 | acc: 0.70770 | loss: 0.688742137 | val_acc: 0.57080 | val_loss: 0.699277222 | Best epochs: 0127 | Best acc: 00.587800

 > Start epoch number: 139
	 >>> Epoch(s) 0139/0150 | acc: 0.74850 | loss: 0.685007274 | val_acc: 0.56600 | val_loss: 0.699545503 | Best epochs: 0127 | Best acc: 00.587800

 > Start epoch number: 140
	 >>> Epoch(s) 0140/0150 | acc: 0.75095 | loss: 0.684351408 | val_acc: 0.57340 | val_loss: 0.698864281 | Best epochs: 0127 | Best acc: 00.587800

 > Start epoch number: 141
	 >>> Epoch(s) 0141/0150 | acc: 0.75380 | loss: 0.683783388 | val_acc: 0.56660 | val_loss: 0.699519604 | Best epochs: 0127 | Best acc: 00.587800

 > Start epoch number: 142
	 >>> Epoch(s) 0142/0150 | acc: 0.73445 | loss: 0.685121906 | val_acc: 0.55040 | val_loss: 0.700470090 | Best epochs: 0127 | Best acc: 00.587800

 > Start epoch number: 143
	 >>> Epoch(s) 0143/0150 | acc: 0.73045 | loss: 0.685728633 | val_acc: 0.54000 | val_loss: 0.701677173 | Best epochs: 0127 | Best acc: 00.587800

 > Start epoch number: 144
	 >>> Epoch(s) 0144/0150 | acc: 0.70045 | loss: 0.688620138 | val_acc: 0.53180 | val_loss: 0.701953083 | Best epochs: 0127 | Best acc: 00.587800

 > Start epoch number: 145
	 >>> Epoch(s) 0145/0150 | acc: 0.70340 | loss: 0.688589394 | val_acc: 0.55700 | val_loss: 0.701430172 | Best epochs: 0127 | Best acc: 00.587800

 > Start epoch number: 146
	 >>> Epoch(s) 0146/0150 | acc: 0.73145 | loss: 0.686322260 | val_acc: 0.56980 | val_loss: 0.699186295 | Best epochs: 0127 | Best acc: 00.587800

 > Start epoch number: 147
	 >>> Epoch(s) 0147/0150 | acc: 0.74200 | loss: 0.685015535 | val_acc: 0.57960 | val_loss: 0.697941124 | Best epochs: 0127 | Best acc: 00.587800

 > Start epoch number: 148
	 >>> Epoch(s) 0148/0150 | acc: 0.76030 | loss: 0.683194292 | val_acc: 0.58740 | val_loss: 0.697367519 | Best epochs: 0127 | Best acc: 00.587800

 > Start epoch number: 149
	 >>> Epoch(s) 0149/0150 | acc: 0.75935 | loss: 0.683318722 | val_acc: 0.58100 | val_loss: 0.698565811 | Best epochs: 0127 | Best acc: 00.587800

 > Start epoch number: 150
	 >>> Epoch(s) 0150/0150 | acc: 0.76070 | loss: 0.682884729 | val_acc: 0.57220 | val_loss: 0.699049085 | Best epochs: 0127 | Best acc: 00.587800
Shape of preprocessed data: torch.Size([50000, 3, 32, 32])
Shape of preprocessed data: torch.Size([50000, 3, 32, 32])
Shape of preprocessed data: torch.Size([50000, 3, 32, 32])
SDEs for 10.0-gaussian-pertubed CIFAR10 = 0.6130777994791666
SDEs for 15.0-gaussian-pertubed CIFAR10 = 0.5736287434895834
SDEs for 20.0-gaussian-pertubed CIFAR10 = 0.5326334635416666
